Picked up _JAVA_OPTIONS:  -XX:+ExitOnOutOfMemoryError -XX:OnOutOfMemoryError="touch /h/gfaech01/digital/Digital_IC_Final_Project/donato_netlist/sdf_example_genus/work/verisium_debug_logs/out_of_memory_error" 
CompilerOracle: exclude javax/swing/text/GlyphView.getBreakSpot
CompilerOracle: exclude javax/swing/text/GlyphView.getBreakSpot
Loading libdac.so from /usr/cots/cadence/VERISIUMDEBUG2409/tools/lib/64bit/libdac.so


in 'SimConnect::_simcontrolConnect' overlay db = null, overlayH = 0, is valid = false, operation = dapOpen, duFilename = null, isLiveSim = true
in 'JDACTBDataProvider::notifyLiveConnectionDB', sessionId = 0


**** found lwd dir to be: /h/gfaech01/digital/Digital_IC_Final_Project/donato_netlist/sdf_example_genus/work/xcelium.d/worklib/tb/sv



**** found cdslib to be: /h/gfaech01/digital/Digital_IC_Final_Project/donato_netlist/sdf_example_genus/work/xcelium.d/run.d/cds.lib

in 'JDACTBDataProvider::notifyLiveConnectionDB', 'dbH' represents 'simulator' db.
PPEAttributes values:
    isAutofetch = false
    isPersistentSources = false
    isXprop = false
    cdslib = /h/gfaech01/digital/Digital_IC_Final_Project/donato_netlist/sdf_example_genus/work/xcelium.d/run.d/cds.lib
    snapshot = worklib.tb:sv
    workdir = /h/gfaech01/digital/Digital_IC_Final_Project/donato_netlist/sdf_example_genus/work
    xceliumDir = /h/gfaech01/digital/Digital_IC_Final_Project/donato_netlist/sdf_example_genus/work/xcelium.d
    rundDir = /h/gfaech01/digital/Digital_IC_Final_Project/donato_netlist/sdf_example_genus/work/xcelium.d/run.d
    bits = 64
    cds_implicit_tmpdir = 
    cds_alternate_tmpdir = 
    du_agent = 
    lwddir = /h/gfaech01/digital/Digital_IC_Final_Project/donato_netlist/sdf_example_genus/work/xcelium.d/worklib/tb/sv
    cds_alternate_cdslib = 
    elab_options = 
    found = true
    nclsRun = false
    includeCdslib = true
    nclsOpts =  -snapshot -cdslib /h/gfaech01/digital/Digital_IC_Final_Project/donato_netlist/sdf_example_genus/work/xcelium.d/run.d/cds.lib -64
    isMceMode = false
    isMceInvolved = false
    mceLshmDbPath = 
    lowPowerInformationAvailable = false
    hasLshmFile = false
    workdirIsDirectory = true
    hasOverlayRelatedInformation = true
    cds_implicit_tmplib = 
    cds_other_implicit_tmplibs = 


Dump DB Order:
Strap design: simulator #8

End of dump DB Order


### Excluding compile: javax.swing.text.GlyphView::getBreakSpot




Scripting Service started, listening on port 36285...


GOT COMMAND: 

*** shutting down gRPC server since JVM is shutting down
*** server shut down
