13:22:36:2236 [important] [FelixStartLevel] WARN  - InfoSource version is empty in getMajorMinorVersion()
13:22:36:2236 [important] [FelixStartLevel] WARN  - InfoSource version not found!! skipping relevant version checks
13:22:37:2237 [important] [FelixStartLevel] INFO  - xmsim gcc version is 9.3.0
13:22:37:2237 [important] [FelixStartLevel] INFO  - indago gcc version is 9.3.0
13:22:38:2238 [important] [TangoTaskManager-3] WARN  - An Indago Snapshot/LWD was not loaded. Scripting API functionality may be impacted.
13:22:40:2240 [com.cadence.smartlog.bl.common.SLUtils] [TangoTaskManager-5] INFO  - query: 
13:23:01:231 [user_actions] [AWT-EventQueue-0] DEBUG - refreshSchematicAttributes (SchematicActionsManager$24)

13:23:03:233 [user_actions] [AWT-EventQueue-0] DEBUG - LiveSimulationRefreshWaveform (GSLLiveSimulationRefreshWaveformAction)

13:23:03:233 [user_actions] [AWT-EventQueue-0] DEBUG - LiveSimulationRefreshWaveform (GSLLiveSimulationRefreshWaveformAction)

13:23:03:233 [user_actions] [AWT-EventQueue-0] DEBUG - LiveSimulationRefreshWaveform (GSLLiveSimulationRefreshWaveformAction)

13:23:11:2311 [user_actions] [AWT-EventQueue-0] DEBUG - Restore defaults (GUFIQuestionDialog$1)
	dialog = restoreLayoutsDialog (GUFIQuestionDialog)

13:23:13:2313 [important] [TangoTaskManager-3] INFO  - ScriptingActivator while loop has finished
13:23:40:2340 [user_actions] [AWT-EventQueue-0] DEBUG - refreshSchematicAttributes (SchematicActionsManager$24)

13:23:48:2348 [user_actions] [AWT-EventQueue-0] DEBUG - multiSourceTabControl0_tabCloseAction_0 (GUFITabHandlePanel$2)

13:23:52:2352 [user_actions] [AWT-EventQueue-0] DEBUG - showFiles (GSLOpenShowFilesAction)

13:24:03:243 [user_actions] [AWT-EventQueue-0] DEBUG - openFile (GSLLoadedFilesDialog$GSLLoadFilesAction)
	entity = top_tb.sv
	dialog = filesDialog (GSLLoadedFilesDialog)

13:24:21:2421 [user_actions] [AWT-EventQueue-0] DEBUG - syncToSim (GSLInteractiveRunPanel$2)

13:24:33:2433 [user_actions] [AWT-EventQueue-0] DEBUG - showIdentifierSource (GSLShowDeclarationSourceAction)
	source = designTopsTreeTable_topsSignalsTreeTable
	entity = top_tb.en

13:24:38:2438 [user_actions] [AWT-EventQueue-0] DEBUG - showIdentifierSource (GSLShowDeclarationSourceAction)
	source = designTopsTreeTable_topsSignalsTreeTable
	entity = top_tb.out_clk

13:24:46:2446 [user_actions] [AWT-EventQueue-0] DEBUG - showIdentifierSource (GSLShowDeclarationSourceAction)
	source = designTopsTreeTable_topsSignalsTreeTable
	entity = top_tb.ref_clk

13:25:00:250 [user_actions] [AWT-EventQueue-0] DEBUG - run (GSLInteractiveRunPanel$3)

13:25:00:250 [user_actions] [AWT-EventQueue-0] DEBUG - RUN_FORWARD (GSLDebugStepAction)

13:29:14:2914 [user_actions] [AWT-EventQueue-0] DEBUG - run (GSLInteractiveRunPanel$3)

13:29:14:2914 [user_actions] [AWT-EventQueue-0] DEBUG - LiveSimulationRefreshWaveform (GSLLiveSimulationRefreshWaveformAction)

13:29:41:2941 [user_actions] [AWT-EventQueue-0] DEBUG - multiSourceTabControl0_tabCloseAction_1 (GUFITabHandlePanel$2)

