
Finished executable startup (0 seconds elapsed).

Loading tool scripts...
Another Ctrl-C within 1 second will terminate the tool.
CURRENT RESOURCES: RT {elapsed: 2s, ST: 1s, FG: 1s, CPU: 100.0%}, MEM {curr: 3.8G, peak: 4.8G, phys curr: 0.2G, phys peak: 0.2G}, SYS {load: 39.6, cpu: 128, total: 502.8G, free: 185.2G}

Another Ctrl-C within 1 second will terminate the tool.
CURRENT RESOURCES: RT {elapsed: 3s, ST: 2s, FG: 2s, CPU: 100.0%}, MEM {curr: 3.8G, peak: 4.8G, phys curr: 0.2G, phys peak: 0.2G}, SYS {load: 39.6, cpu: 128, total: 502.8G, free: 185.2G}

Finished loading tool scripts (16 seconds elapsed).

***************************************************************************************
WARNING: R&D BUILD - use only as directed by your Cadence support team.
INFO:    The prefix [DEV] has been added to the prompt as a reminder of that situation.
***************************************************************************************

#@ Processing -execute option
@[DEV]genus:root: 1> encrypt -tcl coeGenusHelpers.tcl > coeGenusHelpers.enc; tcl_source coeGenusInit.tcl
  Setting attribute of root '/': 'flow_verbose' = false
  Setting attribute of root '/': 'metric_enable' = false
Warning : Partition Based Synthesis (PBS) is turned off. Expect very long runtime. [PBS-3]
  Setting attribute of root '/': 'partition_based_synthesis' = false
  Setting attribute of root '/': 'pbs_debug_level' = 0
  Setting attribute of root '/': 'tinfo_tstamp_file' = 
  Setting attribute of root '/': 'write_verification_files' = false
  Setting attribute of root '/': 'write_vlog_bit_blast_bus_connections' = true
  Setting attribute of root '/': 'write_vlog_line_wrap_limit' = 3990
  Setting attribute of root '/': 'metric_auto_capture' = false
  Setting attribute of root '/': 'power_unit' = nW
  Setting attribute of root '/': 'power_format' = %.4f
  Setting attribute of root '/': 'avoid_tied_inputs' = false
  Setting attribute of root '/': 'joules_silent' = true
  Setting attribute of root '/': 'read_lef_ver60' = true
  Setting attribute of root '/': 'exp_opt_generic_timing_area_aware' = false

  According to qrc_tech_file, there are total 12 routing layers [ V(6) / H(6) ]

Done reading qrc_tech_file


[15:48:45.062074] Periodic Lic check successful
[15:48:45.062074] Feature usage summary:
