xrun(64): 23.09-s001: (c) Copyright 1995-2023 Cadence Design Systems, Inc.
TOOL:	xrun(64)	23.09-s001: Started on May 03, 2026 at 12:58:54 EDT
xrun
	-sv
	-gui
	-64bit
	-lwdgen
	-access rwc
	-verisium
	+incdir+../rtl
	-top tb_netlist
	-f ../rtl/sdf_sim.vc
		+libext+.v+.sv+.vlib
		+incdir+/ee/166/CHIPKIT/ip/rtl_inc
		+incdir+/usr/cots/ip_libraries/tsmc/N16ADFP/stdcell/N16ADFP_StdCell/VERILOG/
		/usr/cots/ip_libraries/tsmc/N16ADFP/stdcell/N16ADFP_StdCell/VERILOG/N16ADFP_StdCell.v
		-y ../rtl/
		../rtl/ro_netlist-compile.v
		../rtl/tb_netlist.sv
	-l ./simulation.log
SOFTINCLUDE ../../affirma_ams/etc/dms/cds.lib
|
xrun: *W,DLCIML (/usr/cots/cadence/XCELIUM2309/tools/inca/files/cds.lib,13): cds.lib CDS.LIB file included multiple times '/usr/cots/cadence/XCELIUM2309/tools.lnx86/affirma_ams/etc/dms/cds.lib' (cds.lib command ignored).
Recompiling... reason: file '../rtl/tb_netlist.sv' is newer than expected.
	expected: Sun May  3 12:49:01 2026
	actual:   Sun May  3 12:58:17 2026
SOFTINCLUDE ../../affirma_ams/etc/dms/cds.lib
|
xmvlog: *W,DLCIML (/usr/cots/cadence/XCELIUM2309/tools/inca/files/cds.lib,13): cds.lib CDS.LIB file included multiple times '/usr/cots/cadence/XCELIUM2309/tools.lnx86/affirma_ams/etc/dms/cds.lib' (cds.lib command ignored).
file: ../rtl/tb_netlist.sv
	module worklib.tb_netlist:sv
		errors: 0, warnings: 0
xmvlog: *W,LIBNOU: Library "../rtl/" given but not used.
xmvlog: *W,SPDUSD: Include directory ../rtl given but not used.
xmvlog: *W,SPDUSD: Include directory /ee/166/CHIPKIT/ip/rtl_inc given but not used.
xmvlog: *W,SPDUSD: Include directory /usr/cots/ip_libraries/tsmc/N16ADFP/stdcell/N16ADFP_StdCell/VERILOG/ given but not used.
	Total errors/warnings found outside modules and primitives:
		errors: 0, warnings: 5
SOFTINCLUDE ../../affirma_ams/etc/dms/cds.lib
|
xmelab: *W,DLCIML (/usr/cots/cadence/XCELIUM2309/tools/inca/files/cds.lib,13): cds.lib CDS.LIB file included multiple times '/usr/cots/cadence/XCELIUM2309/tools.lnx86/affirma_ams/etc/dms/cds.lib' (cds.lib command ignored).
		Caching library 'worklib' ....... Done
	Elaborating the design hierarchy:
		Caching library 'worklib' ....... Done
	Top level design units:
		tb_netlist
SOFTINCLUDE ../../affirma_ams/etc/dms/cds.lib
|
xmsdfc: *W,DLCIML (/usr/cots/cadence/XCELIUM2309/tools/inca/files/cds.lib,13): cds.lib CDS.LIB file included multiple times '/usr/cots/cadence/XCELIUM2309/tools.lnx86/affirma_ams/etc/dms/cds.lib' (cds.lib command ignored).
	Reading SDF file from location "../data/ro_netlist.sdf"
    .CTRL(CTRL),
             |
xmelab: *W,CUVMPW (../rtl/tb_netlist.sv,17|13): port sizes differ in port connection(4/5) for the instance(tb_netlist) .
	Annotating SDF timing data:
		Compiled SDF file:     ro_netlist.sdf.X
		Log file:              
		Backannotation scope:  tb_netlist.ro_dut
		Configuration file:    
		MTM control:           MAXIMUM
		Scale factors:         
		Scale type:            
	Annotation completed successfully...
	SDF statistics: 
		 No. of Pathdelays = 273     	 No. of Disabled Pathdelays = 0        Annotated = 58.24% (159/273) 
		 No. of Tchecks    = 0       	 No. of Disabled Tchecks    = 0        Annotated = 0.00% (0/0) 
	Building instance overlay tables: .................... Done
	Generating native compiled code:
SOFTINCLUDE ../../affirma_ams/etc/dms/cds.lib
|
xmvlog_cg: *W,DLCIML (/usr/cots/cadence/XCELIUM2309/tools/inca/files/cds.lib,13): cds.lib CDS.LIB file included multiple times '/usr/cots/cadence/XCELIUM2309/tools.lnx86/affirma_ams/etc/dms/cds.lib' (cds.lib command ignored).
		worklib.tb_netlist:sv <0x7591083b>
			streams:  13, words: 19048
	Building instance specific data structures.
	Loading native compiled code:     .................... Done
	Design hierarchy summary:
		                 Instances  Unique
		Modules:                50       9
		UDPs:                   17       1
		Primitives:             50       3
		Timing outputs:         48       6
		Registers:              16      16
		Scalar wires:           53       -
		Expanded wires:          5       1
		Initial blocks:          2       2
		Parallel blocks:         1       1
		Pseudo assignments:      6       -
		Interconnect:           68       -
		Simulation timescale:  1ps
	Writing initial simulation snapshot: worklib.tb_netlist:sv
	Parallel LWD Data Generation
	Generating Debug Data:
		LWD Database path: (/h/gfaech01/digital/Digital_IC_Final_Project/donato_netlist/sdf_example_genus/work/xcelium.d/worklib/tb_netlist/sv/debug_db/tb_netlist)
		Power Aware Instances:                    0
		Liberty Instances:                        0
		Out Of Module References:                 0
		Assertions:                               0
		Liberty Information:
			PG Pins:	                  0
			Liberty Pins:	                  0
SOFTINCLUDE ../../affirma_ams/etc/dms/cds.lib
|
xmsim: *W,DLCIML (/usr/cots/cadence/XCELIUM2309/tools/inca/files/cds.lib,13): cds.lib CDS.LIB file included multiple times '/usr/cots/cadence/XCELIUM2309/tools.lnx86/affirma_ams/etc/dms/cds.lib' (cds.lib command ignored).
xmsim: *W,NOMTDGUI: Multi-Threaded Dumping is disabled for interactive debug mode.

-------------------------------------
Relinquished control to Verisium...
xcelium> 
xcelium> source /usr/cots/cadence/XCELIUM2309/tools/xcelium/files/xmsimrc
xcelium> 
xcelium> 
xcelium> run
Simulation complete via $finish(1) at time 3247 NS + 0
../rtl/tb_netlist.sv:102     $finish();
xcelium> 