Status keys: E excellent, G good, B bad, T terrible.
Memory values:
  total = Real memory of host
  progs = Real memory used by processes, including swappable cache
  used =  Real memory used by processes, excluding swappable cache
Started at: 26/05/04 14:28:10
dell52(0)    TMPDIR is : /data/qvu01/innovus_temp_4024049_dell52_qvu01_1mmfHe

==========  ========  ========================  ========================
Host        CPU         Memory (GB)             TMPDIR (GB)      (Mb/s)
name(id)    util %    total progs used  %used   total    avail    rate            
==========  ========  ===== ===== ===== ======  ========================
14:28:10
dell52(0)       35 E    502   310   231   46 E 5361.44  5065.12 E  N/A
14:29:10
dell52(0)       33 E    502   312   233   46 E 5361.44  5065.19 E 2048 E
dell52(1)       33 E    502   312   233   46 E    3.99     2.49 E  411 E
14:30:10
dell52(0)       31 E    502   311   232   46 E 5361.44  5065.90 E 2048 E
14:31:10
dell52(0)       32 E    502   317   237   47 E 5361.44  5064.08 E 2048 E
14:32:10
dell52(0)       32 E    502   318   237   47 E 5361.44  5064.09 E 2048 E
14:33:10
dell52(0)       32 E    502   318   237   47 E 5361.44  5064.08 E 2048 E
