
Cadence Innovus(TM) Implementation System.
Copyright 2024 Cadence Design Systems, Inc. All rights reserved worldwide.

Version:	v23.30-p003_1, built Thu Feb 1 14:17:36 PST 2024
Options:	
Date:		Mon May  4 14:16:49 2026
Host:		dell52 (x86_64 w/Linux 4.18.0-553.71.1.el8_10.x86_64) (32cores*128cpus*Intel(R) Xeon(R) Gold 6338 CPU @ 2.00GHz 49152KB)
OS:		Red Hat Enterprise Linux 8.10 (Ootpa)

License:
		[14:16:49.253898] Configured Lic search path (23.02-s003): 5280@vm-license1:27000@vm-license1

		invs	Innovus Implementation System	23.1	checkout succeeded
		8 CPU jobs allowed with the current license(s). Use setMultiCpuUsage to set your required CPU count.
Change the soft stacksize limit to 0.2%RAM (1029 mbytes). Set global soft_stack_size_limit to change the value.

**INFO:  MMMC transition support version v31-84 

<CMD> set_global _enable_mmmc_by_default_flow      $CTE::mmmc_default
<CMD> suppressMessage ENCEXT-2799
<CMD> win
<CMD> encMessage warning 0
Suppress "**WARN ..." messages.
<CMD> encMessage debug 0
<CMD> is_common_ui_mode
<CMD> restoreDesign /h/qvu01/EE166/1finalProject_placeandroute/Lab3_accel/work/top.route_opt.enc.dat top
#% Begin load design ... (date=05/04 14:17:24, mem=1741.3M)
Loading design 'top' saved by 'Innovus' '23.30-p003_1' on 'Mon May 4 14:16:25 2026'.
% Begin Load MMMC data ... (date=05/04 14:17:26, mem=1745.3M)
% End Load MMMC data ... (date=05/04 14:17:26, total cpu=0:00:00.0, real=0:00:00.0, peak res=1746.8M, current mem=1746.8M)
rc_worst_m40c rc_typ_25c rc_best_125c

Loading LEF file /h/qvu01/EE166/1finalProject_placeandroute/Lab3_accel/work/top.route_opt.enc.dat/libs/lef/N16ADFP_APR_Innovus_11M.10a.tlef ...

Loading LEF file /h/qvu01/EE166/1finalProject_placeandroute/Lab3_accel/work/top.route_opt.enc.dat/libs/lef/N16ADFP_StdCell.lef ...
Set DBUPerIGU to M1 pitch 180.
[14:17:26.080873] Periodic Lic check successful
[14:17:26.605192] Feature usage summary:
[14:17:26.605192] Innovus_Impl_System
[14:17:26.605193] Innovus_20nm_Opt

This command "restoreDesign /h/qvu01/EE166/1finalProject_placeandroute/Lab3_accel/work/top.route_opt.enc.dat ..." required an extra checkout of license invs_20nm.
Additional license(s) checked out: 1 'Innovus_20nm_Opt' license(s)

Loading LEF file /h/qvu01/EE166/1finalProject_placeandroute/Lab3_accel/work/top.route_opt.enc.dat/libs/lef/N16ADFP_SRAM_100a.lef ...
**WARN: (IMPLF-200):	Pin 'AA[0]' in macro 'TS6N16ADFPCLLLVTA32X32M2FWSHOD' has no ANTENNAGATEAREA value defined. The library data is incomplete and some process antenna rules will not be checked correctly.
Type 'man IMPLF-200' for more detail.
**WARN: (IMPLF-200):	Pin 'AA[1]' in macro 'TS6N16ADFPCLLLVTA32X32M2FWSHOD' has no ANTENNAGATEAREA value defined. The library data is incomplete and some process antenna rules will not be checked correctly.
Type 'man IMPLF-200' for more detail.
**WARN: (IMPLF-200):	Pin 'AA[2]' in macro 'TS6N16ADFPCLLLVTA32X32M2FWSHOD' has no ANTENNAGATEAREA value defined. The library data is incomplete and some process antenna rules will not be checked correctly.
Type 'man IMPLF-200' for more detail.
**WARN: (IMPLF-200):	Pin 'AA[3]' in macro 'TS6N16ADFPCLLLVTA32X32M2FWSHOD' has no ANTENNAGATEAREA value defined. The library data is incomplete and some process antenna rules will not be checked correctly.
Type 'man IMPLF-200' for more detail.
**WARN: (IMPLF-200):	Pin 'AA[4]' in macro 'TS6N16ADFPCLLLVTA32X32M2FWSHOD' has no ANTENNAGATEAREA value defined. The library data is incomplete and some process antenna rules will not be checked correctly.
Type 'man IMPLF-200' for more detail.
**WARN: (IMPLF-200):	Pin 'AB[0]' in macro 'TS6N16ADFPCLLLVTA32X32M2FWSHOD' has no ANTENNAGATEAREA value defined. The library data is incomplete and some process antenna rules will not be checked correctly.
Type 'man IMPLF-200' for more detail.
**WARN: (IMPLF-200):	Pin 'AB[1]' in macro 'TS6N16ADFPCLLLVTA32X32M2FWSHOD' has no ANTENNAGATEAREA value defined. The library data is incomplete and some process antenna rules will not be checked correctly.
Type 'man IMPLF-200' for more detail.
**WARN: (IMPLF-200):	Pin 'AB[2]' in macro 'TS6N16ADFPCLLLVTA32X32M2FWSHOD' has no ANTENNAGATEAREA value defined. The library data is incomplete and some process antenna rules will not be checked correctly.
Type 'man IMPLF-200' for more detail.
**WARN: (IMPLF-200):	Pin 'AB[3]' in macro 'TS6N16ADFPCLLLVTA32X32M2FWSHOD' has no ANTENNAGATEAREA value defined. The library data is incomplete and some process antenna rules will not be checked correctly.
Type 'man IMPLF-200' for more detail.
**WARN: (IMPLF-200):	Pin 'AB[4]' in macro 'TS6N16ADFPCLLLVTA32X32M2FWSHOD' has no ANTENNAGATEAREA value defined. The library data is incomplete and some process antenna rules will not be checked correctly.
Type 'man IMPLF-200' for more detail.
**WARN: (IMPLF-200):	Pin 'BWEB[0]' in macro 'TS6N16ADFPCLLLVTA32X32M2FWSHOD' has no ANTENNAGATEAREA value defined. The library data is incomplete and some process antenna rules will not be checked correctly.
Type 'man IMPLF-200' for more detail.
**WARN: (IMPLF-200):	Pin 'BWEB[1]' in macro 'TS6N16ADFPCLLLVTA32X32M2FWSHOD' has no ANTENNAGATEAREA value defined. The library data is incomplete and some process antenna rules will not be checked correctly.
Type 'man IMPLF-200' for more detail.
**WARN: (IMPLF-200):	Pin 'BWEB[2]' in macro 'TS6N16ADFPCLLLVTA32X32M2FWSHOD' has no ANTENNAGATEAREA value defined. The library data is incomplete and some process antenna rules will not be checked correctly.
Type 'man IMPLF-200' for more detail.
**WARN: (IMPLF-200):	Pin 'BWEB[3]' in macro 'TS6N16ADFPCLLLVTA32X32M2FWSHOD' has no ANTENNAGATEAREA value defined. The library data is incomplete and some process antenna rules will not be checked correctly.
Type 'man IMPLF-200' for more detail.
**WARN: (IMPLF-200):	Pin 'BWEB[4]' in macro 'TS6N16ADFPCLLLVTA32X32M2FWSHOD' has no ANTENNAGATEAREA value defined. The library data is incomplete and some process antenna rules will not be checked correctly.
Type 'man IMPLF-200' for more detail.
**WARN: (IMPLF-200):	Pin 'BWEB[5]' in macro 'TS6N16ADFPCLLLVTA32X32M2FWSHOD' has no ANTENNAGATEAREA value defined. The library data is incomplete and some process antenna rules will not be checked correctly.
Type 'man IMPLF-200' for more detail.
**WARN: (IMPLF-200):	Pin 'BWEB[6]' in macro 'TS6N16ADFPCLLLVTA32X32M2FWSHOD' has no ANTENNAGATEAREA value defined. The library data is incomplete and some process antenna rules will not be checked correctly.
Type 'man IMPLF-200' for more detail.
**WARN: (IMPLF-200):	Pin 'BWEB[7]' in macro 'TS6N16ADFPCLLLVTA32X32M2FWSHOD' has no ANTENNAGATEAREA value defined. The library data is incomplete and some process antenna rules will not be checked correctly.
Type 'man IMPLF-200' for more detail.
**WARN: (IMPLF-200):	Pin 'BWEB[8]' in macro 'TS6N16ADFPCLLLVTA32X32M2FWSHOD' has no ANTENNAGATEAREA value defined. The library data is incomplete and some process antenna rules will not be checked correctly.
Type 'man IMPLF-200' for more detail.
**WARN: (IMPLF-200):	Pin 'BWEB[9]' in macro 'TS6N16ADFPCLLLVTA32X32M2FWSHOD' has no ANTENNAGATEAREA value defined. The library data is incomplete and some process antenna rules will not be checked correctly.
Type 'man IMPLF-200' for more detail.
**WARN: (EMS-27):	Message (IMPLF-200) has exceeded the current message display limit of 20.
To increase the message display limit, refer to the product command reference manual.
**WARN: (IMPLF-201):	Pin 'PUDELAY' in macro 'TS6N16ADFPCLLLVTA32X32M2FWSHOD' has no ANTENNADIFFAREA value defined. The library data is incomplete and some process antenna rules will not be checked correctly.
Type 'man IMPLF-201' for more detail.
**WARN: (IMPLF-201):	Pin 'Q[0]' in macro 'TS6N16ADFPCLLLVTA32X32M2FWSHOD' has no ANTENNADIFFAREA value defined. The library data is incomplete and some process antenna rules will not be checked correctly.
Type 'man IMPLF-201' for more detail.
**WARN: (IMPLF-201):	Pin 'Q[1]' in macro 'TS6N16ADFPCLLLVTA32X32M2FWSHOD' has no ANTENNADIFFAREA value defined. The library data is incomplete and some process antenna rules will not be checked correctly.
Type 'man IMPLF-201' for more detail.
**WARN: (IMPLF-201):	Pin 'Q[2]' in macro 'TS6N16ADFPCLLLVTA32X32M2FWSHOD' has no ANTENNADIFFAREA value defined. The library data is incomplete and some process antenna rules will not be checked correctly.
Type 'man IMPLF-201' for more detail.
**WARN: (IMPLF-201):	Pin 'Q[3]' in macro 'TS6N16ADFPCLLLVTA32X32M2FWSHOD' has no ANTENNADIFFAREA value defined. The library data is incomplete and some process antenna rules will not be checked correctly.
Type 'man IMPLF-201' for more detail.
**WARN: (IMPLF-201):	Pin 'Q[4]' in macro 'TS6N16ADFPCLLLVTA32X32M2FWSHOD' has no ANTENNADIFFAREA value defined. The library data is incomplete and some process antenna rules will not be checked correctly.
Type 'man IMPLF-201' for more detail.
**WARN: (IMPLF-201):	Pin 'Q[5]' in macro 'TS6N16ADFPCLLLVTA32X32M2FWSHOD' has no ANTENNADIFFAREA value defined. The library data is incomplete and some process antenna rules will not be checked correctly.
Type 'man IMPLF-201' for more detail.
**WARN: (IMPLF-201):	Pin 'Q[6]' in macro 'TS6N16ADFPCLLLVTA32X32M2FWSHOD' has no ANTENNADIFFAREA value defined. The library data is incomplete and some process antenna rules will not be checked correctly.
Type 'man IMPLF-201' for more detail.
**WARN: (IMPLF-201):	Pin 'Q[7]' in macro 'TS6N16ADFPCLLLVTA32X32M2FWSHOD' has no ANTENNADIFFAREA value defined. The library data is incomplete and some process antenna rules will not be checked correctly.
Type 'man IMPLF-201' for more detail.
**WARN: (IMPLF-201):	Pin 'Q[8]' in macro 'TS6N16ADFPCLLLVTA32X32M2FWSHOD' has no ANTENNADIFFAREA value defined. The library data is incomplete and some process antenna rules will not be checked correctly.
Type 'man IMPLF-201' for more detail.
**WARN: (IMPLF-201):	Pin 'Q[9]' in macro 'TS6N16ADFPCLLLVTA32X32M2FWSHOD' has no ANTENNADIFFAREA value defined. The library data is incomplete and some process antenna rules will not be checked correctly.
Type 'man IMPLF-201' for more detail.
**WARN: (IMPLF-201):	Pin 'Q[10]' in macro 'TS6N16ADFPCLLLVTA32X32M2FWSHOD' has no ANTENNADIFFAREA value defined. The library data is incomplete and some process antenna rules will not be checked correctly.
Type 'man IMPLF-201' for more detail.
**WARN: (IMPLF-201):	Pin 'Q[11]' in macro 'TS6N16ADFPCLLLVTA32X32M2FWSHOD' has no ANTENNADIFFAREA value defined. The library data is incomplete and some process antenna rules will not be checked correctly.
Type 'man IMPLF-201' for more detail.
**WARN: (IMPLF-201):	Pin 'Q[12]' in macro 'TS6N16ADFPCLLLVTA32X32M2FWSHOD' has no ANTENNADIFFAREA value defined. The library data is incomplete and some process antenna rules will not be checked correctly.
Type 'man IMPLF-201' for more detail.
**WARN: (IMPLF-201):	Pin 'Q[13]' in macro 'TS6N16ADFPCLLLVTA32X32M2FWSHOD' has no ANTENNADIFFAREA value defined. The library data is incomplete and some process antenna rules will not be checked correctly.
Type 'man IMPLF-201' for more detail.
**WARN: (IMPLF-201):	Pin 'Q[14]' in macro 'TS6N16ADFPCLLLVTA32X32M2FWSHOD' has no ANTENNADIFFAREA value defined. The library data is incomplete and some process antenna rules will not be checked correctly.
Type 'man IMPLF-201' for more detail.
**WARN: (IMPLF-201):	Pin 'Q[15]' in macro 'TS6N16ADFPCLLLVTA32X32M2FWSHOD' has no ANTENNADIFFAREA value defined. The library data is incomplete and some process antenna rules will not be checked correctly.
Type 'man IMPLF-201' for more detail.
**WARN: (IMPLF-201):	Pin 'Q[16]' in macro 'TS6N16ADFPCLLLVTA32X32M2FWSHOD' has no ANTENNADIFFAREA value defined. The library data is incomplete and some process antenna rules will not be checked correctly.
Type 'man IMPLF-201' for more detail.
**WARN: (IMPLF-201):	Pin 'Q[17]' in macro 'TS6N16ADFPCLLLVTA32X32M2FWSHOD' has no ANTENNADIFFAREA value defined. The library data is incomplete and some process antenna rules will not be checked correctly.
Type 'man IMPLF-201' for more detail.
**WARN: (IMPLF-201):	Pin 'Q[18]' in macro 'TS6N16ADFPCLLLVTA32X32M2FWSHOD' has no ANTENNADIFFAREA value defined. The library data is incomplete and some process antenna rules will not be checked correctly.
Type 'man IMPLF-201' for more detail.
**WARN: (EMS-27):	Message (IMPLF-201) has exceeded the current message display limit of 20.
To increase the message display limit, refer to the product command reference manual.

##  Check design process and node:  
##  Both design process and tech node are not set.

Loading view definition file from /h/qvu01/EE166/1finalProject_placeandroute/Lab3_accel/work/top.route_opt.enc.dat/viewDefinition.tcl
Reading ss_0p72v_m40c_lib_set timing library '/usr/cots/ip_libraries/tsmc/N16ADFP/stdcell/N16ADFP_StdCell/CCS/N16ADFP_StdCellss0p72vm40c_ccs.lib' ...
**WARN: (TECHLIB-1277):	The attribute 'max_capacitance' has been defined for internal pin 'INTERNAL'. 'max_capacitance' cannot be defined at this level and is being ignored. (File /usr/cots/ip_libraries/tsmc/N16ADFP/stdcell/N16ADFP_StdCell/CCS/N16ADFP_StdCellss0p72vm40c_ccs.lib, Line 6263802)
**WARN: (TECHLIB-1277):	The attribute 'min_capacitance' has been defined for internal pin 'INTERNAL'. 'min_capacitance' cannot be defined at this level and is being ignored. (File /usr/cots/ip_libraries/tsmc/N16ADFP/stdcell/N16ADFP_StdCell/CCS/N16ADFP_StdCellss0p72vm40c_ccs.lib, Line 6263803)
**WARN: (TECHLIB-1277):	The attribute 'max_capacitance' has been defined for internal pin 'INTERNAL'. 'max_capacitance' cannot be defined at this level and is being ignored. (File /usr/cots/ip_libraries/tsmc/N16ADFP/stdcell/N16ADFP_StdCell/CCS/N16ADFP_StdCellss0p72vm40c_ccs.lib, Line 6265912)
**WARN: (TECHLIB-1277):	The attribute 'min_capacitance' has been defined for internal pin 'INTERNAL'. 'min_capacitance' cannot be defined at this level and is being ignored. (File /usr/cots/ip_libraries/tsmc/N16ADFP/stdcell/N16ADFP_StdCell/CCS/N16ADFP_StdCellss0p72vm40c_ccs.lib, Line 6265913)
**WARN: (TECHLIB-302):	No function defined for cell 'TAPCELLBWP20P90_VPP_VSS'. The cell will only be used for analysis. (File /usr/cots/ip_libraries/tsmc/N16ADFP/stdcell/N16ADFP_StdCell/CCS/N16ADFP_StdCellss0p72vm40c_ccs.lib)
**WARN: (TECHLIB-302):	No function defined for cell 'TAPCELLBWP20P90_VPP_VBB'. The cell will only be used for analysis. (File /usr/cots/ip_libraries/tsmc/N16ADFP/stdcell/N16ADFP_StdCell/CCS/N16ADFP_StdCellss0p72vm40c_ccs.lib)
**WARN: (TECHLIB-302):	No function defined for cell 'TAPCELLBWP20P90LVT_VPP_VSS'. The cell will only be used for analysis. (File /usr/cots/ip_libraries/tsmc/N16ADFP/stdcell/N16ADFP_StdCell/CCS/N16ADFP_StdCellss0p72vm40c_ccs.lib)
**WARN: (TECHLIB-302):	No function defined for cell 'TAPCELLBWP20P90LVT_VPP_VBB'. The cell will only be used for analysis. (File /usr/cots/ip_libraries/tsmc/N16ADFP/stdcell/N16ADFP_StdCell/CCS/N16ADFP_StdCellss0p72vm40c_ccs.lib)
**WARN: (TECHLIB-302):	No function defined for cell 'TAPCELLBWP20P90LVT'. The cell will only be used for analysis. (File /usr/cots/ip_libraries/tsmc/N16ADFP/stdcell/N16ADFP_StdCell/CCS/N16ADFP_StdCellss0p72vm40c_ccs.lib)
**WARN: (TECHLIB-302):	No function defined for cell 'TAPCELLBWP20P90'. The cell will only be used for analysis. (File /usr/cots/ip_libraries/tsmc/N16ADFP/stdcell/N16ADFP_StdCell/CCS/N16ADFP_StdCellss0p72vm40c_ccs.lib)
**WARN: (TECHLIB-302):	No function defined for cell 'TAPCELLBWP16P90_VPP_VSS'. The cell will only be used for analysis. (File /usr/cots/ip_libraries/tsmc/N16ADFP/stdcell/N16ADFP_StdCell/CCS/N16ADFP_StdCellss0p72vm40c_ccs.lib)
**WARN: (TECHLIB-302):	No function defined for cell 'TAPCELLBWP16P90_VPP_VBB'. The cell will only be used for analysis. (File /usr/cots/ip_libraries/tsmc/N16ADFP/stdcell/N16ADFP_StdCell/CCS/N16ADFP_StdCellss0p72vm40c_ccs.lib)
**WARN: (TECHLIB-302):	No function defined for cell 'TAPCELLBWP16P90LVT_VPP_VSS'. The cell will only be used for analysis. (File /usr/cots/ip_libraries/tsmc/N16ADFP/stdcell/N16ADFP_StdCell/CCS/N16ADFP_StdCellss0p72vm40c_ccs.lib)
**WARN: (TECHLIB-302):	No function defined for cell 'TAPCELLBWP16P90LVT_VPP_VBB'. The cell will only be used for analysis. (File /usr/cots/ip_libraries/tsmc/N16ADFP/stdcell/N16ADFP_StdCell/CCS/N16ADFP_StdCellss0p72vm40c_ccs.lib)
**WARN: (TECHLIB-302):	No function defined for cell 'TAPCELLBWP16P90LVT'. The cell will only be used for analysis. (File /usr/cots/ip_libraries/tsmc/N16ADFP/stdcell/N16ADFP_StdCell/CCS/N16ADFP_StdCellss0p72vm40c_ccs.lib)
**WARN: (TECHLIB-302):	No function defined for cell 'TAPCELLBWP16P90'. The cell will only be used for analysis. (File /usr/cots/ip_libraries/tsmc/N16ADFP/stdcell/N16ADFP_StdCell/CCS/N16ADFP_StdCellss0p72vm40c_ccs.lib)
**WARN: (TECHLIB-302):	No function defined for cell 'FILL8BWP20P90LVT'. The cell will only be used for analysis. (File /usr/cots/ip_libraries/tsmc/N16ADFP/stdcell/N16ADFP_StdCell/CCS/N16ADFP_StdCellss0p72vm40c_ccs.lib)
**WARN: (TECHLIB-302):	No function defined for cell 'FILL8BWP20P90'. The cell will only be used for analysis. (File /usr/cots/ip_libraries/tsmc/N16ADFP/stdcell/N16ADFP_StdCell/CCS/N16ADFP_StdCellss0p72vm40c_ccs.lib)
**WARN: (TECHLIB-302):	No function defined for cell 'FILL8BWP16P90LVT'. The cell will only be used for analysis. (File /usr/cots/ip_libraries/tsmc/N16ADFP/stdcell/N16ADFP_StdCell/CCS/N16ADFP_StdCellss0p72vm40c_ccs.lib)
**WARN: (TECHLIB-302):	No function defined for cell 'FILL8BWP16P90'. The cell will only be used for analysis. (File /usr/cots/ip_libraries/tsmc/N16ADFP/stdcell/N16ADFP_StdCell/CCS/N16ADFP_StdCellss0p72vm40c_ccs.lib)
**WARN: (TECHLIB-302):	No function defined for cell 'FILL64BWP20P90LVT'. The cell will only be used for analysis. (File /usr/cots/ip_libraries/tsmc/N16ADFP/stdcell/N16ADFP_StdCell/CCS/N16ADFP_StdCellss0p72vm40c_ccs.lib)
**WARN: (TECHLIB-302):	No function defined for cell 'FILL64BWP20P90'. The cell will only be used for analysis. (File /usr/cots/ip_libraries/tsmc/N16ADFP/stdcell/N16ADFP_StdCell/CCS/N16ADFP_StdCellss0p72vm40c_ccs.lib)
**WARN: (TECHLIB-302):	No function defined for cell 'FILL64BWP16P90LVT'. The cell will only be used for analysis. (File /usr/cots/ip_libraries/tsmc/N16ADFP/stdcell/N16ADFP_StdCell/CCS/N16ADFP_StdCellss0p72vm40c_ccs.lib)
**WARN: (TECHLIB-302):	No function defined for cell 'FILL64BWP16P90'. The cell will only be used for analysis. (File /usr/cots/ip_libraries/tsmc/N16ADFP/stdcell/N16ADFP_StdCell/CCS/N16ADFP_StdCellss0p72vm40c_ccs.lib)
Message <TECHLIB-302> has exceeded the message display limit of '20'. Use 'set_message -no_limit -id list_of_msgIDs' to reset the message limit.
Read 1480 cells in library 'N16ADFP_StdCellss0p72vm40c_ccs' 
Reading ss_0p72v_m40c_lib_set timing library '/usr/cots/ip_libraries/tsmc/N16ADFP/sram/N16ADFP_SRAM/NLDM/N16ADFP_SRAM_ss0p72v0p72vm40c_100a.lib' ...
**WARN: (TECHLIB-905):	Found a function attribute specified on pin 'PUDELAY' with 'interface_timing' attribute set to true on cell 'TS1N16ADFPCLLLVTA128X64M4SWSHOD'. As per the liberty standard, a function attribute should not be specified for a cell which has interface_timing attribute set to true. This function attribute will be ignored. (File /usr/cots/ip_libraries/tsmc/N16ADFP/sram/N16ADFP_SRAM/NLDM/N16ADFP_SRAM_ss0p72v0p72vm40c_100a.lib)
**WARN: (TECHLIB-905):	Found a function attribute specified on pin 'PUDELAY' with 'interface_timing' attribute set to true on cell 'TS1N16ADFPCLLLVTA16X88M2SWSHOD'. As per the liberty standard, a function attribute should not be specified for a cell which has interface_timing attribute set to true. This function attribute will be ignored. (File /usr/cots/ip_libraries/tsmc/N16ADFP/sram/N16ADFP_SRAM/NLDM/N16ADFP_SRAM_ss0p72v0p72vm40c_100a.lib)
**WARN: (TECHLIB-905):	Found a function attribute specified on pin 'PUDELAY' with 'interface_timing' attribute set to true on cell 'TS1N16ADFPCLLLVTA16X96M2SWSHOD'. As per the liberty standard, a function attribute should not be specified for a cell which has interface_timing attribute set to true. This function attribute will be ignored. (File /usr/cots/ip_libraries/tsmc/N16ADFP/sram/N16ADFP_SRAM/NLDM/N16ADFP_SRAM_ss0p72v0p72vm40c_100a.lib)
**WARN: (TECHLIB-905):	Found a function attribute specified on pin 'PUDELAY' with 'interface_timing' attribute set to true on cell 'TS1N16ADFPCLLLVTA512X45M4SWSHOD'. As per the liberty standard, a function attribute should not be specified for a cell which has interface_timing attribute set to true. This function attribute will be ignored. (File /usr/cots/ip_libraries/tsmc/N16ADFP/sram/N16ADFP_SRAM/NLDM/N16ADFP_SRAM_ss0p72v0p72vm40c_100a.lib)
**WARN: (TECHLIB-905):	Found a function attribute specified on pin 'PUDELAY' with 'interface_timing' attribute set to true on cell 'TS6N16ADFPCLLLVTA128X32M4FWSHOD'. As per the liberty standard, a function attribute should not be specified for a cell which has interface_timing attribute set to true. This function attribute will be ignored. (File /usr/cots/ip_libraries/tsmc/N16ADFP/sram/N16ADFP_SRAM/NLDM/N16ADFP_SRAM_ss0p72v0p72vm40c_100a.lib)
**WARN: (TECHLIB-905):	Found a function attribute specified on pin 'PUDELAY' with 'interface_timing' attribute set to true on cell 'TS6N16ADFPCLLLVTA128X64M4FWSHOD'. As per the liberty standard, a function attribute should not be specified for a cell which has interface_timing attribute set to true. This function attribute will be ignored. (File /usr/cots/ip_libraries/tsmc/N16ADFP/sram/N16ADFP_SRAM/NLDM/N16ADFP_SRAM_ss0p72v0p72vm40c_100a.lib)
**WARN: (TECHLIB-905):	Found a function attribute specified on pin 'PUDELAY' with 'interface_timing' attribute set to true on cell 'TS6N16ADFPCLLLVTA16X120M2FWSHOD'. As per the liberty standard, a function attribute should not be specified for a cell which has interface_timing attribute set to true. This function attribute will be ignored. (File /usr/cots/ip_libraries/tsmc/N16ADFP/sram/N16ADFP_SRAM/NLDM/N16ADFP_SRAM_ss0p72v0p72vm40c_100a.lib)
**WARN: (TECHLIB-905):	Found a function attribute specified on pin 'PUDELAY' with 'interface_timing' attribute set to true on cell 'TS6N16ADFPCLLLVTA16X32M2FWSHOD'. As per the liberty standard, a function attribute should not be specified for a cell which has interface_timing attribute set to true. This function attribute will be ignored. (File /usr/cots/ip_libraries/tsmc/N16ADFP/sram/N16ADFP_SRAM/NLDM/N16ADFP_SRAM_ss0p72v0p72vm40c_100a.lib)
**WARN: (TECHLIB-905):	Found a function attribute specified on pin 'PUDELAY' with 'interface_timing' attribute set to true on cell 'TS6N16ADFPCLLLVTA16X72M2FWSHOD'. As per the liberty standard, a function attribute should not be specified for a cell which has interface_timing attribute set to true. This function attribute will be ignored. (File /usr/cots/ip_libraries/tsmc/N16ADFP/sram/N16ADFP_SRAM/NLDM/N16ADFP_SRAM_ss0p72v0p72vm40c_100a.lib)
**WARN: (TECHLIB-905):	Found a function attribute specified on pin 'PUDELAY' with 'interface_timing' attribute set to true on cell 'TS6N16ADFPCLLLVTA32X32M2FWSHOD'. As per the liberty standard, a function attribute should not be specified for a cell which has interface_timing attribute set to true. This function attribute will be ignored. (File /usr/cots/ip_libraries/tsmc/N16ADFP/sram/N16ADFP_SRAM/NLDM/N16ADFP_SRAM_ss0p72v0p72vm40c_100a.lib)
Read 10 cells in library 'N16ADFP_SRAM_ss0p72v0p72vm40c' 
Reading ff_0p88v_125c_lib_set timing library '/usr/cots/ip_libraries/tsmc/N16ADFP/stdcell/N16ADFP_StdCell/CCS/N16ADFP_StdCellff0p88v125c_ccs.lib' ...
**WARN: (TECHLIB-1277):	The attribute 'max_capacitance' has been defined for internal pin 'INTERNAL'. 'max_capacitance' cannot be defined at this level and is being ignored. (File /usr/cots/ip_libraries/tsmc/N16ADFP/stdcell/N16ADFP_StdCell/CCS/N16ADFP_StdCellff0p88v125c_ccs.lib, Line 6263760)
**WARN: (TECHLIB-1277):	The attribute 'min_capacitance' has been defined for internal pin 'INTERNAL'. 'min_capacitance' cannot be defined at this level and is being ignored. (File /usr/cots/ip_libraries/tsmc/N16ADFP/stdcell/N16ADFP_StdCell/CCS/N16ADFP_StdCellff0p88v125c_ccs.lib, Line 6263761)
**WARN: (TECHLIB-1277):	The attribute 'max_capacitance' has been defined for internal pin 'INTERNAL'. 'max_capacitance' cannot be defined at this level and is being ignored. (File /usr/cots/ip_libraries/tsmc/N16ADFP/stdcell/N16ADFP_StdCell/CCS/N16ADFP_StdCellff0p88v125c_ccs.lib, Line 6265870)
**WARN: (TECHLIB-1277):	The attribute 'min_capacitance' has been defined for internal pin 'INTERNAL'. 'min_capacitance' cannot be defined at this level and is being ignored. (File /usr/cots/ip_libraries/tsmc/N16ADFP/stdcell/N16ADFP_StdCell/CCS/N16ADFP_StdCellff0p88v125c_ccs.lib, Line 6265871)
Read 1480 cells in library 'N16ADFP_StdCellff0p88v125c_ccs' 
Reading ff_0p88v_125c_lib_set timing library '/usr/cots/ip_libraries/tsmc/N16ADFP/sram/N16ADFP_SRAM/NLDM/N16ADFP_SRAM_ff0p88v0p88v125c_100a.lib' ...
**WARN: (TECHLIB-905):	Found a function attribute specified on pin 'PUDELAY' with 'interface_timing' attribute set to true on cell 'TS1N16ADFPCLLLVTA128X64M4SWSHOD'. As per the liberty standard, a function attribute should not be specified for a cell which has interface_timing attribute set to true. This function attribute will be ignored. (File /usr/cots/ip_libraries/tsmc/N16ADFP/sram/N16ADFP_SRAM/NLDM/N16ADFP_SRAM_ff0p88v0p88v125c_100a.lib)
**WARN: (TECHLIB-905):	Found a function attribute specified on pin 'PUDELAY' with 'interface_timing' attribute set to true on cell 'TS1N16ADFPCLLLVTA16X88M2SWSHOD'. As per the liberty standard, a function attribute should not be specified for a cell which has interface_timing attribute set to true. This function attribute will be ignored. (File /usr/cots/ip_libraries/tsmc/N16ADFP/sram/N16ADFP_SRAM/NLDM/N16ADFP_SRAM_ff0p88v0p88v125c_100a.lib)
**WARN: (TECHLIB-905):	Found a function attribute specified on pin 'PUDELAY' with 'interface_timing' attribute set to true on cell 'TS1N16ADFPCLLLVTA16X96M2SWSHOD'. As per the liberty standard, a function attribute should not be specified for a cell which has interface_timing attribute set to true. This function attribute will be ignored. (File /usr/cots/ip_libraries/tsmc/N16ADFP/sram/N16ADFP_SRAM/NLDM/N16ADFP_SRAM_ff0p88v0p88v125c_100a.lib)
**WARN: (TECHLIB-905):	Found a function attribute specified on pin 'PUDELAY' with 'interface_timing' attribute set to true on cell 'TS1N16ADFPCLLLVTA512X45M4SWSHOD'. As per the liberty standard, a function attribute should not be specified for a cell which has interface_timing attribute set to true. This function attribute will be ignored. (File /usr/cots/ip_libraries/tsmc/N16ADFP/sram/N16ADFP_SRAM/NLDM/N16ADFP_SRAM_ff0p88v0p88v125c_100a.lib)
**WARN: (TECHLIB-905):	Found a function attribute specified on pin 'PUDELAY' with 'interface_timing' attribute set to true on cell 'TS6N16ADFPCLLLVTA128X32M4FWSHOD'. As per the liberty standard, a function attribute should not be specified for a cell which has interface_timing attribute set to true. This function attribute will be ignored. (File /usr/cots/ip_libraries/tsmc/N16ADFP/sram/N16ADFP_SRAM/NLDM/N16ADFP_SRAM_ff0p88v0p88v125c_100a.lib)
**WARN: (TECHLIB-905):	Found a function attribute specified on pin 'PUDELAY' with 'interface_timing' attribute set to true on cell 'TS6N16ADFPCLLLVTA128X64M4FWSHOD'. As per the liberty standard, a function attribute should not be specified for a cell which has interface_timing attribute set to true. This function attribute will be ignored. (File /usr/cots/ip_libraries/tsmc/N16ADFP/sram/N16ADFP_SRAM/NLDM/N16ADFP_SRAM_ff0p88v0p88v125c_100a.lib)
**WARN: (TECHLIB-905):	Found a function attribute specified on pin 'PUDELAY' with 'interface_timing' attribute set to true on cell 'TS6N16ADFPCLLLVTA16X120M2FWSHOD'. As per the liberty standard, a function attribute should not be specified for a cell which has interface_timing attribute set to true. This function attribute will be ignored. (File /usr/cots/ip_libraries/tsmc/N16ADFP/sram/N16ADFP_SRAM/NLDM/N16ADFP_SRAM_ff0p88v0p88v125c_100a.lib)
**WARN: (TECHLIB-905):	Found a function attribute specified on pin 'PUDELAY' with 'interface_timing' attribute set to true on cell 'TS6N16ADFPCLLLVTA16X32M2FWSHOD'. As per the liberty standard, a function attribute should not be specified for a cell which has interface_timing attribute set to true. This function attribute will be ignored. (File /usr/cots/ip_libraries/tsmc/N16ADFP/sram/N16ADFP_SRAM/NLDM/N16ADFP_SRAM_ff0p88v0p88v125c_100a.lib)
**WARN: (TECHLIB-905):	Found a function attribute specified on pin 'PUDELAY' with 'interface_timing' attribute set to true on cell 'TS6N16ADFPCLLLVTA16X72M2FWSHOD'. As per the liberty standard, a function attribute should not be specified for a cell which has interface_timing attribute set to true. This function attribute will be ignored. (File /usr/cots/ip_libraries/tsmc/N16ADFP/sram/N16ADFP_SRAM/NLDM/N16ADFP_SRAM_ff0p88v0p88v125c_100a.lib)
**WARN: (TECHLIB-905):	Found a function attribute specified on pin 'PUDELAY' with 'interface_timing' attribute set to true on cell 'TS6N16ADFPCLLLVTA32X32M2FWSHOD'. As per the liberty standard, a function attribute should not be specified for a cell which has interface_timing attribute set to true. This function attribute will be ignored. (File /usr/cots/ip_libraries/tsmc/N16ADFP/sram/N16ADFP_SRAM/NLDM/N16ADFP_SRAM_ff0p88v0p88v125c_100a.lib)
Read 10 cells in library 'N16ADFP_SRAM_ff0p88v0p88v125c' 
*** End library_loading (cpu=1.00min, real=0.98min, mem=504.0M, fe_cpu=1.40min, fe_real=1.60min, fe_mem=2161.7M) ***
% Begin Load netlist data ... (date=05/04 14:18:25, mem=1813.2M)
*** Begin netlist parsing (mem=2161.7M) ***
Created 1490 new cells from 4 timing libraries.
Reading netlist ...
Backslashed names will retain backslash and a trailing blank character.
Reading verilogBinary netlist '/h/qvu01/EE166/1finalProject_placeandroute/Lab3_accel/work/top.route_opt.enc.dat/vbin/top.v.bin'

*** Memory Usage v#2 (Current mem = 2170.684M, initial mem = 820.586M) ***
*** End netlist parsing (cpu=0:00:00.1, real=0:00:00.0, mem=2170.7M) ***
% End Load netlist data ... (date=05/04 14:18:25, total cpu=0:00:00.1, real=0:00:00.0, peak res=1916.6M, current mem=1916.6M)
Set top cell to top.
Hooked 2980 DB cells to tlib cells.
1 empty module found.
Starting recursive module instantiation check.
No recursion found.
Building hierarchical netlist for Cell top ...
***** UseNewTieNetMode *****.
*** Netlist is unique.
** info: there are 2982 modules.
** info: there are 29 stdCell insts.
** info: there are 0 insts with no signal pins.

*** Memory Usage v#2 (Current mem = 2226.184M, initial mem = 820.586M) ***
*info: set bottom ioPad orient R0
** INFO: FINFET definition is detected in tech LEF. The pitch is 0.048 , offset is 0 and direction is Horizontal Enable FinFet support.
block snap rule changed from un_init to FinFet/un_init
IO pad snap rule changed from un_init to FinFet/FinFet/un_init
constraint snap rule changed from un_init to FinFet/FinFet/FinFet/un_init
DIE snap rule changed from un_init to FinFet/FinFet/FinFet/FinFet/un_init
Core snap rule changed from un_init to FinFet/FinFet/FinFet/FinFet/FinFet/un_init
**WARN: (IMPFP-3961):	The techSite 'dcore' has no related standard cells in the LEF/OA library. The calculations for this site type cannot be made unless standard cell models of this type exist in the LEF/OA library. Ignore this warning if the SITE is not used by the library. Alternatively, remove the SITE definition for the LEF/OA library to avoid this message.
Type 'man IMPFP-3961' for more detail.
**WARN: (IMPFP-3961):	The techSite 'bcore' has no related standard cells in the LEF/OA library. The calculations for this site type cannot be made unless standard cell models of this type exist in the LEF/OA library. Ignore this warning if the SITE is not used by the library. Alternatively, remove the SITE definition for the LEF/OA library to avoid this message.
Type 'man IMPFP-3961' for more detail.
**WARN: (IMPFP-3961):	The techSite 'coreExt' has no related standard cells in the LEF/OA library. The calculations for this site type cannot be made unless standard cell models of this type exist in the LEF/OA library. Ignore this warning if the SITE is not used by the library. Alternatively, remove the SITE definition for the LEF/OA library to avoid this message.
Type 'man IMPFP-3961' for more detail.

Honor LEF defined pitches for advanced node
Start create_tracks
Loading preference file /h/qvu01/EE166/1finalProject_placeandroute/Lab3_accel/work/top.route_opt.enc.dat/gui.pref.tcl ...
##  Process: 16            (User Set)               
##     Node: (not set)                           

##  Check design process and node:  
##  Design tech node is not set.

Applying the recommended capacitance filtering threshold values for 16nm process node: total_c_th=0, relative_c_th=1 and coupling_c_th=0.1.
	These values will be used by all post-route extraction engines, including TQuantus, IQuantus and Quantus QRC extraction.
	Capacitance filtering mode(-capFilterMode option of the setExtractRCMode) is 'relAndCoup' for all engines.
	The accuracy mode for postRoute effortLevel low extraction will be set to 'high'.
	Default value for EffortLevel(-effortLevel option of the setExtractRCMode) in postRoute extraction mode will be 'medium' if Quantus QRC technology file is specified else 'low'.
**INFO: Hold fixing will be done using "BUFFD2BWP16P90 BUFFD4BWP16P90 BUFFD8BWP16P90 BUFFD16BWP16P90" only.
setAnalysisMode -usefulSkew already set.
**WARN: (IMPOPT-3602):	The specified path group name FromMems is not defined.
Type 'man IMPOPT-3602' for more detail.
Effort level <high> specified for FromMems path_group
Slack adjustment of -0 applied on FromMems path_group
**WARN: (IMPOPT-3602):	The specified path group name ToMems is not defined.
Type 'man IMPOPT-3602' for more detail.
Effort level <high> specified for ToMems path_group
Slack adjustment of -0 applied on ToMems path_group
**WARN: (IMPOPT-3602):	The specified path group name ToRegs is not defined.
Type 'man IMPOPT-3602' for more detail.
Effort level <high> specified for ToRegs path_group
Slack adjustment of -0 applied on ToRegs path_group
**WARN: (IMPOPT-3602):	The specified path group name Outputs is not defined.
Type 'man IMPOPT-3602' for more detail.
Slack adjustment of -0 applied on Outputs path_group
**WARN: (IMPOPT-3602):	The specified path group name Inputs is not defined.
Type 'man IMPOPT-3602' for more detail.
Slack adjustment of -0 applied on Inputs path_group
**WARN: (IMPOPT-3602):	The specified path group name FromRegs is not defined.
Type 'man IMPOPT-3602' for more detail.
Effort level <high> specified for FromRegs path_group
Slack adjustment of -0 applied on FromRegs path_group
**WARN: (IMPOPT-3602):	The specified path group name Feedthrough is not defined.
Type 'man IMPOPT-3602' for more detail.
Slack adjustment of -0 applied on Feedthrough path_group
**WARN: The setCCOptMode/set_ccopt_mode command is obsolete and will be removed in a future release. This command still works in this release, but to avoid this warning and to ensure compatibility with future releases, transition to set_ccopt_property.
**WARN: The setCCOptMode/set_ccopt_mode command is obsolete and will be removed in a future release. This command still works in this release, but to avoid this warning and to ensure compatibility with future releases, transition to set_ccopt_property.
**WARN: The setCCOptMode/set_ccopt_mode command is obsolete and will be removed in a future release. This command still works in this release, but to avoid this warning and to ensure compatibility with future releases, transition to set_ccopt_property.
**WARN: The setCCOptMode/set_ccopt_mode command is obsolete and will be removed in a future release. This command still works in this release, but to avoid this warning and to ensure compatibility with future releases, transition to set_ccopt_property.
**WARN: The setCCOptMode/set_ccopt_mode command is obsolete and will be removed in a future release. This command still works in this release, but to avoid this warning and to ensure compatibility with future releases, transition to set_ccopt_property.
**WARN: The setCCOptMode/set_ccopt_mode command is obsolete and will be removed in a future release. This command still works in this release, but to avoid this warning and to ensure compatibility with future releases, transition to set_ccopt_property.
**WARN: The setCCOptMode/set_ccopt_mode command is obsolete and will be removed in a future release. This command still works in this release, but to avoid this warning and to ensure compatibility with future releases, transition to set_ccopt_property.
**WARN: The setCCOptMode/set_ccopt_mode command is obsolete and will be removed in a future release. This command still works in this release, but to avoid this warning and to ensure compatibility with future releases, transition to set_ccopt_property.
**WARN: The setCCOptMode/set_ccopt_mode command is obsolete and will be removed in a future release. This command still works in this release, but to avoid this warning and to ensure compatibility with future releases, transition to set_ccopt_property.
#WARNING (NRIF-82) When route_detail_post_route_swap_via is set to 'false', the post route via swapping step will be performed on nets with attribute -multi_cut_via_effort, and to double cut vias.
**WARN: (IMPTCM-77):	Option "-drouteStartIteration" for command setNanoRouteMode is obsolete and will be removed in a future release. The obsolete option still works in this release but to avoid this warning and to ensure compatibility with future releases, remove the obsolete option from your script.
**WARN: (IMPTCM-77):	Option "-route_allow_power_ground_pin" for command setNanoRouteMode is obsolete and will be removed in a future release. The obsolete option still works in this release but to avoid this warning and to ensure compatibility with future releases, remove the obsolete option from your script.
#WARNING (NRIF-90) Option setNanoRouteMode -route_bottom_routing_layer is obsolete. It will continue to work for the current release. To ensure compatibility with future releases, use option setDesignMode -bottomRoutingLayer instead.
#WARNING (NRIF-95) Option setNanoRouteMode -routeTopRoutingLayer has invalid value "0". Reset to max routing layer "12".
#WARNING (NRIF-91) Option setNanoRouteMode -route_top_routing_layer is obsolete. It will continue to work for the current release. To ensure compatibility with future releases, use option setDesignMode -topRoutingLayer instead.
**WARN: The setCCOptMode/set_ccopt_mode command is obsolete and will be removed in a future release. This command still works in this release, but to avoid this warning and to ensure compatibility with future releases, transition to set_ccopt_property.
**WARN: The setCCOptMode/set_ccopt_mode command is obsolete and will be removed in a future release. This command still works in this release, but to avoid this warning and to ensure compatibility with future releases, transition to set_ccopt_property.
**WARN: The setCCOptMode/set_ccopt_mode command is obsolete and will be removed in a future release. This command still works in this release, but to avoid this warning and to ensure compatibility with future releases, transition to set_ccopt_property.
**WARN: The setCCOptMode/set_ccopt_mode command is obsolete and will be removed in a future release. This command still works in this release, but to avoid this warning and to ensure compatibility with future releases, transition to set_ccopt_property.
**WARN: The setCCOptMode/set_ccopt_mode command is obsolete and will be removed in a future release. This command still works in this release, but to avoid this warning and to ensure compatibility with future releases, transition to set_ccopt_property.
**WARN: The setCCOptMode/set_ccopt_mode command is obsolete and will be removed in a future release. This command still works in this release, but to avoid this warning and to ensure compatibility with future releases, transition to set_ccopt_property.
**WARN: The setCCOptMode/set_ccopt_mode command is obsolete and will be removed in a future release. This command still works in this release, but to avoid this warning and to ensure compatibility with future releases, transition to set_ccopt_property.
**WARN: The setCCOptMode/set_ccopt_mode command is obsolete and will be removed in a future release. This command still works in this release, but to avoid this warning and to ensure compatibility with future releases, transition to set_ccopt_property.
**WARN: The setCCOptMode/set_ccopt_mode command is obsolete and will be removed in a future release. This command still works in this release, but to avoid this warning and to ensure compatibility with future releases, transition to set_ccopt_property.

viaInitial starts at Mon May  4 14:18:26 2026
viaInitial ends at Mon May  4 14:18:26 2026
Setting -allow_via_expansion to 0. ViaGen will not allow via expanded outside of the intersection area.
Setting -allow_wire_shape_change to 0. ViaGen will not allow via to change the metal shape of existing wires.
Setting -disable_via_merging to 1. ViaGen disables via merging with the via created earlier.
Setting -extend_out_wire_end to 1. ViaGen will allow via extending outside of the end of the existing wires.
Setting -ignore_DRC to 0. ViaGen will do DRC check while creating vias.
Setting -inherit_wire_status to 1. ViaGen will create vias and set the status as the bottom wires.
Setting -keep_fixed_via to 1. Fixed vias cannot be modified by tool.
Setting -optimize_cross_via to 1. ViaGen will try to generate vias with the minimum enclosure.
-parameterized_via_only is set to 1. ViaGen will generate parameterized vias only, which means the DEF syntax of generated vias is with +VIARULE.
Setting -use_cce to 1. ViaGen will call CCE to colorize via and may re-colorize surrounding vias to resolve color conflict within the local range.
**WARN: (IMPMODE-2):	Option "-equivalent_waveform_model_propagation" for command set_delay_cal_mode is obsolete and has been replaced by "-equivalent_waveform_model {none|no_propagation|propagation}". The obsolete option still works in this release but to avoid this warning and to ensure compatibility with future releases, update your script accordingly.
**WARN: (IMPMODE-3):	Option "-equivalent_waveform_model_type" for command set_delay_cal_mode is obsolete and has been replaced by "-ewm_type {simulation|moments}". The obsolete option still works in this release but to avoid this warning and to ensure compatibility with future releases, update your script accordingly.
AAE_INFO: switching setDelayCal -siAware from false to true ...
AAE_INFO: The setting is changed from false to true in setDelayCalMode -SIAware
Stripe will break at selected block.
addStripe will not ignore design rule checking when generating stripes.
addStripe will not break automatically at non-default domains when generating global stripes over the core area or default domain.
Exact stripe pitch will not be observed after snapping to routing tracks.
The power planner will not be remove floating stripes over blocks.
Stripes will break as close as possible to obstructions.
Change floorplan default-technical-site to 'core'.
*Info: initialize multi-corner CTS.
Total number of combinational cells: 1136
Total number of sequential cells: 116
Total number of tristate cells: 0
Total number of level shifter cells: 0
Total number of power gating cells: 0
Total number of isolation cells: 2
Total number of power switch cells: 2
Total number of pulse generator cells: 0
Total number of always on buffers: 0
Total number of retention cells: 0
Total number of physical cells: 224
List of usable buffers: BUFFD12BWP16P90 BUFFD12BWP16P90LVT BUFFD12BWP20P90LVT BUFFD12BWP20P90 BUFFD16BWP16P90 BUFFD16BWP16P90LVT BUFFD16BWP20P90 BUFFD16BWP20P90LVT BUFFD1BWP16P90 BUFFD1BWP16P90LVT BUFFD1BWP20P90LVT BUFFD1BWP20P90 BUFFD2BWP16P90 BUFFD2BWP16P90LVT BUFFD2BWP20P90LVT BUFFD2BWP20P90 BUFFD4BWP16P90 BUFFD4BWP16P90LVT BUFFD4BWP20P90LVT BUFFD4BWP20P90 BUFFD8BWP16P90 BUFFD8BWP16P90LVT BUFFD8BWP20P90LVT BUFFD8BWP20P90 CKBD12BWP16P90 CKBD12BWP16P90LVT CKBD12BWP20P90LVT CKBD12BWP20P90 CKBD16BWP16P90 CKBD16BWP16P90LVT CKBD16BWP20P90 CKBD16BWP20P90LVT CKBD1BWP16P90 CKBD1BWP16P90LVT CKBD1BWP20P90LVT CKBD1BWP20P90 CKBD2BWP16P90 CKBD2BWP16P90LVT CKBD2BWP20P90LVT CKBD2BWP20P90 CKBD4BWP16P90 CKBD4BWP16P90LVT CKBD4BWP20P90LVT CKBD4BWP20P90 CKBD8BWP16P90 CKBD8BWP16P90LVT CKBD8BWP20P90 CKBD8BWP20P90LVT DEL025D1BWP16P90LVT DEL025D1BWP20P90LVT GBUFFMCOD1BWP16P90 GBUFFMCOD1BWP16P90LVT GBUFFMCOD1BWP20P90LVT GBUFFMCOD1BWP20P90 GBUFFMCOD2BWP16P90 GBUFFMCOD2BWP16P90LVT GBUFFMCOD2BWP20P90LVT GBUFFMCOD2BWP20P90 GBUFFMCOD4BWP16P90 GBUFFMCOD4BWP16P90LVT GBUFFMCOD4BWP20P90LVT GBUFFMCOD4BWP20P90 GBUFFMCOD8BWP16P90 GBUFFMCOD8BWP16P90LVT GBUFFMCOD8BWP20P90LVT GBUFFMCOD8BWP20P90
Total number of usable buffers: 66
List of unusable buffers:
Total number of unusable buffers: 0
List of usable inverters: CKND12BWP16P90 CKND12BWP16P90LVT CKND12BWP20P90LVT CKND12BWP20P90 CKND16BWP16P90 CKND16BWP16P90LVT CKND16BWP20P90 CKND16BWP20P90LVT CKND1BWP16P90 CKND1BWP16P90LVT CKND1BWP20P90LVT CKND1BWP20P90 CKND2BWP16P90 CKND2BWP16P90LVT CKND2BWP20P90LVT CKND2BWP20P90 CKND4BWP16P90 CKND4BWP16P90LVT CKND4BWP20P90LVT CKND4BWP20P90 CKND8BWP16P90 CKND8BWP16P90LVT CKND8BWP20P90 CKND8BWP20P90LVT GINVMCOD1BWP16P90 GINVMCOD1BWP16P90LVT GINVMCOD1BWP20P90 GINVMCOD1BWP20P90LVT GINVMCOD2BWP16P90 GINVMCOD2BWP16P90LVT GINVMCOD2BWP20P90LVT GINVMCOD2BWP20P90 GINVMCOD4BWP16P90 GINVMCOD4BWP16P90LVT GINVMCOD4BWP20P90LVT GINVMCOD4BWP20P90 GINVMCOD8BWP16P90 GINVMCOD8BWP16P90LVT GINVMCOD8BWP20P90 GINVMCOD8BWP20P90LVT INVD12BWP16P90 INVD12BWP16P90LVT INVD12BWP20P90LVT INVD12BWP20P90 INVD16BWP16P90 INVD16BWP16P90LVT INVD16BWP20P90 INVD16BWP20P90LVT INVD1BWP16P90 INVD1BWP16P90LVT INVD1BWP20P90LVT INVD1BWP20P90 INVD2BWP16P90 INVD2BWP16P90LVT INVD2BWP20P90LVT INVD2BWP20P90 INVD4BWP16P90 INVD4BWP16P90LVT INVD4BWP20P90LVT INVD4BWP20P90 INVD8BWP16P90 INVD8BWP16P90LVT INVD8BWP20P90LVT INVD8BWP20P90
Total number of usable inverters: 64
List of unusable inverters:
Total number of unusable inverters: 0
List of identified usable delay cells: DEL025D1BWP16P90 DEL025D1BWP20P90 DEL050D1BWP16P90 DEL050D1BWP16P90LVT DEL050D1BWP20P90LVT DEL050D1BWP20P90 DEL075D1BWP16P90 DEL075D1BWP16P90LVT DEL075D1BWP20P90 DEL075D1BWP20P90LVT
Total number of identified usable delay cells: 10
List of identified unusable delay cells:
Total number of identified unusable delay cells: 0
Reading floorplan file - /h/qvu01/EE166/1finalProject_placeandroute/Lab3_accel/work/top.route_opt.enc.dat/top.fp.gz (mem = 2540.9M).
% Begin Load floorplan data ... (date=05/04 14:18:27, mem=2331.4M)
*info: reset 96 existing net BottomPreferredLayer and AvoidDetour
Deleting old partition specification.
Set FPlanBox to (0 0 432000 364032)
**WARN: (IMPFP-3961):	The techSite 'dcore' has no related standard cells in the LEF/OA library. The calculations for this site type cannot be made unless standard cell models of this type exist in the LEF/OA library. Ignore this warning if the SITE is not used by the library. Alternatively, remove the SITE definition for the LEF/OA library to avoid this message.
Type 'man IMPFP-3961' for more detail.
**WARN: (IMPFP-3961):	The techSite 'bcore' has no related standard cells in the LEF/OA library. The calculations for this site type cannot be made unless standard cell models of this type exist in the LEF/OA library. Ignore this warning if the SITE is not used by the library. Alternatively, remove the SITE definition for the LEF/OA library to avoid this message.
Type 'man IMPFP-3961' for more detail.
**WARN: (IMPFP-3961):	The techSite 'coreExt' has no related standard cells in the LEF/OA library. The calculations for this site type cannot be made unless standard cell models of this type exist in the LEF/OA library. Ignore this warning if the SITE is not used by the library. Alternatively, remove the SITE definition for the LEF/OA library to avoid this message.
Type 'man IMPFP-3961' for more detail.

Honor LEF defined pitches for advanced node
Start create_tracks
 ... processed partition successfully.
Reading binary special route file /h/qvu01/EE166/1finalProject_placeandroute/Lab3_accel/work/top.route_opt.enc.dat/top.fp.spr.gz (Created by Innovus v23.30-p003_1 on Mon May  4 14:16:23 2026, version: 1)
Ending "Read special route file" (total cpu=0:00:00.0, real=0:00:00.0, peak res=2333.7M, current mem=2333.7M)
There are 2 nets with weight being set
There are 1 nets with bottomPreferredRoutingLayer being set
There are 1 nets with avoidDetour being set
Extracting standard cell pins and blockage ...... 
Pin and blockage extraction finished
% End Load floorplan data ... (date=05/04 14:18:27, total cpu=0:00:00.1, real=0:00:00.0, peak res=2334.6M, current mem=2334.6M)
Reading congestion map file /h/qvu01/EE166/1finalProject_placeandroute/Lab3_accel/work/top.route_opt.enc.dat/top.route.congmap.gz ...
% Begin Load SymbolTable ... (date=05/04 14:18:27, mem=2334.6M)
Un-suppress "**WARN ..." messages.
% End Load SymbolTable ... (date=05/04 14:18:28, total cpu=0:00:00.0, real=0:00:01.0, peak res=2338.2M, current mem=2338.2M)
Loading place ...
% Begin Load placement data ... (date=05/04 14:18:28, mem=2338.2M)
Reading placement file - /h/qvu01/EE166/1finalProject_placeandroute/Lab3_accel/work/top.route_opt.enc.dat/top.place.gz.
** Reading stdCellPlacement_binary (Created by Innovus v23.30-p003_1 on Mon May  4 14:16:23 2026, version# 2) ...
Read Views for adaptive view pruning ...
Read 0 views from Binary DB for adaptive view pruning
*** applyConnectGlobalNets disabled.
*** Completed restorePlace (cpu=0:00:00.0 real=0:00:00.0 mem=2543.7M) ***
Total net length = 2.731e+02 (2.348e+02 3.825e+01) (ext = 1.095e+02)
% End Load placement data ... (date=05/04 14:18:28, total cpu=0:00:00.0, real=0:00:00.0, peak res=2338.8M, current mem=2338.8M)
Reading PG file /h/qvu01/EE166/1finalProject_placeandroute/Lab3_accel/work/top.route_opt.enc.dat/top.pg.gz, version#2, (Created by Innovus v23.30-p003_1 on       Mon May  4 14:16:23 2026)
*** Completed restorePGFile (cpu=0:00:00.0 real=0:00:00.0 mem=2540.7M) ***
% Begin Load routing data ... (date=05/04 14:18:28, mem=2339.0M)
Reading routing file - /h/qvu01/EE166/1finalProject_placeandroute/Lab3_accel/work/top.route_opt.enc.dat/top.route.gz.
Reading Innovus routing data (Created by Innovus v23.30-p003_1 on Mon May  4 14:16:23 2026 Format: 23.1) ...
*** Total 35 nets are successfully restored.
*** Completed restoreRoute (cpu=0:00:00.0 real=0:00:00.0 mem=2540.7M) ***
% End Load routing data ... (date=05/04 14:18:28, total cpu=0:00:00.0, real=0:00:00.0, peak res=2339.7M, current mem=2339.7M)
TAT_INFO: ::restoreCongMap REAL = 1 : CPU = 0 : MEM = 0.
Reading property file /h/qvu01/EE166/1finalProject_placeandroute/Lab3_accel/work/top.route_opt.enc.dat/top.prop
*** Completed restoreProperty (cpu=0:00:00.0 real=0:00:00.0 mem=2543.7M) ***
Reading dirtyarea snapshot file /h/qvu01/EE166/1finalProject_placeandroute/Lab3_accel/work/top.route_opt.enc.dat/top.db.da.gz (Create by Innovus v23.30-p003_1 on Mon May  4 14:16:24 2026, version: 7).
Loading preRoute extraction data from directory '/h/qvu01/EE166/1finalProject_placeandroute/Lab3_accel/work/top.route_opt.enc.dat/extraction/' ...
Extraction setup Started for TopCell top 
Initializing multi-corner RC extraction with 2 active RC Corners ...
Generating auto layer map file.
Loading preRoute extracted patterns from file '/h/qvu01/EE166/1finalProject_placeandroute/Lab3_accel/work/top.route_opt.enc.dat/top.techData.gz' ...
Completed (cpu: 0:00:01.0 real: 0:00:01.0)
Set Shrink Factor to 1.00000
Summary of Active RC-Corners : 
 
 Analysis View: normWC
    RC-Corner Name        : rc_worst_m40c
    RC-Corner Index       : 0
    RC-Corner Temperature : -40 Celsius
    RC-Corner Cap Table   : ''
    RC-Corner PreRoute Res Factor         : 1
    RC-Corner PreRoute Cap Factor         : 1
    RC-Corner PostRoute Res Factor        : 1 {1 1 1}
    RC-Corner PostRoute Cap Factor        : 1 {1 1 1}
    RC-Corner PostRoute XCap Factor       : 1 {1 1 1}
    RC-Corner PreRoute Clock Res Factor   : 1	[Derived from postRoute_res (effortLevel low)]
    RC-Corner PreRoute Clock Cap Factor   : 1	[Derived from postRoute_cap (effortLevel low)]
    RC-Corner PostRoute Clock Cap Factor  : 1 {1 1 1} 	[Derived from postRoute_cap (effortLevel high)]
    RC-Corner PostRoute Clock Res Factor  : 1 {1 1 1} 	[Derived from postRoute_res (effortLevel high)]
    RC-Corner PostRoute Clock coupling capacitance Factor : 1 {1 1 1} 	[Derived from postRoute_xcap (effortLevel high)]
    RC-Corner Technology file: '/h/qvu01/EE166/1finalProject_placeandroute/Lab3_accel/work/top.route_opt.enc.dat/libs/mmmc/rc_worst_m40c/qrcTechFile'
 
 Analysis View: normBC
    RC-Corner Name        : rc_best_125c
    RC-Corner Index       : 1
    RC-Corner Temperature : 125 Celsius
    RC-Corner Cap Table   : ''
    RC-Corner PreRoute Res Factor         : 1
    RC-Corner PreRoute Cap Factor         : 1
    RC-Corner PostRoute Res Factor        : 1 {1 1 1}
    RC-Corner PostRoute Cap Factor        : 1 {1 1 1}
    RC-Corner PostRoute XCap Factor       : 1 {1 1 1}
    RC-Corner PreRoute Clock Res Factor   : 1	[Derived from postRoute_res (effortLevel low)]
    RC-Corner PreRoute Clock Cap Factor   : 1	[Derived from postRoute_cap (effortLevel low)]
    RC-Corner PostRoute Clock Cap Factor  : 1 {1 1 1} 	[Derived from postRoute_cap (effortLevel high)]
    RC-Corner PostRoute Clock Res Factor  : 1 {1 1 1} 	[Derived from postRoute_res (effortLevel high)]
    RC-Corner PostRoute Clock coupling capacitance Factor : 1 {1 1 1} 	[Derived from postRoute_xcap (effortLevel high)]
    RC-Corner Technology file: '/h/qvu01/EE166/1finalProject_placeandroute/Lab3_accel/work/top.route_opt.enc.dat/libs/mmmc/rc_typ_25c/qrcTechFile'
Initializing multi-corner resistance tables ...
Default value for postRoute extraction mode's effortLevel (-effortLevel option of setExtractRCMode) changed to 'medium'.
tt_0p8v_25c_delay_corner ss_0p72v_m40c_delay_corner ff_0p88v_125c_delay_corner
Start generating vias ..
Extracting standard cell pins and blockage ...... 
Pin and blockage extraction finished
Via generation completed successfully.
Generating auto layer map file.
Initializing preRoute extraction patterns for new vias...
Generating auto layer map file.
Generating auto layer map file.
Completed (cpu: 0:00:04.7 real: 0:00:05.0)
% Begin Load power constraints ... (date=05/04 14:18:39, mem=2557.7M)
'set_default_switching_activity' finished successfully.
** WARN:  (VOLTUS_POWR-3212): The 'set_power_analysis_mode -leakage_power_view |-dynamic_power_view|-analysis_view' will be obsolete in 18.20 release. Use 'set_analysis_view -leakage <> | -dynamic <>' to set leakage and dynamic power views.

% End Load power constraints ... (date=05/04 14:18:39, total cpu=0:00:00.0, real=0:00:00.0, peak res=2564.5M, current mem=2564.5M)
tt_0p8v_25c_delay_corner ss_0p72v_m40c_delay_corner ff_0p88v_125c_delay_corner
% Begin load AAE data ... (date=05/04 14:18:39, mem=2608.6M)
**WARN: (IMPESI-3505):	setDelayCalMode -eng_enablePrePlacedFlow false (default=false) will be obsoleted along with its sgs2set equivalent.  This parameter will continue to be supported in the current release, but will be removed in the next major release of the software.
AAE DB initialization (MEM=2842.49 CPU=0:00:00.0 REAL=0:00:00.0) 
% End load AAE data ... (date=05/04 14:18:39, total cpu=0:00:00.7, real=0:00:00.0, peak res=2615.0M, current mem=2615.0M)
Restoring CCOpt config...
  Extracting original clock gating for CLK...
    clock_tree CLK contains 1 sinks and 0 clock gates.
  Extracting original clock gating for CLK done.
  The skew group CLK/ff0p88v125c_mode was created. It contains 1 sinks and 1 sources.
  The skew group CLK/ss0p72vm40c_mode was created. It contains 1 sinks and 1 sources.
Restoring CCOpt config done.
Total number of combinational cells: 1136
Total number of sequential cells: 116
Total number of tristate cells: 0
Total number of level shifter cells: 0
Total number of power gating cells: 0
Total number of isolation cells: 2
Total number of power switch cells: 2
Total number of pulse generator cells: 0
Total number of always on buffers: 0
Total number of retention cells: 0
Total number of physical cells: 224
List of usable buffers: BUFFD12BWP16P90 BUFFD12BWP16P90LVT BUFFD12BWP20P90LVT BUFFD12BWP20P90 BUFFD16BWP16P90 BUFFD16BWP16P90LVT BUFFD16BWP20P90 BUFFD16BWP20P90LVT BUFFD1BWP16P90 BUFFD1BWP16P90LVT BUFFD1BWP20P90LVT BUFFD1BWP20P90 BUFFD2BWP16P90 BUFFD2BWP16P90LVT BUFFD2BWP20P90LVT BUFFD2BWP20P90 BUFFD4BWP16P90 BUFFD4BWP16P90LVT BUFFD4BWP20P90LVT BUFFD4BWP20P90 BUFFD8BWP16P90 BUFFD8BWP16P90LVT BUFFD8BWP20P90LVT BUFFD8BWP20P90 CKBD12BWP16P90 CKBD12BWP16P90LVT CKBD12BWP20P90LVT CKBD12BWP20P90 CKBD16BWP16P90 CKBD16BWP16P90LVT CKBD16BWP20P90 CKBD16BWP20P90LVT CKBD1BWP16P90 CKBD1BWP16P90LVT CKBD1BWP20P90LVT CKBD1BWP20P90 CKBD2BWP16P90 CKBD2BWP16P90LVT CKBD2BWP20P90LVT CKBD2BWP20P90 CKBD4BWP16P90 CKBD4BWP16P90LVT CKBD4BWP20P90LVT CKBD4BWP20P90 CKBD8BWP16P90 CKBD8BWP16P90LVT CKBD8BWP20P90 CKBD8BWP20P90LVT DEL025D1BWP16P90LVT DEL025D1BWP20P90LVT
Total number of usable buffers: 50
List of unusable buffers: GBUFFMCOD1BWP16P90 GBUFFMCOD1BWP16P90LVT GBUFFMCOD1BWP20P90LVT GBUFFMCOD1BWP20P90 GBUFFMCOD2BWP16P90 GBUFFMCOD2BWP16P90LVT GBUFFMCOD2BWP20P90LVT GBUFFMCOD2BWP20P90 GBUFFMCOD4BWP16P90 GBUFFMCOD4BWP16P90LVT GBUFFMCOD4BWP20P90LVT GBUFFMCOD4BWP20P90 GBUFFMCOD8BWP16P90 GBUFFMCOD8BWP16P90LVT GBUFFMCOD8BWP20P90LVT GBUFFMCOD8BWP20P90
Total number of unusable buffers: 16
List of usable inverters: CKND12BWP16P90 CKND12BWP16P90LVT CKND12BWP20P90LVT CKND12BWP20P90 CKND16BWP16P90 CKND16BWP16P90LVT CKND16BWP20P90 CKND16BWP20P90LVT CKND1BWP16P90 CKND1BWP16P90LVT CKND1BWP20P90LVT CKND1BWP20P90 CKND2BWP16P90 CKND2BWP16P90LVT CKND2BWP20P90LVT CKND2BWP20P90 CKND4BWP16P90 CKND4BWP16P90LVT CKND4BWP20P90LVT CKND4BWP20P90 CKND8BWP16P90 CKND8BWP16P90LVT CKND8BWP20P90 CKND8BWP20P90LVT INVD12BWP16P90 INVD12BWP16P90LVT INVD12BWP20P90LVT INVD12BWP20P90 INVD16BWP16P90 INVD16BWP16P90LVT INVD16BWP20P90 INVD16BWP20P90LVT INVD1BWP16P90 INVD1BWP16P90LVT INVD1BWP20P90LVT INVD1BWP20P90 INVD2BWP16P90 INVD2BWP16P90LVT INVD2BWP20P90LVT INVD2BWP20P90 INVD4BWP16P90 INVD4BWP16P90LVT INVD4BWP20P90LVT INVD4BWP20P90 INVD8BWP16P90 INVD8BWP16P90LVT INVD8BWP20P90LVT INVD8BWP20P90
Total number of usable inverters: 48
List of unusable inverters: GINVMCOD1BWP16P90 GINVMCOD1BWP16P90LVT GINVMCOD1BWP20P90 GINVMCOD1BWP20P90LVT GINVMCOD2BWP16P90 GINVMCOD2BWP16P90LVT GINVMCOD2BWP20P90LVT GINVMCOD2BWP20P90 GINVMCOD4BWP16P90 GINVMCOD4BWP16P90LVT GINVMCOD4BWP20P90LVT GINVMCOD4BWP20P90 GINVMCOD8BWP16P90 GINVMCOD8BWP16P90LVT GINVMCOD8BWP20P90 GINVMCOD8BWP20P90LVT
Total number of unusable inverters: 16
List of identified usable delay cells: DEL025D1BWP16P90 DEL025D1BWP20P90 DEL050D1BWP16P90 DEL050D1BWP16P90LVT DEL050D1BWP20P90LVT DEL050D1BWP20P90 DEL075D1BWP16P90 DEL075D1BWP16P90LVT DEL075D1BWP20P90 DEL075D1BWP20P90LVT
Total number of identified usable delay cells: 10
List of identified unusable delay cells:
Total number of identified unusable delay cells: 0
**WARN: (IMPCTE-107):	The following globals have been obsoleted since version . They will be removed in the next release. 
timing_aocv_enable_gba_combine_launch_capture
timing_enable_backward_compatible_latch_thru_mt_mode
timing_enable_separate_device_slew_effect_sensitivities
#% End load design ... (date=05/04 14:18:40, total cpu=0:01:13, real=0:01:16, peak res=2756.7M, current mem=2620.6M)

*** Summary of all messages that are not suppressed in this session:
Severity  ID               Count  Summary                                  
WARNING   IMPLF-200         1500  Pin '%s' in macro '%s' has no ANTENNAGAT...
WARNING   IMPLF-201          655  Pin '%s' in macro '%s' has no ANTENNADIF...
WARNING   IMPFP-3961           6  The techSite '%s' has no related standar...
WARNING   IMPESI-3505          1  setDelayCalMode -eng_%s (default=%s) wil...
WARNING   IMPOPT-3602          7  The specified path group name %s is not ...
WARNING   NRIF-82              1  When route_detail_post_route_swap_via is...
WARNING   NRIF-90              1  Option setNanoRouteMode -route_bottom_ro...
WARNING   NRIF-91              1  Option setNanoRouteMode -route_top_routi...
WARNING   NRIF-95              1  Option setNanoRouteMode -routeTopRouting...
WARNING   IMPCTE-107           1  The following globals have been obsolete...
WARNING   IMPMODE-2            1  Option "-equivalent_waveform_model_propa...
WARNING   IMPMODE-3            1  Option "-equivalent_waveform_model_type"...
WARNING   IMPTCM-77            2  Option "%s" for command %s is obsolete a...
WARNING   TECHLIB-302        272  No function defined for cell '%s'. The c...
WARNING   TECHLIB-905         20  Found a function attribute specified on ...
WARNING   TECHLIB-1277         8  The %s '%s' has been defined for %s %s '...
*** Message Summary: 2478 warning(s), 0 error(s)

<CMD> setDrawView fplan
<CMD> encMessage warning 1
<CMD> encMessage debug 0
<CMD> fit
<CMD> setDrawView place
<CMD> setLayerPreference node_layer -isVisible 0
<CMD> zoomBox -154.16350 -79.34250 392.51250 197.77600
<CMD> zoomBox -89.39650 -9.10150 305.57800 191.11700
<CMD> zoomBox -64.10200 18.33050 271.62650 188.51650
<CMD> zoomBox -23.71000 62.19600 218.85350 185.15500
<CMD> zoomBox 16.86950 106.26550 165.83450 181.77800
<CMD> zoomBox 34.71700 125.62900 142.34400 180.18700
<CMD> zoomBox 41.68650 133.19100 133.17000 179.56550
<CMD> zoomBox 47.61050 139.61900 125.37200 179.03750
<CMD> zoomBox 32.59200 118.48750 159.21400 182.67400
<CMD> fit
<CMD> gui_select -rect {59.66700 181.14150 95.29300 171.64150}
<CMD> zoomBox -203.26450 -117.07850 439.88550 208.94400
<CMD> deselectAll
<CMD> zoomBox -158.42200 -75.48450 388.25550 201.63450
<CMD> zoomBox -31.05350 70.35500 211.51100 193.31450
<CMD> zoomBox 18.15350 124.22700 144.77450 188.41300
<CMD> zoomBox 41.71600 143.82350 119.47800 183.24200
<CMD> zoomBox 45.62300 148.74700 111.72050 182.25300
<CMD> zoomBox 48.96700 152.88400 105.15050 181.36450
<CMD> zoomBox 53.59300 156.26400 101.34950 180.47250
<CMD> zoomBox 49.42750 152.85850 105.61150 181.33900
<CMD> zoomBox 44.52650 148.85200 110.62550 182.35850
<CMD> zoomBox 14.60900 124.39350 141.23450 188.58200
<CMD> zoomBox -24.71800 92.24300 181.47050 196.76300
<CMD> zoomBox -88.75550 39.89100 246.98800 210.08450
<CMD> zoomBox -167.46100 11.58800 297.23600 247.15000
<CMD> zoomBox -90.46100 42.52750 245.28250 212.72100
<CMD> zoomBox -63.05450 58.54750 222.32750 203.21200
<CMD> zoomBox -38.75500 75.17600 203.82000 198.14100
<CMD> setLayerPreference node_layer -isVisible 1
<CMD> setLayerPreference power -isVisible 0
<CMD> setLayerPreference pgPower -isVisible 0
<CMD> setLayerPreference pgGround -isVisible 0
<CMD> zoomBox 22.42800 104.27600 171.39900 179.79150
<CMD> zoomBox 30.61100 114.95800 157.23650 179.14650
<CMD> zoomBox 44.34550 131.88300 135.83200 178.25900
<CMD> zoomBox 58.20700 148.90750 114.39150 177.38850
<CMD> zoomBox 53.05450 144.78750 119.15550 178.29500
<CMD> zoomBox 31.42600 127.52950 139.06050 182.09100
<CMD> zoomBox -19.91650 86.57700 186.27700 191.09950
<CMD> zoomBox -48.49250 72.50750 194.08850 195.47550
<CMD> zoomBox -82.16300 55.90400 203.22700 200.57250
<CMD> zoomBox -168.77350 13.39000 226.23050 213.62350
<CMD> zoomBox -288.64900 -45.45300 258.06950 231.68700
<CMD> zoomBox -193.91900 -33.84000 201.08600 166.39400
<CMD> zoomBox -98.13950 -21.55850 144.44350 101.41050
<CMD> zoomBox -12.85450 -9.95500 94.78150 44.60750
<CMD> zoomBox 13.81900 -5.00300 79.92150 28.50550
<CMD> zoomBox 25.54300 -2.06900 73.30350 22.14150
<CMD> zoomBox 30.12250 -0.92300 70.71900 19.65600
<CMD> zoomBox 37.32350 0.87850 66.65450 15.74700
<CMD> zoomBox 46.28400 3.12050 61.59600 10.88250
<CMD> zoomBox 25.53900 -2.07100 73.30450 22.14200
<CMD> zoomBox -2.49750 -9.31900 89.00600 37.06550
<CMD> zoomBox -256.13800 -143.22250 208.64400 92.38250
<CMD> zoomBox -650.34150 -409.52900 397.16050 121.46550
<CMD> pan 150.54300 538.11900
<CMD> zoomBox -337.13250 -42.89600 419.68850 340.74800
<CMD> zoomBox -129.82500 62.60700 265.24050 262.87150
<CMD> zoomBox -43.99850 106.97500 198.62100 229.96250
<CMD> zoomBox 0.19350 132.87100 149.19300 208.40100
<CMD> zoomBox 34.11150 152.48500 111.89100 191.91250
<CMD> zoomBox 39.69600 155.71900 105.80850 189.23250
<CMD> zoomBox 48.47750 160.80450 96.24400 185.01800
<CMD> zoomBox 54.83800 164.51100 89.34900 182.00500
<CMD> zoomBox 62.75300 169.13300 80.76900 178.26550
<CMD> zoomBox 65.04650 171.08400 78.06350 177.68250
<CMD> zoomBox 66.68850 172.54350 76.09350 177.31100
<CMD> selectInst FE_PHC9_n_12
<CMD> uiSetTool ruler
<CMD> zoomBox 69.14550 173.85450 74.92150 176.78250
<CMD> zoomBox 70.23000 174.43350 74.40450 176.54950
<CMD> zoomBox 67.64100 173.05100 75.63950 177.10550
<CMD> zoomBox 66.68550 172.54100 76.09550 177.31100
<CMD> zoomBox 65.64100 171.91850 76.71150 177.53050
<CMD> zoomBox 64.41150 171.18650 77.43650 177.78900
<CMD> pan 3.30550 106.54000
<CMD> zoomBox 72.36950 173.56550 78.14950 176.49550
<CMD> zoomBox 68.94600 171.66150 80.02200 177.27600
<CMD> zoomBox 62.38850 168.00800 83.60800 178.76450
<CMD> zoomBox 45.18900 158.42450 93.01500 182.66800
<CMD> pan -10.81350 113.32200
<CMD> pan 8.54150 124.36550
<CMD> pan 20.62000 113.89700
<CMD> zoomBox 72.38650 161.21450 106.94150 178.73100
<CMD> zoomBox 57.86850 153.99500 114.13550 182.51750
<CMD> pan 29.13150 96.32950
<CMD> pan 20.16550 67.13050
<CMD> pan 23.14250 47.30300
<CMD> zoomBox 138.22000 157.26500 186.04700 181.50900
<CMD> pan 20.10300 19.82150
<CMD> pan -22.08700 0.92650
<CMD> zoomBox 120.94800 147.93700 198.82700 187.41500
<CMD> zoomBox 137.21050 158.79700 185.03900 183.04200
<CMD> zoomBox 146.75850 165.66950 176.13150 180.55900
<CMD> zoomBox 155.93250 172.85250 167.01150 178.46850
<CMD> zoomBox 157.49300 174.06500 165.49750 178.12250
<CMD> zoomBox 159.05950 175.28300 163.97650 177.77550
<CMD> zoomBox 155.93000 172.85050 167.01350 178.46900
<CMD> zoomBox 150.78050 168.85450 172.01400 179.61800
<CMD> zoomBox 144.02550 163.61500 178.60100 181.14200
<CMD> pan 18.06800 15.97250
<CMD> zoomBox 174.65050 164.24200 189.99250 172.01900
<CMD> zoomBox 162.08900 159.99700 196.66600 177.52450
<CMD> zoomBox 124.79700 147.35950 216.48050 193.83550
<CMD> zoomBox 25.55300 113.67200 268.65100 236.90200
<CMD> pan -58.18000 22.77650
<CMD> zoomBox 26.31850 75.34850 175.61150 151.02750
<CMD> zoomBox -59.58550 35.97200 226.41400 180.94950
<CMD> zoomBox -224.15150 -39.46050 323.73500 238.27150
<CMD> zoomBox -415.22050 -167.39200 476.92150 284.84850
<CMD> zoomBox -178.53850 -8.66400 287.16550 227.40850
<CMD> zoomBox -57.29950 79.13750 185.80150 202.36900
<CMD> zoomBox 3.28100 126.02250 130.18200 190.35050
<CMD> zoomBox 34.90450 150.49700 101.14850 184.07700
<CMD> zoomBox 48.23100 160.81100 88.91350 181.43350
<CMD> zoomBox 57.65200 166.34250 82.63650 179.00750
<CMD> zoomBox 64.66050 170.71550 77.70300 177.32700
<CMD> zoomBox 67.88550 173.53450 74.69450 176.98600
<CMD> zoomBox 68.42650 173.98000 74.21400 176.91400
<CMD> zoomBox 69.27700 174.68100 73.45900 176.80100
<CMD> zoomBox 68.87500 174.35250 73.79500 176.84650
<CMD> zoomBox 67.84450 173.51250 74.65550 176.96500
<CMD> zoomBox 66.41850 172.34950 75.84600 177.12850
<CMD> zoomBox 61.85000 168.51850 79.91050 177.67350
<CMD> pan 4.26800 106.10350
<CMD> zoomBox 70.69600 170.70400 80.12450 175.48350
<CMD> zoomBox 66.11700 167.95250 84.17900 177.10850
<CMD> zoomBox 57.34400 162.68150 91.94650 180.22200
<CMD> zoomBox 50.29500 158.44600 98.18800 182.72350
<CMD> zoomBox 45.82250 155.75200 102.16750 184.31400
<CMD> pan -19.71900 107.86300
<CMD> zoomBox 9.68800 146.79500 87.67400 186.32750
<CMD> zoomBox -27.46850 131.20750 99.51950 195.57950
<CMD> pan 29.16950 126.83350
<CMD> pan 4.42900 62.08000
<CMD> zoomBox -113.57850 6.03700 172.62100 151.11600
<CMD> zoomBox -308.65700 -70.12850 239.61250 207.79750
<CMD> pan 130.22600 194.68000
<CMD> zoomBox -26.78700 -64.10800 309.91900 106.57350
<CMD> zoomBox 60.95000 -32.70100 267.73000 72.11900
<CMD> zoomBox 133.34400 -7.50100 241.28550 47.21600
<CMD> zoomBox 170.38750 5.06400 226.73450 33.62700
<CMD> zoomBox 189.72500 11.62300 219.13900 26.53350
<CMD> zoomBox 194.82450 14.15100 216.07650 24.92400
<CMD> zoomBox 199.94700 16.69000 212.99950 23.30650
<CMD> pan -0.05500 -181.41250

--------------------------------------------------------------------------------
Exiting Innovus on Mon May  4 14:23:51 2026
  Total CPU time:     0:01:55
  Total real time:    0:07:04
  Peak memory (main): 3183.42MB


*** Memory Usage v#2 (Current mem = 3838.746M, initial mem = 820.586M) ***
*** Message Summary: 2478 warning(s), 0 error(s)

--- Ending "Innovus" (totcpu=0:01:52, real=0:07:02, mem=3838.7M) ---
