###############################################################
#  Generated by:      Cadence Innovus 23.30-p003_1
#  OS:                Linux x86_64(Host ID dell52)
#  Generated on:      Mon May  4 14:16:26 2026
#  Design:            top
#  Command:           verifyConnectivity -noAntenna
###############################################################
Verify Connectivity Report is created on Mon May  4 14:16:26 2026




Multi-CPU acceleration using 16 CPU


Use pthread

Net VDD, Pin Pin: pfd_uut_Q_UP_reg/VPP; Direction: INOUT; Use: POWER;: has an unconnected terminal at (52.530, 176.136) (54.750, 176.544)
Net VDD: has special routes with opens at (0.000, 0.000) (216.000, 182.016)
Net VDD: has regular routing with opens at (207.420, 175.968) (208.380, 176.544)
Net VDD: has regular routing with opens at (156.660, 175.968) (157.620, 176.544)
Net VDD: has regular routing with opens at (105.900, 175.968) (106.860, 176.544)
Net VDD: has regular routing with opens at (55.140, 175.968) (56.100, 176.544)
Net VDD: has regular routing with opens at (4.380, 175.968) (5.700, 176.544)
Net VDD: has regular routing with opens at (207.420, 174.816) (208.380, 175.392)
Net VDD: has regular routing with opens at (156.660, 174.816) (157.620, 175.392)
Net VDD: has regular routing with opens at (105.900, 174.816) (106.860, 175.392)
Net VDD: has regular routing with opens at (55.140, 174.816) (56.100, 175.392)
Net VDD: has regular routing with opens at (4.380, 174.816) (5.700, 175.392)
Net VDD: has regular routing with opens at (207.420, 173.664) (208.380, 174.240)
Net VDD: has regular routing with opens at (156.660, 173.664) (157.620, 174.240)
Net VDD: has regular routing with opens at (105.900, 173.664) (106.860, 174.240)
Net VDD: has regular routing with opens at (55.140, 173.664) (56.100, 174.240)
Net VDD: has regular routing with opens at (4.380, 173.664) (5.700, 174.240)
Net VDD: has regular routing with opens at (207.420, 172.512) (208.380, 173.088)
Net VDD: has regular routing with opens at (156.660, 172.512) (157.620, 173.088)
Net VDD: has regular routing with opens at (105.900, 172.512) (106.860, 173.088)
Net VDD: has regular routing with opens at (55.140, 172.512) (56.100, 173.088)
Net VDD: has regular routing with opens at (4.380, 172.512) (5.700, 173.088)
Net VDD: has regular routing with opens at (207.420, 171.360) (208.380, 171.936)
Net VDD: has regular routing with opens at (156.660, 171.360) (157.620, 171.936)
Net VDD: has regular routing with opens at (105.900, 171.360) (106.860, 171.936)
Net VDD: has regular routing with opens at (55.140, 171.360) (56.100, 171.936)
Net VDD: has regular routing with opens at (4.380, 171.360) (5.700, 171.936)
Net VDD: has regular routing with opens at (207.420, 170.208) (208.380, 170.784)
Net VDD: has regular routing with opens at (156.660, 170.208) (157.620, 170.784)
Net VDD: has regular routing with opens at (105.900, 170.208) (106.860, 170.784)
Net VDD: has regular routing with opens at (55.140, 170.208) (56.100, 170.784)
Net VDD: has regular routing with opens at (4.380, 170.208) (5.700, 170.784)
Net VDD: has regular routing with opens at (207.420, 169.056) (208.380, 169.632)
Net VDD: has regular routing with opens at (156.660, 169.056) (157.620, 169.632)
Net VDD: has regular routing with opens at (105.900, 169.056) (106.860, 169.632)
Net VDD: has regular routing with opens at (55.140, 169.056) (56.100, 169.632)
Net VDD: has regular routing with opens at (4.380, 169.056) (5.700, 169.632)
Net VDD: has regular routing with opens at (207.420, 167.904) (208.380, 168.480)
Net VDD: has regular routing with opens at (156.660, 167.904) (157.620, 168.480)
Net VDD: has regular routing with opens at (105.900, 167.904) (106.860, 168.480)
Net VDD: has regular routing with opens at (55.140, 167.904) (56.100, 168.480)
Net VDD: has regular routing with opens at (4.380, 167.904) (5.700, 168.480)
Net VDD: has regular routing with opens at (207.420, 166.752) (208.380, 167.328)
Net VDD: has regular routing with opens at (156.660, 166.752) (157.620, 167.328)
Net VDD: has regular routing with opens at (105.900, 166.752) (106.860, 167.328)
Net VDD: has regular routing with opens at (55.140, 166.752) (56.100, 167.328)
Net VDD: has regular routing with opens at (4.380, 166.752) (5.700, 167.328)
Net VDD: has regular routing with opens at (207.420, 165.600) (208.380, 166.176)
Net VDD: has regular routing with opens at (156.660, 165.600) (157.620, 166.176)
Net VDD: has regular routing with opens at (105.900, 165.600) (106.860, 166.176)
Net VDD: has regular routing with opens at (55.140, 165.600) (56.100, 166.176)
Net VDD: has regular routing with opens at (4.380, 165.600) (5.700, 166.176)
Net VDD: has regular routing with opens at (207.420, 164.448) (208.380, 165.024)
Net VDD: has regular routing with opens at (156.660, 164.448) (157.620, 165.024)
Net VDD: has regular routing with opens at (105.900, 164.448) (106.860, 165.024)
Net VDD: has regular routing with opens at (55.140, 164.448) (56.100, 165.024)
Net VDD: has regular routing with opens at (4.380, 164.448) (5.700, 165.024)
Net VDD: has regular routing with opens at (207.420, 163.296) (208.380, 163.872)
Net VDD: has regular routing with opens at (156.660, 163.296) (157.620, 163.872)
Net VDD: has regular routing with opens at (105.900, 163.296) (106.860, 163.872)
Net VDD: has regular routing with opens at (55.140, 163.296) (56.100, 163.872)
Net VDD: has regular routing with opens at (4.380, 163.296) (5.700, 163.872)
Net VDD: has regular routing with opens at (207.420, 162.144) (208.380, 162.720)
Net VDD: has regular routing with opens at (156.660, 162.144) (157.620, 162.720)
Net VDD: has regular routing with opens at (105.900, 162.144) (106.860, 162.720)
Net VDD: has regular routing with opens at (55.140, 162.144) (56.100, 162.720)
Net VDD: has regular routing with opens at (4.380, 162.144) (5.700, 162.720)
Net VDD: has regular routing with opens at (207.420, 160.992) (208.380, 161.568)
Net VDD: has regular routing with opens at (156.660, 160.992) (157.620, 161.568)
Net VDD: has regular routing with opens at (105.900, 160.992) (106.860, 161.568)
Net VDD: has regular routing with opens at (55.140, 160.992) (56.100, 161.568)
Net VDD: has regular routing with opens at (4.380, 160.992) (5.700, 161.568)
Net VDD: has regular routing with opens at (207.420, 159.840) (208.380, 160.416)
Net VDD: has regular routing with opens at (156.660, 159.840) (157.620, 160.416)
Net VDD: has regular routing with opens at (105.900, 159.840) (106.860, 160.416)
Net VDD: has regular routing with opens at (55.140, 159.840) (56.100, 160.416)
Net VDD: has regular routing with opens at (4.380, 159.840) (5.700, 160.416)
Net VDD: has regular routing with opens at (207.420, 158.688) (208.380, 159.264)
Net VDD: has regular routing with opens at (156.660, 158.688) (157.620, 159.264)
Net VDD: has regular routing with opens at (105.900, 158.688) (106.860, 159.264)
Net VDD: has regular routing with opens at (55.140, 158.688) (56.100, 159.264)
Net VDD: has regular routing with opens at (4.380, 158.688) (5.700, 159.264)
Net VDD: has regular routing with opens at (207.420, 157.536) (208.380, 158.112)
Net VDD: has regular routing with opens at (156.660, 157.536) (157.620, 158.112)
Net VDD: has regular routing with opens at (105.900, 157.536) (106.860, 158.112)
Net VDD: has regular routing with opens at (55.140, 157.536) (56.100, 158.112)
Net VDD: has regular routing with opens at (4.380, 157.536) (5.700, 158.112)
Net VDD: has regular routing with opens at (207.420, 156.384) (208.380, 156.960)
Net VDD: has regular routing with opens at (156.660, 156.384) (157.620, 156.960)
Net VDD: has regular routing with opens at (105.900, 156.384) (106.860, 156.960)
Net VDD: has regular routing with opens at (55.140, 156.384) (56.100, 156.960)
Net VDD: has regular routing with opens at (4.380, 156.384) (5.700, 156.960)
Net VDD: has regular routing with opens at (207.420, 155.232) (208.380, 155.808)
Net VDD: has regular routing with opens at (156.660, 155.232) (157.620, 155.808)
Net VDD: has regular routing with opens at (105.900, 155.232) (106.860, 155.808)
Net VDD: has regular routing with opens at (55.140, 155.232) (56.100, 155.808)
Net VDD: has regular routing with opens at (4.380, 155.232) (5.700, 155.808)
Net VDD: has regular routing with opens at (207.420, 154.080) (208.380, 154.656)
Net VDD: has regular routing with opens at (156.660, 154.080) (157.620, 154.656)
Net VDD: has regular routing with opens at (105.900, 154.080) (106.860, 154.656)
Net VDD: has regular routing with opens at (55.140, 154.080) (56.100, 154.656)
Net VDD: has regular routing with opens at (4.380, 154.080) (5.700, 154.656)
Net VDD: has regular routing with opens at (207.420, 152.928) (208.380, 153.504)
Net VDD: has regular routing with opens at (156.660, 152.928) (157.620, 153.504)
Net VDD: has regular routing with opens at (105.900, 152.928) (106.860, 153.504)
Net VDD: has regular routing with opens at (55.140, 152.928) (56.100, 153.504)
Net VDD: has regular routing with opens at (4.380, 152.928) (5.700, 153.504)
Net VDD: has regular routing with opens at (207.420, 151.776) (208.380, 152.352)
Net VDD: has regular routing with opens at (156.660, 151.776) (157.620, 152.352)
Net VDD: has regular routing with opens at (105.900, 151.776) (106.860, 152.352)
Net VDD: has regular routing with opens at (55.140, 151.776) (56.100, 152.352)
Net VDD: has regular routing with opens at (4.380, 151.776) (5.700, 152.352)
Net VDD: has regular routing with opens at (207.420, 150.624) (208.380, 151.200)
Net VDD: has regular routing with opens at (156.660, 150.624) (157.620, 151.200)
Net VDD: has regular routing with opens at (105.900, 150.624) (106.860, 151.200)
Net VDD: has regular routing with opens at (55.140, 150.624) (56.100, 151.200)
Net VDD: has regular routing with opens at (4.380, 150.624) (5.700, 151.200)
Net VDD: has regular routing with opens at (207.420, 149.472) (208.380, 150.048)
Net VDD: has regular routing with opens at (156.660, 149.472) (157.620, 150.048)
Net VDD: has regular routing with opens at (105.900, 149.472) (106.860, 150.048)
Net VDD: has regular routing with opens at (55.140, 149.472) (56.100, 150.048)
Net VDD: has regular routing with opens at (4.380, 149.472) (5.700, 150.048)
Net VDD: has regular routing with opens at (207.420, 148.320) (208.380, 148.896)
Net VDD: has regular routing with opens at (156.660, 148.320) (157.620, 148.896)
Net VDD: has regular routing with opens at (105.900, 148.320) (106.860, 148.896)
Net VDD: has regular routing with opens at (55.140, 148.320) (56.100, 148.896)
Net VDD: has regular routing with opens at (4.380, 148.320) (5.700, 148.896)
Net VDD: has regular routing with opens at (207.420, 147.168) (208.380, 147.744)
Net VDD: has regular routing with opens at (156.660, 147.168) (157.620, 147.744)
Net VDD: has regular routing with opens at (105.900, 147.168) (106.860, 147.744)
Net VDD: has regular routing with opens at (55.140, 147.168) (56.100, 147.744)
Net VDD: has regular routing with opens at (4.380, 147.168) (5.700, 147.744)
Net VDD: has regular routing with opens at (207.420, 146.016) (208.380, 146.592)
Net VDD: has regular routing with opens at (156.660, 146.016) (157.620, 146.592)
Net VDD: has regular routing with opens at (105.900, 146.016) (106.860, 146.592)
Net VDD: has regular routing with opens at (55.140, 146.016) (56.100, 146.592)
Net VDD: has regular routing with opens at (4.380, 146.016) (5.700, 146.592)
Net VDD: has regular routing with opens at (207.420, 144.864) (208.380, 145.440)
Net VDD: has regular routing with opens at (156.660, 144.864) (157.620, 145.440)
Net VDD: has regular routing with opens at (105.900, 144.864) (106.860, 145.440)
Net VDD: has regular routing with opens at (55.140, 144.864) (56.100, 145.440)
Net VDD: has regular routing with opens at (4.380, 144.864) (5.700, 145.440)
Net VDD: has regular routing with opens at (207.420, 143.712) (208.380, 144.288)
Net VDD: has regular routing with opens at (156.660, 143.712) (157.620, 144.288)
Net VDD: has regular routing with opens at (105.900, 143.712) (106.860, 144.288)
Net VDD: has regular routing with opens at (55.140, 143.712) (56.100, 144.288)
Net VDD: has regular routing with opens at (4.380, 143.712) (5.700, 144.288)
Net VDD: has regular routing with opens at (207.420, 142.560) (208.380, 143.136)
Net VDD: has regular routing with opens at (156.660, 142.560) (157.620, 143.136)
Net VDD: has regular routing with opens at (105.900, 142.560) (106.860, 143.136)
Net VDD: has regular routing with opens at (55.140, 142.560) (56.100, 143.136)
Net VDD: has regular routing with opens at (4.380, 142.560) (5.700, 143.136)
Net VDD: has regular routing with opens at (207.420, 141.408) (208.380, 141.984)
Net VDD: has regular routing with opens at (156.660, 141.408) (157.620, 141.984)
Net VDD: has regular routing with opens at (105.900, 141.408) (106.860, 141.984)
Net VDD: has regular routing with opens at (55.140, 141.408) (56.100, 141.984)
Net VDD: has regular routing with opens at (4.380, 141.408) (5.700, 141.984)
Net VDD: has regular routing with opens at (207.420, 140.256) (208.380, 140.832)
Net VDD: has regular routing with opens at (156.660, 140.256) (157.620, 140.832)
Net VDD: has regular routing with opens at (105.900, 140.256) (106.860, 140.832)
Net VDD: has regular routing with opens at (55.140, 140.256) (56.100, 140.832)
Net VDD: has regular routing with opens at (4.380, 140.256) (5.700, 140.832)
Net VDD: has regular routing with opens at (207.420, 139.104) (208.380, 139.680)
Net VDD: has regular routing with opens at (156.660, 139.104) (157.620, 139.680)
Net VDD: has regular routing with opens at (105.900, 139.104) (106.860, 139.680)
Net VDD: has regular routing with opens at (55.140, 139.104) (56.100, 139.680)
Net VDD: has regular routing with opens at (4.380, 139.104) (5.700, 139.680)
Net VDD: has regular routing with opens at (207.420, 137.952) (208.380, 138.528)
Net VDD: has regular routing with opens at (156.660, 137.952) (157.620, 138.528)
Net VDD: has regular routing with opens at (105.900, 137.952) (106.860, 138.528)
Net VDD: has regular routing with opens at (55.140, 137.952) (56.100, 138.528)
Net VDD: has regular routing with opens at (4.380, 137.952) (5.700, 138.528)
Net VDD: has regular routing with opens at (207.420, 136.800) (208.380, 137.376)
Net VDD: has regular routing with opens at (156.660, 136.800) (157.620, 137.376)
Net VDD: has regular routing with opens at (105.900, 136.800) (106.860, 137.376)
Net VDD: has regular routing with opens at (55.140, 136.800) (56.100, 137.376)
Net VDD: has regular routing with opens at (4.380, 136.800) (5.700, 137.376)
Net VDD: has regular routing with opens at (207.420, 135.648) (208.380, 136.224)
Net VDD: has regular routing with opens at (156.660, 135.648) (157.620, 136.224)
Net VDD: has regular routing with opens at (105.900, 135.648) (106.860, 136.224)
Net VDD: has regular routing with opens at (55.140, 135.648) (56.100, 136.224)
Net VDD: has regular routing with opens at (4.380, 135.648) (5.700, 136.224)
Net VDD: has regular routing with opens at (207.420, 134.496) (208.380, 135.072)
Net VDD: has regular routing with opens at (156.660, 134.496) (157.620, 135.072)
Net VDD: has regular routing with opens at (105.900, 134.496) (106.860, 135.072)
Net VDD: has regular routing with opens at (55.140, 134.496) (56.100, 135.072)
Net VDD: has regular routing with opens at (4.380, 134.496) (5.700, 135.072)
Net VDD: has regular routing with opens at (207.420, 133.344) (208.380, 133.920)
Net VDD: has regular routing with opens at (156.660, 133.344) (157.620, 133.920)
Net VDD: has regular routing with opens at (105.900, 133.344) (106.860, 133.920)
Net VDD: has regular routing with opens at (55.140, 133.344) (56.100, 133.920)
Net VDD: has regular routing with opens at (4.380, 133.344) (5.700, 133.920)
Net VDD: has regular routing with opens at (207.420, 132.192) (208.380, 132.768)
Net VDD: has regular routing with opens at (156.660, 132.192) (157.620, 132.768)
Net VDD: has regular routing with opens at (105.900, 132.192) (106.860, 132.768)
Net VDD: has regular routing with opens at (55.140, 132.192) (56.100, 132.768)
Net VDD: has regular routing with opens at (4.380, 132.192) (5.700, 132.768)
Net VDD: has regular routing with opens at (207.420, 131.040) (208.380, 131.616)
Net VDD: has regular routing with opens at (156.660, 131.040) (157.620, 131.616)
Net VDD: has regular routing with opens at (105.900, 131.040) (106.860, 131.616)
Net VDD: has regular routing with opens at (55.140, 131.040) (56.100, 131.616)
Net VDD: has regular routing with opens at (4.380, 131.040) (5.700, 131.616)
Net VDD: has regular routing with opens at (207.420, 129.888) (208.380, 130.464)
Net VDD: has regular routing with opens at (156.660, 129.888) (157.620, 130.464)
Net VDD: has regular routing with opens at (105.900, 129.888) (106.860, 130.464)
Net VDD: has regular routing with opens at (55.140, 129.888) (56.100, 130.464)
Net VDD: has regular routing with opens at (4.380, 129.888) (5.700, 130.464)
Net VDD: has regular routing with opens at (207.420, 128.736) (208.380, 129.312)
Net VDD: has regular routing with opens at (156.660, 128.736) (157.620, 129.312)
Net VDD: has regular routing with opens at (105.900, 128.736) (106.860, 129.312)
Net VDD: has regular routing with opens at (55.140, 128.736) (56.100, 129.312)
Net VDD: has regular routing with opens at (4.380, 128.736) (5.700, 129.312)
Net VDD: has regular routing with opens at (207.420, 127.584) (208.380, 128.160)
Net VDD: has regular routing with opens at (156.660, 127.584) (157.620, 128.160)
Net VDD: has regular routing with opens at (105.900, 127.584) (106.860, 128.160)
Net VDD: has regular routing with opens at (55.140, 127.584) (56.100, 128.160)
Net VDD: has regular routing with opens at (4.380, 127.584) (5.700, 128.160)
Net VDD: has regular routing with opens at (207.420, 126.432) (208.380, 127.008)
Net VDD: has regular routing with opens at (156.660, 126.432) (157.620, 127.008)
Net VDD: has regular routing with opens at (105.900, 126.432) (106.860, 127.008)
Net VDD: has regular routing with opens at (55.140, 126.432) (56.100, 127.008)
Net VDD: has regular routing with opens at (4.380, 126.432) (5.700, 127.008)
Net VDD: has regular routing with opens at (207.420, 125.280) (208.380, 125.856)
Net VDD: has regular routing with opens at (156.660, 125.280) (157.620, 125.856)
Net VDD: has regular routing with opens at (105.900, 125.280) (106.860, 125.856)
Net VDD: has regular routing with opens at (55.140, 125.280) (56.100, 125.856)
Net VDD: has regular routing with opens at (4.380, 125.280) (5.700, 125.856)
Net VDD: has regular routing with opens at (207.420, 124.128) (208.380, 124.704)
Net VDD: has regular routing with opens at (156.660, 124.128) (157.620, 124.704)
Net VDD: has regular routing with opens at (105.900, 124.128) (106.860, 124.704)
Net VDD: has regular routing with opens at (55.140, 124.128) (56.100, 124.704)
Net VDD: has regular routing with opens at (4.380, 124.128) (5.700, 124.704)
Net VDD: has regular routing with opens at (207.420, 122.976) (208.380, 123.552)
Net VDD: has regular routing with opens at (156.660, 122.976) (157.620, 123.552)
Net VDD: has regular routing with opens at (105.900, 122.976) (106.860, 123.552)
Net VDD: has regular routing with opens at (55.140, 122.976) (56.100, 123.552)
Net VDD: has regular routing with opens at (4.380, 122.976) (5.700, 123.552)
Net VDD: has regular routing with opens at (207.420, 121.824) (208.380, 122.400)
Net VDD: has regular routing with opens at (156.660, 121.824) (157.620, 122.400)
Net VDD: has regular routing with opens at (105.900, 121.824) (106.860, 122.400)
Net VDD: has regular routing with opens at (55.140, 121.824) (56.100, 122.400)
Net VDD: has regular routing with opens at (4.380, 121.824) (5.700, 122.400)
Net VDD: has regular routing with opens at (207.420, 120.672) (208.380, 121.248)
Net VDD: has regular routing with opens at (156.660, 120.672) (157.620, 121.248)
Net VDD: has regular routing with opens at (105.900, 120.672) (106.860, 121.248)
Net VDD: has regular routing with opens at (55.140, 120.672) (56.100, 121.248)
Net VDD: has regular routing with opens at (4.380, 120.672) (5.700, 121.248)
Net VDD: has regular routing with opens at (207.420, 119.520) (208.380, 120.096)
Net VDD: has regular routing with opens at (156.660, 119.520) (157.620, 120.096)
Net VDD: has regular routing with opens at (105.900, 119.520) (106.860, 120.096)
Net VDD: has regular routing with opens at (55.140, 119.520) (56.100, 120.096)
Net VDD: has regular routing with opens at (4.380, 119.520) (5.700, 120.096)
Net VDD: has regular routing with opens at (207.420, 118.368) (208.380, 118.944)
Net VDD: has regular routing with opens at (156.660, 118.368) (157.620, 118.944)
Net VDD: has regular routing with opens at (105.900, 118.368) (106.860, 118.944)
Net VDD: has regular routing with opens at (55.140, 118.368) (56.100, 118.944)
Net VDD: has regular routing with opens at (4.380, 118.368) (5.700, 118.944)
Net VDD: has regular routing with opens at (207.420, 117.216) (208.380, 117.792)
Net VDD: has regular routing with opens at (156.660, 117.216) (157.620, 117.792)
Net VDD: has regular routing with opens at (105.900, 117.216) (106.860, 117.792)
Net VDD: has regular routing with opens at (55.140, 117.216) (56.100, 117.792)
Net VDD: has regular routing with opens at (4.380, 117.216) (5.700, 117.792)
Net VDD: has regular routing with opens at (207.420, 116.064) (208.380, 116.640)
Net VDD: has regular routing with opens at (156.660, 116.064) (157.620, 116.640)
Net VDD: has regular routing with opens at (105.900, 116.064) (106.860, 116.640)
Net VDD: has regular routing with opens at (55.140, 116.064) (56.100, 116.640)
Net VDD: has regular routing with opens at (4.380, 116.064) (5.700, 116.640)
Net VDD: has regular routing with opens at (207.420, 114.912) (208.380, 115.488)
Net VDD: has regular routing with opens at (156.660, 114.912) (157.620, 115.488)
Net VDD: has regular routing with opens at (105.900, 114.912) (106.860, 115.488)
Net VDD: has regular routing with opens at (55.140, 114.912) (56.100, 115.488)
Net VDD: has regular routing with opens at (4.380, 114.912) (5.700, 115.488)
Net VDD: has regular routing with opens at (207.420, 113.760) (208.380, 114.336)
Net VDD: has regular routing with opens at (156.660, 113.760) (157.620, 114.336)
Net VDD: has regular routing with opens at (105.900, 113.760) (106.860, 114.336)
Net VDD: has regular routing with opens at (55.140, 113.760) (56.100, 114.336)
Net VDD: has regular routing with opens at (4.380, 113.760) (5.700, 114.336)
Net VDD: has regular routing with opens at (207.420, 112.608) (208.380, 113.184)
Net VDD: has regular routing with opens at (156.660, 112.608) (157.620, 113.184)
Net VDD: has regular routing with opens at (105.900, 112.608) (106.860, 113.184)
Net VDD: has regular routing with opens at (55.140, 112.608) (56.100, 113.184)
Net VDD: has regular routing with opens at (4.380, 112.608) (5.700, 113.184)
Net VDD: has regular routing with opens at (207.420, 111.456) (208.380, 112.032)
Net VDD: has regular routing with opens at (156.660, 111.456) (157.620, 112.032)
Net VDD: has regular routing with opens at (105.900, 111.456) (106.860, 112.032)
Net VDD: has regular routing with opens at (55.140, 111.456) (56.100, 112.032)
Net VDD: has regular routing with opens at (4.380, 111.456) (5.700, 112.032)
Net VDD: has regular routing with opens at (207.420, 110.304) (208.380, 110.880)
Net VDD: has regular routing with opens at (156.660, 110.304) (157.620, 110.880)
Net VDD: has regular routing with opens at (105.900, 110.304) (106.860, 110.880)
Net VDD: has regular routing with opens at (55.140, 110.304) (56.100, 110.880)
Net VDD: has regular routing with opens at (4.380, 110.304) (5.700, 110.880)
Net VDD: has regular routing with opens at (207.420, 109.152) (208.380, 109.728)
Net VDD: has regular routing with opens at (156.660, 109.152) (157.620, 109.728)
Net VDD: has regular routing with opens at (105.900, 109.152) (106.860, 109.728)
Net VDD: has regular routing with opens at (55.140, 109.152) (56.100, 109.728)
Net VDD: has regular routing with opens at (4.380, 109.152) (5.700, 109.728)
Net VDD: has regular routing with opens at (207.420, 108.000) (208.380, 108.576)
Net VDD: has regular routing with opens at (156.660, 108.000) (157.620, 108.576)
Net VDD: has regular routing with opens at (105.900, 108.000) (106.860, 108.576)
Net VDD: has regular routing with opens at (55.140, 108.000) (56.100, 108.576)
Net VDD: has regular routing with opens at (4.380, 108.000) (5.700, 108.576)
Net VDD: has regular routing with opens at (207.420, 106.848) (208.380, 107.424)
Net VDD: has regular routing with opens at (156.660, 106.848) (157.620, 107.424)
Net VDD: has regular routing with opens at (105.900, 106.848) (106.860, 107.424)
Net VDD: has regular routing with opens at (55.140, 106.848) (56.100, 107.424)
Net VDD: has regular routing with opens at (4.380, 106.848) (5.700, 107.424)
Net VDD: has regular routing with opens at (207.420, 105.696) (208.380, 106.272)
Net VDD: has regular routing with opens at (156.660, 105.696) (157.620, 106.272)
Net VDD: has regular routing with opens at (105.900, 105.696) (106.860, 106.272)
Net VDD: has regular routing with opens at (55.140, 105.696) (56.100, 106.272)
Net VDD: has regular routing with opens at (4.380, 105.696) (5.700, 106.272)
Net VDD: has regular routing with opens at (207.420, 104.544) (208.380, 105.120)
Net VDD: has regular routing with opens at (156.660, 104.544) (157.620, 105.120)
Net VDD: has regular routing with opens at (105.900, 104.544) (106.860, 105.120)
Net VDD: has regular routing with opens at (55.140, 104.544) (56.100, 105.120)
Net VDD: has regular routing with opens at (4.380, 104.544) (5.700, 105.120)
Net VDD: has regular routing with opens at (207.420, 103.392) (208.380, 103.968)
Net VDD: has regular routing with opens at (156.660, 103.392) (157.620, 103.968)
Net VDD: has regular routing with opens at (105.900, 103.392) (106.860, 103.968)
Net VDD: has regular routing with opens at (55.140, 103.392) (56.100, 103.968)
Net VDD: has regular routing with opens at (4.380, 103.392) (5.700, 103.968)
Net VDD: has regular routing with opens at (207.420, 102.240) (208.380, 102.816)
Net VDD: has regular routing with opens at (156.660, 102.240) (157.620, 102.816)
Net VDD: has regular routing with opens at (105.900, 102.240) (106.860, 102.816)
Net VDD: has regular routing with opens at (55.140, 102.240) (56.100, 102.816)
Net VDD: has regular routing with opens at (4.380, 102.240) (5.700, 102.816)
Net VDD: has regular routing with opens at (207.420, 101.088) (208.380, 101.664)
Net VDD: has regular routing with opens at (156.660, 101.088) (157.620, 101.664)
Net VDD: has regular routing with opens at (105.900, 101.088) (106.860, 101.664)
Net VDD: has regular routing with opens at (55.140, 101.088) (56.100, 101.664)
Net VDD: has regular routing with opens at (4.380, 101.088) (5.700, 101.664)
Net VDD: has regular routing with opens at (207.420, 99.936) (208.380, 100.512)
Net VDD: has regular routing with opens at (156.660, 99.936) (157.620, 100.512)
Net VDD: has regular routing with opens at (105.900, 99.936) (106.860, 100.512)
Net VDD: has regular routing with opens at (55.140, 99.936) (56.100, 100.512)
Net VDD: has regular routing with opens at (4.380, 99.936) (5.700, 100.512)
Net VDD: has regular routing with opens at (207.420, 98.784) (208.380, 99.360)
Net VDD: has regular routing with opens at (156.660, 98.784) (157.620, 99.360)
Net VDD: has regular routing with opens at (105.900, 98.784) (106.860, 99.360)
Net VDD: has regular routing with opens at (55.140, 98.784) (56.100, 99.360)
Net VDD: has regular routing with opens at (4.380, 98.784) (5.700, 99.360)
Net VDD: has regular routing with opens at (207.420, 97.632) (208.380, 98.208)
Net VDD: has regular routing with opens at (156.660, 97.632) (157.620, 98.208)
Net VDD: has regular routing with opens at (105.900, 97.632) (106.860, 98.208)
Net VDD: has regular routing with opens at (55.140, 97.632) (56.100, 98.208)
Net VDD: has regular routing with opens at (4.380, 97.632) (5.700, 98.208)
Net VDD: has regular routing with opens at (207.420, 96.480) (208.380, 97.056)
Net VDD: has regular routing with opens at (156.660, 96.480) (157.620, 97.056)
Net VDD: has regular routing with opens at (105.900, 96.480) (106.860, 97.056)
Net VDD: has regular routing with opens at (55.140, 96.480) (56.100, 97.056)
Net VDD: has regular routing with opens at (4.380, 96.480) (5.700, 97.056)
Net VDD: has regular routing with opens at (207.420, 95.328) (208.380, 95.904)
Net VDD: has regular routing with opens at (156.660, 95.328) (157.620, 95.904)
Net VDD: has regular routing with opens at (105.900, 95.328) (106.860, 95.904)
Net VDD: has regular routing with opens at (55.140, 95.328) (56.100, 95.904)
Net VDD: has regular routing with opens at (4.380, 95.328) (5.700, 95.904)
Net VDD: has regular routing with opens at (207.420, 94.176) (208.380, 94.752)
Net VDD: has regular routing with opens at (156.660, 94.176) (157.620, 94.752)
Net VDD: has regular routing with opens at (105.900, 94.176) (106.860, 94.752)
Net VDD: has regular routing with opens at (55.140, 94.176) (56.100, 94.752)
Net VDD: has regular routing with opens at (4.380, 94.176) (5.700, 94.752)
Net VDD: has regular routing with opens at (207.420, 93.024) (208.380, 93.600)
Net VDD: has regular routing with opens at (156.660, 93.024) (157.620, 93.600)
Net VDD: has regular routing with opens at (105.900, 93.024) (106.860, 93.600)
Net VDD: has regular routing with opens at (55.140, 93.024) (56.100, 93.600)
Net VDD: has regular routing with opens at (4.380, 93.024) (5.700, 93.600)
Net VDD: has regular routing with opens at (207.420, 91.872) (208.380, 92.448)
Net VDD: has regular routing with opens at (156.660, 91.872) (157.620, 92.448)
Net VDD: has regular routing with opens at (105.900, 91.872) (106.860, 92.448)
Net VDD: has regular routing with opens at (55.140, 91.872) (56.100, 92.448)
Net VDD: has regular routing with opens at (4.380, 91.872) (5.700, 92.448)
Net VDD: has regular routing with opens at (207.420, 90.720) (208.380, 91.296)
Net VDD: has regular routing with opens at (156.660, 90.720) (157.620, 91.296)
Net VDD: has regular routing with opens at (105.900, 90.720) (106.860, 91.296)
Net VDD: has regular routing with opens at (55.140, 90.720) (56.100, 91.296)
Net VDD: has regular routing with opens at (4.380, 90.720) (5.700, 91.296)
Net VDD: has regular routing with opens at (207.420, 89.568) (208.380, 90.144)
Net VDD: has regular routing with opens at (156.660, 89.568) (157.620, 90.144)
Net VDD: has regular routing with opens at (105.900, 89.568) (106.860, 90.144)
Net VDD: has regular routing with opens at (55.140, 89.568) (56.100, 90.144)
Net VDD: has regular routing with opens at (4.380, 89.568) (5.700, 90.144)
Net VDD: has regular routing with opens at (207.420, 88.416) (208.380, 88.992)
Net VDD: has regular routing with opens at (156.660, 88.416) (157.620, 88.992)
Net VDD: has regular routing with opens at (105.900, 88.416) (106.860, 88.992)
Net VDD: has regular routing with opens at (55.140, 88.416) (56.100, 88.992)
Net VDD: has regular routing with opens at (4.380, 88.416) (5.700, 88.992)
Net VDD: has regular routing with opens at (207.420, 87.264) (208.380, 87.840)
Net VDD: has regular routing with opens at (156.660, 87.264) (157.620, 87.840)
Net VDD: has regular routing with opens at (105.900, 87.264) (106.860, 87.840)
Net VDD: has regular routing with opens at (55.140, 87.264) (56.100, 87.840)
Net VDD: has regular routing with opens at (4.380, 87.264) (5.700, 87.840)
Net VDD: has regular routing with opens at (207.420, 86.112) (208.380, 86.688)
Net VDD: has regular routing with opens at (156.660, 86.112) (157.620, 86.688)
Net VDD: has regular routing with opens at (105.900, 86.112) (106.860, 86.688)
Net VDD: has regular routing with opens at (55.140, 86.112) (56.100, 86.688)
Net VDD: has regular routing with opens at (4.380, 86.112) (5.700, 86.688)
Net VDD: has regular routing with opens at (207.420, 84.960) (208.380, 85.536)
Net VDD: has regular routing with opens at (156.660, 84.960) (157.620, 85.536)
Net VDD: has regular routing with opens at (105.900, 84.960) (106.860, 85.536)
Net VDD: has regular routing with opens at (55.140, 84.960) (56.100, 85.536)
Net VDD: has regular routing with opens at (4.380, 84.960) (5.700, 85.536)
Net VDD: has regular routing with opens at (207.420, 83.808) (208.380, 84.384)
Net VDD: has regular routing with opens at (156.660, 83.808) (157.620, 84.384)
Net VDD: has regular routing with opens at (105.900, 83.808) (106.860, 84.384)
Net VDD: has regular routing with opens at (55.140, 83.808) (56.100, 84.384)
Net VDD: has regular routing with opens at (4.380, 83.808) (5.700, 84.384)
Net VDD: has regular routing with opens at (207.420, 82.656) (208.380, 83.232)
Net VDD: has regular routing with opens at (156.660, 82.656) (157.620, 83.232)
Net VDD: has regular routing with opens at (105.900, 82.656) (106.860, 83.232)
Net VDD: has regular routing with opens at (55.140, 82.656) (56.100, 83.232)
Net VDD: has regular routing with opens at (4.380, 82.656) (5.700, 83.232)
Net VDD: has regular routing with opens at (207.420, 81.504) (208.380, 82.080)
Net VDD: has regular routing with opens at (156.660, 81.504) (157.620, 82.080)
Net VDD: has regular routing with opens at (105.900, 81.504) (106.860, 82.080)
Net VDD: has regular routing with opens at (55.140, 81.504) (56.100, 82.080)
Net VDD: has regular routing with opens at (4.380, 81.504) (5.700, 82.080)
Net VDD: has regular routing with opens at (207.420, 80.352) (208.380, 80.928)
Net VDD: has regular routing with opens at (156.660, 80.352) (157.620, 80.928)
Net VDD: has regular routing with opens at (105.900, 80.352) (106.860, 80.928)
Net VDD: has regular routing with opens at (55.140, 80.352) (56.100, 80.928)
Net VDD: has regular routing with opens at (4.380, 80.352) (5.700, 80.928)
Net VDD: has regular routing with opens at (207.420, 79.200) (208.380, 79.776)
Net VDD: has regular routing with opens at (156.660, 79.200) (157.620, 79.776)
Net VDD: has regular routing with opens at (105.900, 79.200) (106.860, 79.776)
Net VDD: has regular routing with opens at (55.140, 79.200) (56.100, 79.776)
Net VDD: has regular routing with opens at (4.380, 79.200) (5.700, 79.776)
Net VDD: has regular routing with opens at (207.420, 78.048) (208.380, 78.624)
Net VDD: has regular routing with opens at (156.660, 78.048) (157.620, 78.624)
Net VDD: has regular routing with opens at (105.900, 78.048) (106.860, 78.624)
Net VDD: has regular routing with opens at (55.140, 78.048) (56.100, 78.624)
Net VDD: has regular routing with opens at (4.380, 78.048) (5.700, 78.624)
Net VDD: has regular routing with opens at (207.420, 76.896) (208.380, 77.472)
Net VDD: has regular routing with opens at (156.660, 76.896) (157.620, 77.472)
Net VDD: has regular routing with opens at (105.900, 76.896) (106.860, 77.472)
Net VDD: has regular routing with opens at (55.140, 76.896) (56.100, 77.472)
Net VDD: has regular routing with opens at (4.380, 76.896) (5.700, 77.472)
Net VDD: has regular routing with opens at (207.420, 75.744) (208.380, 76.320)
Net VDD: has regular routing with opens at (156.660, 75.744) (157.620, 76.320)
Net VDD: has regular routing with opens at (105.900, 75.744) (106.860, 76.320)
Net VDD: has regular routing with opens at (55.140, 75.744) (56.100, 76.320)
Net VDD: has regular routing with opens at (4.380, 75.744) (5.700, 76.320)
Net VDD: has regular routing with opens at (207.420, 74.592) (208.380, 75.168)
Net VDD: has regular routing with opens at (156.660, 74.592) (157.620, 75.168)
Net VDD: has regular routing with opens at (105.900, 74.592) (106.860, 75.168)
Net VDD: has regular routing with opens at (55.140, 74.592) (56.100, 75.168)
Net VDD: has regular routing with opens at (4.380, 74.592) (5.700, 75.168)
Net VDD: has regular routing with opens at (207.420, 73.440) (208.380, 74.016)
Net VDD: has regular routing with opens at (156.660, 73.440) (157.620, 74.016)
Net VDD: has regular routing with opens at (105.900, 73.440) (106.860, 74.016)
Net VDD: has regular routing with opens at (55.140, 73.440) (56.100, 74.016)
Net VDD: has regular routing with opens at (4.380, 73.440) (5.700, 74.016)
Net VDD: has regular routing with opens at (207.420, 72.288) (208.380, 72.864)
Net VDD: has regular routing with opens at (156.660, 72.288) (157.620, 72.864)
Net VDD: has regular routing with opens at (105.900, 72.288) (106.860, 72.864)
Net VDD: has regular routing with opens at (55.140, 72.288) (56.100, 72.864)
Net VDD: has regular routing with opens at (4.380, 72.288) (5.700, 72.864)
Net VDD: has regular routing with opens at (207.420, 71.136) (208.380, 71.712)
Net VDD: has regular routing with opens at (156.660, 71.136) (157.620, 71.712)
Net VDD: has regular routing with opens at (105.900, 71.136) (106.860, 71.712)
Net VDD: has regular routing with opens at (55.140, 71.136) (56.100, 71.712)
Net VDD: has regular routing with opens at (4.380, 71.136) (5.700, 71.712)
Net VDD: has regular routing with opens at (207.420, 69.984) (208.380, 70.560)
Net VDD: has regular routing with opens at (156.660, 69.984) (157.620, 70.560)
Net VDD: has regular routing with opens at (105.900, 69.984) (106.860, 70.560)
Net VDD: has regular routing with opens at (55.140, 69.984) (56.100, 70.560)
Net VDD: has regular routing with opens at (4.380, 69.984) (5.700, 70.560)
Net VDD: has regular routing with opens at (207.420, 68.832) (208.380, 69.408)
Net VDD: has regular routing with opens at (156.660, 68.832) (157.620, 69.408)
Net VDD: has regular routing with opens at (105.900, 68.832) (106.860, 69.408)
Net VDD: has regular routing with opens at (55.140, 68.832) (56.100, 69.408)
Net VDD: has regular routing with opens at (4.380, 68.832) (5.700, 69.408)
Net VDD: has regular routing with opens at (207.420, 67.680) (208.380, 68.256)
Net VDD: has regular routing with opens at (156.660, 67.680) (157.620, 68.256)
Net VDD: has regular routing with opens at (105.900, 67.680) (106.860, 68.256)
Net VDD: has regular routing with opens at (55.140, 67.680) (56.100, 68.256)
Net VDD: has regular routing with opens at (4.380, 67.680) (5.700, 68.256)
Net VDD: has regular routing with opens at (207.420, 66.528) (208.380, 67.104)
Net VDD: has regular routing with opens at (156.660, 66.528) (157.620, 67.104)
Net VDD: has regular routing with opens at (105.900, 66.528) (106.860, 67.104)
Net VDD: has regular routing with opens at (55.140, 66.528) (56.100, 67.104)
Net VDD: has regular routing with opens at (4.380, 66.528) (5.700, 67.104)
Net VDD: has regular routing with opens at (207.420, 65.376) (208.380, 65.952)
Net VDD: has regular routing with opens at (156.660, 65.376) (157.620, 65.952)
Net VDD: has regular routing with opens at (105.900, 65.376) (106.860, 65.952)
Net VDD: has regular routing with opens at (55.140, 65.376) (56.100, 65.952)
Net VDD: has regular routing with opens at (4.380, 65.376) (5.700, 65.952)
Net VDD: has regular routing with opens at (207.420, 64.224) (208.380, 64.800)
Net VDD: has regular routing with opens at (156.660, 64.224) (157.620, 64.800)
Net VDD: has regular routing with opens at (105.900, 64.224) (106.860, 64.800)
Net VDD: has regular routing with opens at (55.140, 64.224) (56.100, 64.800)
Net VDD: has regular routing with opens at (4.380, 64.224) (5.700, 64.800)
Net VDD: has regular routing with opens at (207.420, 63.072) (208.380, 63.648)
Net VDD: has regular routing with opens at (156.660, 63.072) (157.620, 63.648)
Net VDD: has regular routing with opens at (105.900, 63.072) (106.860, 63.648)
Net VDD: has regular routing with opens at (55.140, 63.072) (56.100, 63.648)
Net VDD: has regular routing with opens at (4.380, 63.072) (5.700, 63.648)
Net VDD: has regular routing with opens at (207.420, 61.920) (208.380, 62.496)
Net VDD: has regular routing with opens at (156.660, 61.920) (157.620, 62.496)
Net VDD: has regular routing with opens at (105.900, 61.920) (106.860, 62.496)
Net VDD: has regular routing with opens at (55.140, 61.920) (56.100, 62.496)
Net VDD: has regular routing with opens at (4.380, 61.920) (5.700, 62.496)
Net VDD: has regular routing with opens at (207.420, 60.768) (208.380, 61.344)
Net VDD: has regular routing with opens at (156.660, 60.768) (157.620, 61.344)
Net VDD: has regular routing with opens at (105.900, 60.768) (106.860, 61.344)
Net VDD: has regular routing with opens at (55.140, 60.768) (56.100, 61.344)
Net VDD: has regular routing with opens at (4.380, 60.768) (5.700, 61.344)
Net VDD: has regular routing with opens at (207.420, 59.616) (208.380, 60.192)
Net VDD: has regular routing with opens at (156.660, 59.616) (157.620, 60.192)
Net VDD: has regular routing with opens at (105.900, 59.616) (106.860, 60.192)
Net VDD: has regular routing with opens at (55.140, 59.616) (56.100, 60.192)
Net VDD: has regular routing with opens at (4.380, 59.616) (5.700, 60.192)
Net VDD: has regular routing with opens at (207.420, 58.464) (208.380, 59.040)
Net VDD: has regular routing with opens at (156.660, 58.464) (157.620, 59.040)
Net VDD: has regular routing with opens at (105.900, 58.464) (106.860, 59.040)
Net VDD: has regular routing with opens at (55.140, 58.464) (56.100, 59.040)
Net VDD: has regular routing with opens at (4.380, 58.464) (5.700, 59.040)
Net VDD: has regular routing with opens at (207.420, 57.312) (208.380, 57.888)
Net VDD: has regular routing with opens at (156.660, 57.312) (157.620, 57.888)
Net VDD: has regular routing with opens at (105.900, 57.312) (106.860, 57.888)
Net VDD: has regular routing with opens at (55.140, 57.312) (56.100, 57.888)
Net VDD: has regular routing with opens at (4.380, 57.312) (5.700, 57.888)
Net VDD: has regular routing with opens at (207.420, 56.160) (208.380, 56.736)
Net VDD: has regular routing with opens at (156.660, 56.160) (157.620, 56.736)
Net VDD: has regular routing with opens at (105.900, 56.160) (106.860, 56.736)
Net VDD: has regular routing with opens at (55.140, 56.160) (56.100, 56.736)
Net VDD: has regular routing with opens at (4.380, 56.160) (5.700, 56.736)
Net VDD: has regular routing with opens at (207.420, 55.008) (208.380, 55.584)
Net VDD: has regular routing with opens at (156.660, 55.008) (157.620, 55.584)
Net VDD: has regular routing with opens at (105.900, 55.008) (106.860, 55.584)
Net VDD: has regular routing with opens at (55.140, 55.008) (56.100, 55.584)
Net VDD: has regular routing with opens at (4.380, 55.008) (5.700, 55.584)
Net VDD: has regular routing with opens at (207.420, 53.856) (208.380, 54.432)
Net VDD: has regular routing with opens at (156.660, 53.856) (157.620, 54.432)
Net VDD: has regular routing with opens at (105.900, 53.856) (106.860, 54.432)
Net VDD: has regular routing with opens at (55.140, 53.856) (56.100, 54.432)
Net VDD: has regular routing with opens at (4.380, 53.856) (5.700, 54.432)
Net VDD: has regular routing with opens at (207.420, 52.704) (208.380, 53.280)
Net VDD: has regular routing with opens at (156.660, 52.704) (157.620, 53.280)
Net VDD: has regular routing with opens at (105.900, 52.704) (106.860, 53.280)
Net VDD: has regular routing with opens at (55.140, 52.704) (56.100, 53.280)
Net VDD: has regular routing with opens at (4.380, 52.704) (5.700, 53.280)
Net VDD: has regular routing with opens at (207.420, 51.552) (208.380, 52.128)
Net VDD: has regular routing with opens at (156.660, 51.552) (157.620, 52.128)
Net VDD: has regular routing with opens at (105.900, 51.552) (106.860, 52.128)
Net VDD: has regular routing with opens at (55.140, 51.552) (56.100, 52.128)
Net VDD: has regular routing with opens at (4.380, 51.552) (5.700, 52.128)
Net VDD: has regular routing with opens at (207.420, 50.400) (208.380, 50.976)
Net VDD: has regular routing with opens at (156.660, 50.400) (157.620, 50.976)
Net VDD: has regular routing with opens at (105.900, 50.400) (106.860, 50.976)
Net VDD: has regular routing with opens at (55.140, 50.400) (56.100, 50.976)
Net VDD: has regular routing with opens at (4.380, 50.400) (5.700, 50.976)
Net VDD: has regular routing with opens at (207.420, 49.248) (208.380, 49.824)
Net VDD: has regular routing with opens at (156.660, 49.248) (157.620, 49.824)
Net VDD: has regular routing with opens at (105.900, 49.248) (106.860, 49.824)
Net VDD: has regular routing with opens at (55.140, 49.248) (56.100, 49.824)
Net VDD: has regular routing with opens at (4.380, 49.248) (5.700, 49.824)
Net VDD: has regular routing with opens at (207.420, 48.096) (208.380, 48.672)
Net VDD: has regular routing with opens at (156.660, 48.096) (157.620, 48.672)
Net VDD: has regular routing with opens at (105.900, 48.096) (106.860, 48.672)
Net VDD: has regular routing with opens at (55.140, 48.096) (56.100, 48.672)
Net VDD: has regular routing with opens at (4.380, 48.096) (5.700, 48.672)
Net VDD: has regular routing with opens at (207.420, 46.944) (208.380, 47.520)
Net VDD: has regular routing with opens at (156.660, 46.944) (157.620, 47.520)
Net VDD: has regular routing with opens at (105.900, 46.944) (106.860, 47.520)
Net VDD: has regular routing with opens at (55.140, 46.944) (56.100, 47.520)
Net VDD: has regular routing with opens at (4.380, 46.944) (5.700, 47.520)
Net VDD: has regular routing with opens at (207.420, 45.792) (208.380, 46.368)
Net VDD: has regular routing with opens at (156.660, 45.792) (157.620, 46.368)
Net VDD: has regular routing with opens at (105.900, 45.792) (106.860, 46.368)
Net VDD: has regular routing with opens at (55.140, 45.792) (56.100, 46.368)
Net VDD: has regular routing with opens at (4.380, 45.792) (5.700, 46.368)
Net VDD: has regular routing with opens at (207.420, 44.640) (208.380, 45.216)
Net VDD: has regular routing with opens at (156.660, 44.640) (157.620, 45.216)
Net VDD: has regular routing with opens at (105.900, 44.640) (106.860, 45.216)
Net VDD: has regular routing with opens at (55.140, 44.640) (56.100, 45.216)
Net VDD: has regular routing with opens at (4.380, 44.640) (5.700, 45.216)
Net VDD: has regular routing with opens at (207.420, 43.488) (208.380, 44.064)
Net VDD: has regular routing with opens at (156.660, 43.488) (157.620, 44.064)
Net VDD: has regular routing with opens at (105.900, 43.488) (106.860, 44.064)
Net VDD: has regular routing with opens at (55.140, 43.488) (56.100, 44.064)
Net VDD: has regular routing with opens at (4.380, 43.488) (5.700, 44.064)
Net VDD: has regular routing with opens at (207.420, 42.336) (208.380, 42.912)
Net VDD: has regular routing with opens at (156.660, 42.336) (157.620, 42.912)
Net VDD: has regular routing with opens at (105.900, 42.336) (106.860, 42.912)
Net VDD: has regular routing with opens at (55.140, 42.336) (56.100, 42.912)
Net VDD: has regular routing with opens at (4.380, 42.336) (5.700, 42.912)
Net VDD: has regular routing with opens at (207.420, 41.184) (208.380, 41.760)
Net VDD: has regular routing with opens at (156.660, 41.184) (157.620, 41.760)
Net VDD: has regular routing with opens at (105.900, 41.184) (106.860, 41.760)
Net VDD: has regular routing with opens at (55.140, 41.184) (56.100, 41.760)
Net VDD: has regular routing with opens at (4.380, 41.184) (5.700, 41.760)
Net VDD: has regular routing with opens at (207.420, 40.032) (208.380, 40.608)
Net VDD: has regular routing with opens at (156.660, 40.032) (157.620, 40.608)
Net VDD: has regular routing with opens at (105.900, 40.032) (106.860, 40.608)
Net VDD: has regular routing with opens at (55.140, 40.032) (56.100, 40.608)
Net VDD: has regular routing with opens at (4.380, 40.032) (5.700, 40.608)
Net VDD: has regular routing with opens at (207.420, 38.880) (208.380, 39.456)
Net VDD: has regular routing with opens at (156.660, 38.880) (157.620, 39.456)
Net VDD: has regular routing with opens at (105.900, 38.880) (106.860, 39.456)
Net VDD: has regular routing with opens at (55.140, 38.880) (56.100, 39.456)
Net VDD: has regular routing with opens at (4.380, 38.880) (5.700, 39.456)
Net VDD: has regular routing with opens at (207.420, 37.728) (208.380, 38.304)
Net VDD: has regular routing with opens at (156.660, 37.728) (157.620, 38.304)
Net VDD: has regular routing with opens at (105.900, 37.728) (106.860, 38.304)
Net VDD: has regular routing with opens at (55.140, 37.728) (56.100, 38.304)
Net VDD: has regular routing with opens at (4.380, 37.728) (5.700, 38.304)
Net VDD: has regular routing with opens at (207.420, 36.576) (208.380, 37.152)
Net VDD: has regular routing with opens at (156.660, 36.576) (157.620, 37.152)
Net VDD: has regular routing with opens at (105.900, 36.576) (106.860, 37.152)
Net VDD: has regular routing with opens at (55.140, 36.576) (56.100, 37.152)
Net VDD: has regular routing with opens at (4.380, 36.576) (5.700, 37.152)
Net VDD: has regular routing with opens at (207.420, 35.424) (208.380, 36.000)
Net VDD: has regular routing with opens at (156.660, 35.424) (157.620, 36.000)
Net VDD: has regular routing with opens at (105.900, 35.424) (106.860, 36.000)
Net VDD: has regular routing with opens at (55.140, 35.424) (56.100, 36.000)
Net VDD: has regular routing with opens at (4.380, 35.424) (5.700, 36.000)
Net VDD: has regular routing with opens at (207.420, 34.272) (208.380, 34.848)
Net VDD: has regular routing with opens at (156.660, 34.272) (157.620, 34.848)
Net VDD: has regular routing with opens at (105.900, 34.272) (106.860, 34.848)
Net VDD: has regular routing with opens at (55.140, 34.272) (56.100, 34.848)
Net VDD: has regular routing with opens at (4.380, 34.272) (5.700, 34.848)
Net VDD: has regular routing with opens at (207.420, 33.120) (208.380, 33.696)
Net VDD: has regular routing with opens at (156.660, 33.120) (157.620, 33.696)
Net VDD: has regular routing with opens at (105.900, 33.120) (106.860, 33.696)
Net VDD: has regular routing with opens at (55.140, 33.120) (56.100, 33.696)
Net VDD: has regular routing with opens at (4.380, 33.120) (5.700, 33.696)
Net VDD: has regular routing with opens at (207.420, 31.968) (208.380, 32.544)
Net VDD: has regular routing with opens at (156.660, 31.968) (157.620, 32.544)
Net VDD: has regular routing with opens at (105.900, 31.968) (106.860, 32.544)
Net VDD: has regular routing with opens at (55.140, 31.968) (56.100, 32.544)
Net VDD: has regular routing with opens at (4.380, 31.968) (5.700, 32.544)
Net VDD: has regular routing with opens at (207.420, 30.816) (208.380, 31.392)
Net VDD: has regular routing with opens at (156.660, 30.816) (157.620, 31.392)
Net VDD: has regular routing with opens at (105.900, 30.816) (106.860, 31.392)
Net VDD: has regular routing with opens at (55.140, 30.816) (56.100, 31.392)
Net VDD: has regular routing with opens at (4.380, 30.816) (5.700, 31.392)
Net VDD: has regular routing with opens at (207.420, 29.664) (208.380, 30.240)
Net VDD: has regular routing with opens at (156.660, 29.664) (157.620, 30.240)
Net VDD: has regular routing with opens at (105.900, 29.664) (106.860, 30.240)
Net VDD: has regular routing with opens at (55.140, 29.664) (56.100, 30.240)
Net VDD: has regular routing with opens at (4.380, 29.664) (5.700, 30.240)
Net VDD: has regular routing with opens at (207.420, 28.512) (208.380, 29.088)
Net VDD: has regular routing with opens at (156.660, 28.512) (157.620, 29.088)
Net VDD: has regular routing with opens at (105.900, 28.512) (106.860, 29.088)
Net VDD: has regular routing with opens at (55.140, 28.512) (56.100, 29.088)
Net VDD: has regular routing with opens at (4.380, 28.512) (5.700, 29.088)
Net VDD: has regular routing with opens at (207.420, 27.360) (208.380, 27.936)
Net VDD: has regular routing with opens at (156.660, 27.360) (157.620, 27.936)
Net VDD: has regular routing with opens at (105.900, 27.360) (106.860, 27.936)
Net VDD: has regular routing with opens at (55.140, 27.360) (56.100, 27.936)
Net VDD: has regular routing with opens at (4.380, 27.360) (5.700, 27.936)
Net VDD: has regular routing with opens at (207.420, 26.208) (208.380, 26.784)
Net VDD: has regular routing with opens at (156.660, 26.208) (157.620, 26.784)
Net VDD: has regular routing with opens at (105.900, 26.208) (106.860, 26.784)
Net VDD: has regular routing with opens at (55.140, 26.208) (56.100, 26.784)
Net VDD: has regular routing with opens at (4.380, 26.208) (5.700, 26.784)
Net VDD: has regular routing with opens at (207.420, 25.056) (208.380, 25.632)
Net VDD: has regular routing with opens at (156.660, 25.056) (157.620, 25.632)
Net VDD: has regular routing with opens at (105.900, 25.056) (106.860, 25.632)
Net VDD: has regular routing with opens at (55.140, 25.056) (56.100, 25.632)
Net VDD: has regular routing with opens at (4.380, 25.056) (5.700, 25.632)
Net VDD: has regular routing with opens at (207.420, 23.904) (208.380, 24.480)
Net VDD: has regular routing with opens at (156.660, 23.904) (157.620, 24.480)
Net VDD: has regular routing with opens at (105.900, 23.904) (106.860, 24.480)
Net VDD: has regular routing with opens at (55.140, 23.904) (56.100, 24.480)
Net VDD: has regular routing with opens at (4.380, 23.904) (5.700, 24.480)
Net VDD: has regular routing with opens at (207.420, 22.752) (208.380, 23.328)
Net VDD: has regular routing with opens at (156.660, 22.752) (157.620, 23.328)
Net VDD: has regular routing with opens at (105.900, 22.752) (106.860, 23.328)
Net VDD: has regular routing with opens at (55.140, 22.752) (56.100, 23.328)
Net VDD: has regular routing with opens at (4.380, 22.752) (5.700, 23.328)
Net VDD: has regular routing with opens at (207.420, 21.600) (208.380, 22.176)
Net VDD: has regular routing with opens at (156.660, 21.600) (157.620, 22.176)
Net VDD: has regular routing with opens at (105.900, 21.600) (106.860, 22.176)
Net VDD: has regular routing with opens at (55.140, 21.600) (56.100, 22.176)
Net VDD: has regular routing with opens at (4.380, 21.600) (5.700, 22.176)
Net VDD: has regular routing with opens at (207.420, 20.448) (208.380, 21.024)
Net VDD: has regular routing with opens at (156.660, 20.448) (157.620, 21.024)
Net VDD: has regular routing with opens at (105.900, 20.448) (106.860, 21.024)
Net VDD: has regular routing with opens at (55.140, 20.448) (56.100, 21.024)
Net VDD: has regular routing with opens at (4.380, 20.448) (5.700, 21.024)
Net VDD: has regular routing with opens at (207.420, 19.296) (208.380, 19.872)
Net VDD: has regular routing with opens at (156.660, 19.296) (157.620, 19.872)
Net VDD: has regular routing with opens at (105.900, 19.296) (106.860, 19.872)
Net VDD: has regular routing with opens at (55.140, 19.296) (56.100, 19.872)
Net VDD: has regular routing with opens at (4.380, 19.296) (5.700, 19.872)
Net VDD: has regular routing with opens at (207.420, 18.144) (208.380, 18.720)
Net VDD: has regular routing with opens at (156.660, 18.144) (157.620, 18.720)
Net VDD: has regular routing with opens at (105.900, 18.144) (106.860, 18.720)
Net VDD: has regular routing with opens at (55.140, 18.144) (56.100, 18.720)
Net VDD: has regular routing with opens at (4.380, 18.144) (5.700, 18.720)
Net VDD: has regular routing with opens at (207.420, 16.992) (208.380, 17.568)
Net VDD: has regular routing with opens at (156.660, 16.992) (157.620, 17.568)
Net VDD: has regular routing with opens at (105.900, 16.992) (106.860, 17.568)
Net VDD: has regular routing with opens at (55.140, 16.992) (56.100, 17.568)
Net VDD: has regular routing with opens at (4.380, 16.992) (5.700, 17.568)
Net VDD: has regular routing with opens at (207.420, 15.840) (208.380, 16.416)
Net VDD: has regular routing with opens at (156.660, 15.840) (157.620, 16.416)
Net VDD: has regular routing with opens at (105.900, 15.840) (106.860, 16.416)
Net VDD: has regular routing with opens at (55.140, 15.840) (56.100, 16.416)
Net VDD: has regular routing with opens at (4.380, 15.840) (5.700, 16.416)
Net VDD: has regular routing with opens at (207.420, 14.688) (208.380, 15.264)
Net VDD: has regular routing with opens at (156.660, 14.688) (157.620, 15.264)
Net VDD: has regular routing with opens at (105.900, 14.688) (106.860, 15.264)
Net VDD: has regular routing with opens at (55.140, 14.688) (56.100, 15.264)
Net VDD: has regular routing with opens at (4.380, 14.688) (5.700, 15.264)
Net VDD: has regular routing with opens at (207.420, 13.536) (208.380, 14.112)
Net VDD: has regular routing with opens at (156.660, 13.536) (157.620, 14.112)
Net VDD: has regular routing with opens at (105.900, 13.536) (106.860, 14.112)
Net VDD: has regular routing with opens at (55.140, 13.536) (56.100, 14.112)
Net VDD: has regular routing with opens at (4.380, 13.536) (5.700, 14.112)
Net VDD: has regular routing with opens at (207.420, 12.384) (208.380, 12.960)
Net VDD: has regular routing with opens at (156.660, 12.384) (157.620, 12.960)
Net VDD: has regular routing with opens at (105.900, 12.384) (106.860, 12.960)
Net VDD: has regular routing with opens at (55.140, 12.384) (56.100, 12.960)
Net VDD: has regular routing with opens at (4.380, 12.384) (5.700, 12.960)
Net VDD: has regular routing with opens at (207.420, 11.232) (208.380, 11.808)
Net VDD: has regular routing with opens at (156.660, 11.232) (157.620, 11.808)
Net VDD: has regular routing with opens at (105.900, 11.232) (106.860, 11.808)
Net VDD: has regular routing with opens at (55.140, 11.232) (56.100, 11.808)
Net VDD: has regular routing with opens at (4.380, 11.232) (5.700, 11.808)
Net VDD: has regular routing with opens at (207.420, 10.080) (208.380, 10.656)
Net VDD: has regular routing with opens at (156.660, 10.080) (157.620, 10.656)
Net VDD: has regular routing with opens at (105.900, 10.080) (106.860, 10.656)
Net VDD: has regular routing with opens at (55.140, 10.080) (56.100, 10.656)
Net VDD: has regular routing with opens at (4.380, 10.080) (5.700, 10.656)
Net VDD: has regular routing with opens at (207.420, 8.928) (208.380, 9.504)
Net VDD: has regular routing with opens at (156.660, 8.928) (157.620, 9.504)
Net VDD: has regular routing with opens at (105.900, 8.928) (106.860, 9.504)
Net VDD: has regular routing with opens at (55.140, 8.928) (56.100, 9.504)
Net VDD: has regular routing with opens at (4.380, 8.928) (5.700, 9.504)
Net VDD: has regular routing with opens at (207.420, 7.776) (208.380, 8.352)
Net VDD: has regular routing with opens at (156.660, 7.776) (157.620, 8.352)
Net VDD: has regular routing with opens at (105.900, 7.776) (106.860, 8.352)
Net VDD: has regular routing with opens at (55.140, 7.776) (56.100, 8.352)
Net VDD: has regular routing with opens at (4.380, 7.776) (5.700, 8.352)
Net VDD: has regular routing with opens at (207.420, 6.624) (208.380, 7.200)
Net VDD: has regular routing with opens at (156.660, 6.624) (157.620, 7.200)
Net VDD: has regular routing with opens at (105.900, 6.624) (106.860, 7.200)
Net VDD: has regular routing with opens at (55.140, 6.624) (56.100, 7.200)
Net VDD: has regular routing with opens at (4.380, 6.624) (5.700, 7.200)
Net VDD: has regular routing with opens at (207.420, 5.472) (208.380, 6.048)
Net VDD: has regular routing with opens at (156.660, 5.472) (157.620, 6.048)
Net VDD: has regular routing with opens at (105.900, 5.472) (106.860, 6.048)
Net VDD: has regular routing with opens at (55.140, 5.472) (56.100, 6.048)
Net VDD: has regular routing with opens at (4.380, 5.472) (5.700, 6.048)
Net VDD: has regular routing with opens at (4.380, 177.120) (211.620, 177.528)
Net VDD: has regular routing with opens at (4.380, 4.488) (211.620, 4.896)
Net VDD: has regular routing with opens at (211.020, 175.968) (211.620, 176.544)
Net VDD: has regular routing with opens at (211.020, 174.816) (211.620, 175.392)
Net VDD: has regular routing with opens at (211.020, 173.664) (211.620, 174.240)
Net VDD: has regular routing with opens at (211.020, 172.512) (211.620, 173.088)
Net VDD: has regular routing with opens at (211.020, 171.360) (211.620, 171.936)
Net VDD: has regular routing with opens at (211.020, 170.208) (211.620, 170.784)
Net VDD: has regular routing with opens at (211.020, 169.056) (211.620, 169.632)
Net VDD: has regular routing with opens at (211.020, 167.904) (211.620, 168.480)
Net VDD: has regular routing with opens at (211.020, 166.752) (211.620, 167.328)
Net VDD: has regular routing with opens at (211.020, 165.600) (211.620, 166.176)
Net VDD: has regular routing with opens at (211.020, 164.448) (211.620, 165.024)
Net VDD: has regular routing with opens at (211.020, 163.296) (211.620, 163.872)
Net VDD: has regular routing with opens at (211.020, 162.144) (211.620, 162.720)
Net VDD: has regular routing with opens at (211.020, 160.992) (211.620, 161.568)
Net VDD: has regular routing with opens at (211.020, 159.840) (211.620, 160.416)
Net VDD: has regular routing with opens at (211.020, 158.688) (211.620, 159.264)
Net VDD: has regular routing with opens at (211.020, 157.536) (211.620, 158.112)
Net VDD: has regular routing with opens at (211.020, 156.384) (211.620, 156.960)
Net VDD: has regular routing with opens at (211.020, 155.232) (211.620, 155.808)
Net VDD: has regular routing with opens at (211.020, 154.080) (211.620, 154.656)
Net VDD: has regular routing with opens at (211.020, 152.928) (211.620, 153.504)
Net VDD: has regular routing with opens at (211.020, 151.776) (211.620, 152.352)
Net VDD: has regular routing with opens at (211.020, 150.624) (211.620, 151.200)
Net VDD: has regular routing with opens at (211.020, 149.472) (211.620, 150.048)
Net VDD: has regular routing with opens at (211.020, 148.320) (211.620, 148.896)
Net VDD: has regular routing with opens at (211.020, 147.168) (211.620, 147.744)
Net VDD: has regular routing with opens at (211.020, 146.016) (211.620, 146.592)
Net VDD: has regular routing with opens at (211.020, 144.864) (211.620, 145.440)
Net VDD: has regular routing with opens at (211.020, 143.712) (211.620, 144.288)
Net VDD: has regular routing with opens at (211.020, 142.560) (211.620, 143.136)
Net VDD: has regular routing with opens at (211.020, 141.408) (211.620, 141.984)
Net VDD: has regular routing with opens at (211.020, 140.256) (211.620, 140.832)
Net VDD: has regular routing with opens at (211.020, 139.104) (211.620, 139.680)
Net VDD: has regular routing with opens at (211.020, 137.952) (211.620, 138.528)
Net VDD: has regular routing with opens at (211.020, 136.800) (211.620, 137.376)
Net VDD: has regular routing with opens at (211.020, 135.648) (211.620, 136.224)
Net VDD: has regular routing with opens at (211.020, 134.496) (211.620, 135.072)
Net VDD: has regular routing with opens at (211.020, 133.344) (211.620, 133.920)
Net VDD: has regular routing with opens at (211.020, 132.192) (211.620, 132.768)
Net VDD: has regular routing with opens at (211.020, 131.040) (211.620, 131.616)
Net VDD: has regular routing with opens at (211.020, 129.888) (211.620, 130.464)
Net VDD: has regular routing with opens at (211.020, 128.736) (211.620, 129.312)
Net VDD: has regular routing with opens at (211.020, 127.584) (211.620, 128.160)
Net VDD: has regular routing with opens at (211.020, 126.432) (211.620, 127.008)
Net VDD: has regular routing with opens at (211.020, 125.280) (211.620, 125.856)
Net VDD: has regular routing with opens at (211.020, 124.128) (211.620, 124.704)
Net VDD: has regular routing with opens at (211.020, 122.976) (211.620, 123.552)
Net VDD: has regular routing with opens at (211.020, 121.824) (211.620, 122.400)
Net VDD: has regular routing with opens at (211.020, 120.672) (211.620, 121.248)
Net VDD: has regular routing with opens at (211.020, 119.520) (211.620, 120.096)
Net VDD: has regular routing with opens at (211.020, 118.368) (211.620, 118.944)
Net VDD: has regular routing with opens at (211.020, 117.216) (211.620, 117.792)
Net VDD: has regular routing with opens at (211.020, 116.064) (211.620, 116.640)
Net VDD: has regular routing with opens at (211.020, 114.912) (211.620, 115.488)
Net VDD: has regular routing with opens at (211.020, 113.760) (211.620, 114.336)
Net VDD: has regular routing with opens at (211.020, 112.608) (211.620, 113.184)
Net VDD: has regular routing with opens at (211.020, 111.456) (211.620, 112.032)
Net VDD: has regular routing with opens at (211.020, 110.304) (211.620, 110.880)
Net VDD: has regular routing with opens at (211.020, 109.152) (211.620, 109.728)
Net VDD: has regular routing with opens at (211.020, 108.000) (211.620, 108.576)
Net VDD: has regular routing with opens at (211.020, 106.848) (211.620, 107.424)
Net VDD: has regular routing with opens at (211.020, 105.696) (211.620, 106.272)
Net VDD: has regular routing with opens at (211.020, 104.544) (211.620, 105.120)
Net VDD: has regular routing with opens at (211.020, 103.392) (211.620, 103.968)
Net VDD: has regular routing with opens at (211.020, 102.240) (211.620, 102.816)
Net VDD: has regular routing with opens at (211.020, 101.088) (211.620, 101.664)
Net VDD: has regular routing with opens at (211.020, 99.936) (211.620, 100.512)
Net VDD: has regular routing with opens at (211.020, 98.784) (211.620, 99.360)
Net VDD: has regular routing with opens at (211.020, 97.632) (211.620, 98.208)
Net VDD: has regular routing with opens at (211.020, 96.480) (211.620, 97.056)
Net VDD: has regular routing with opens at (211.020, 95.328) (211.620, 95.904)
Net VDD: has regular routing with opens at (211.020, 94.176) (211.620, 94.752)
Net VDD: has regular routing with opens at (211.020, 93.024) (211.620, 93.600)
Net VDD: has regular routing with opens at (211.020, 91.872) (211.620, 92.448)
Net VDD: has regular routing with opens at (211.020, 90.720) (211.620, 91.296)
Net VDD: has regular routing with opens at (211.020, 89.568) (211.620, 90.144)
Net VDD: has regular routing with opens at (211.020, 88.416) (211.620, 88.992)
Net VDD: has regular routing with opens at (211.020, 87.264) (211.620, 87.840)
Net VDD: has regular routing with opens at (211.020, 86.112) (211.620, 86.688)
Net VDD: has regular routing with opens at (211.020, 84.960) (211.620, 85.536)
Net VDD: has regular routing with opens at (211.020, 83.808) (211.620, 84.384)
Net VDD: has regular routing with opens at (211.020, 82.656) (211.620, 83.232)
Net VDD: has regular routing with opens at (211.020, 81.504) (211.620, 82.080)
Net VDD: has regular routing with opens at (211.020, 80.352) (211.620, 80.928)
Net VDD: has regular routing with opens at (211.020, 79.200) (211.620, 79.776)
Net VDD: has regular routing with opens at (211.020, 78.048) (211.620, 78.624)
Net VDD: has regular routing with opens at (211.020, 76.896) (211.620, 77.472)
Net VDD: has regular routing with opens at (211.020, 75.744) (211.620, 76.320)
Net VDD: has regular routing with opens at (211.020, 74.592) (211.620, 75.168)
Net VDD: has regular routing with opens at (211.020, 73.440) (211.620, 74.016)
Net VDD: has regular routing with opens at (211.020, 72.288) (211.620, 72.864)
Net VDD: has regular routing with opens at (211.020, 71.136) (211.620, 71.712)
Net VDD: has regular routing with opens at (211.020, 69.984) (211.620, 70.560)
Net VDD: has regular routing with opens at (211.020, 68.832) (211.620, 69.408)
Net VDD: has regular routing with opens at (211.020, 67.680) (211.620, 68.256)
Net VDD: has regular routing with opens at (211.020, 66.528) (211.620, 67.104)
Net VDD: has regular routing with opens at (211.020, 65.376) (211.620, 65.952)
Net VDD: has regular routing with opens at (211.020, 64.224) (211.620, 64.800)
Net VDD: has regular routing with opens at (211.020, 63.072) (211.620, 63.648)
Net VDD: has regular routing with opens at (211.020, 61.920) (211.620, 62.496)
Net VDD: has regular routing with opens at (211.020, 60.768) (211.620, 61.344)
Net VDD: has regular routing with opens at (211.020, 59.616) (211.620, 60.192)
Net VDD: has regular routing with opens at (211.020, 58.464) (211.620, 59.040)
Net VDD: has regular routing with opens at (211.020, 57.312) (211.620, 57.888)
Net VDD: has regular routing with opens at (211.020, 56.160) (211.620, 56.736)
Net VDD: has regular routing with opens at (211.020, 55.008) (211.620, 55.584)
Net VDD: has regular routing with opens at (211.020, 53.856) (211.620, 54.432)
Net VDD: has regular routing with opens at (211.020, 52.704) (211.620, 53.280)
Net VDD: has regular routing with opens at (211.020, 51.552) (211.620, 52.128)
Net VDD: has regular routing with opens at (211.020, 50.400) (211.620, 50.976)
Net VDD: has regular routing with opens at (211.020, 49.248) (211.620, 49.824)
Net VDD: has regular routing with opens at (211.020, 48.096) (211.620, 48.672)
Net VDD: has regular routing with opens at (211.020, 46.944) (211.620, 47.520)
Net VDD: has regular routing with opens at (211.020, 45.792) (211.620, 46.368)
Net VDD: has regular routing with opens at (211.020, 44.640) (211.620, 45.216)
Net VDD: has regular routing with opens at (211.020, 43.488) (211.620, 44.064)
Net VDD: has regular routing with opens at (211.020, 42.336) (211.620, 42.912)
Net VDD: has regular routing with opens at (211.020, 41.184) (211.620, 41.760)
Net VDD: has regular routing with opens at (211.020, 40.032) (211.620, 40.608)
Net VDD: has regular routing with opens at (211.020, 38.880) (211.620, 39.456)
Net VDD: has regular routing with opens at (211.020, 37.728) (211.620, 38.304)
Net VDD: has regular routing with opens at (211.020, 36.576) (211.620, 37.152)
Net VDD: has regular routing with opens at (211.020, 35.424) (211.620, 36.000)
Net VDD: has regular routing with opens at (211.020, 34.272) (211.620, 34.848)
Net VDD: has regular routing with opens at (211.020, 33.120) (211.620, 33.696)
Net VDD: has regular routing with opens at (211.020, 31.968) (211.620, 32.544)
Net VDD: has regular routing with opens at (211.020, 30.816) (211.620, 31.392)
Net VDD: has regular routing with opens at (211.020, 29.664) (211.620, 30.240)
Net VDD: has regular routing with opens at (211.020, 28.512) (211.620, 29.088)
Net VDD: has regular routing with opens at (211.020, 27.360) (211.620, 27.936)
Net VDD: has regular routing with opens at (211.020, 26.208) (211.620, 26.784)
Net VDD: has regular routing with opens at (211.020, 25.056) (211.620, 25.632)
Net VDD: has regular routing with opens at (211.020, 23.904) (211.620, 24.480)
Net VDD: has regular routing with opens at (211.020, 22.752) (211.620, 23.328)
Net VDD: has regular routing with opens at (211.020, 21.600) (211.620, 22.176)
Net VDD: has regular routing with opens at (211.020, 20.448) (211.620, 21.024)
Net VDD: has regular routing with opens at (211.020, 19.296) (211.620, 19.872)
Net VDD: has regular routing with opens at (211.020, 18.144) (211.620, 18.720)
Net VDD: has regular routing with opens at (211.020, 16.992) (211.620, 17.568)
Net VDD: has regular routing with opens at (211.020, 15.840) (211.620, 16.416)
Net VDD: has regular routing with opens at (211.020, 14.688) (211.620, 15.264)
Net VDD: has regular routing with opens at (211.020, 13.536) (211.620, 14.112)
Net VDD: has regular routing with opens at (211.020, 12.384) (211.620, 12.960)
Net VDD: has regular routing with opens at (211.020, 11.232) (211.620, 11.808)
Net VDD: has regular routing with opens at (211.020, 10.080) (211.620, 10.656)
Net VDD: has regular routing with opens at (211.020, 8.928) (211.620, 9.504)
Net VDD: has regular routing with opens at (211.020, 7.776) (211.620, 8.352)
Net VDD: has regular routing with opens at (211.020, 6.624) (211.620, 7.200)
Net VDD: has regular routing with opens at (211.020, 5.472) (211.620, 6.048)
Net VDD: has regular routing with opens at (80.430, 175.968) (87.870, 176.544)
Net VDD: has regular routing with opens at (69.900, 175.968) (73.470, 176.544)
Net VDD: has regular routing with opens at (83.850, 174.984) (85.980, 175.392)
Net VDD: has regular routing with opens at (70.890, 174.816) (72.660, 175.392)
Net VDD: has regular routing with opens at (125.250, 176.136) (126.390, 176.544)
Net VSS, Pin Pin: FE_PHC16_n_0/VBB; Direction: INOUT; Use: GROUND;: has an unconnected terminal at (71.402, 174.456) (71.968, 174.816)
Net VSS, Pin Pin: g1399/VBB; Direction: INOUT; Use: GROUND;: has an unconnected terminal at (81.662, 175.608) (82.048, 175.968)
Net VSS: has special routes with opens at (0.000, 0.000) (216.000, 182.016)
Net VSS: has regular routing with opens at (4.442, 176.544) (211.558, 177.120)
Net VSS: has regular routing with opens at (207.482, 175.392) (208.318, 175.968)
Net VSS: has regular routing with opens at (156.722, 175.392) (157.558, 175.968)
Net VSS: has regular routing with opens at (105.962, 175.392) (106.798, 175.968)
Net VSS: has regular routing with opens at (55.202, 175.392) (56.038, 175.968)
Net VSS: has regular routing with opens at (4.442, 175.392) (5.638, 175.968)
Net VSS: has regular routing with opens at (207.482, 174.240) (208.318, 174.816)
Net VSS: has regular routing with opens at (156.722, 174.240) (157.558, 174.816)
Net VSS: has regular routing with opens at (105.962, 174.240) (106.798, 174.816)
Net VSS: has regular routing with opens at (55.202, 174.240) (56.038, 174.816)
Net VSS: has regular routing with opens at (4.442, 174.240) (5.638, 174.816)
Net VSS: has regular routing with opens at (207.482, 173.088) (208.318, 173.664)
Net VSS: has regular routing with opens at (156.722, 173.088) (157.558, 173.664)
Net VSS: has regular routing with opens at (105.962, 173.088) (106.798, 173.664)
Net VSS: has regular routing with opens at (55.202, 173.088) (56.038, 173.664)
Net VSS: has regular routing with opens at (4.442, 173.088) (5.638, 173.664)
Net VSS: has regular routing with opens at (207.482, 171.936) (208.318, 172.512)
Net VSS: has regular routing with opens at (156.722, 171.936) (157.558, 172.512)
Net VSS: has regular routing with opens at (105.962, 171.936) (106.798, 172.512)
Net VSS: has regular routing with opens at (55.202, 171.936) (56.038, 172.512)
Net VSS: has regular routing with opens at (4.442, 171.936) (5.638, 172.512)
Net VSS: has regular routing with opens at (207.482, 170.784) (208.318, 171.360)
Net VSS: has regular routing with opens at (156.722, 170.784) (157.558, 171.360)
Net VSS: has regular routing with opens at (105.962, 170.784) (106.798, 171.360)
Net VSS: has regular routing with opens at (55.202, 170.784) (56.038, 171.360)
Net VSS: has regular routing with opens at (4.442, 170.784) (5.638, 171.360)
Net VSS: has regular routing with opens at (207.482, 169.632) (208.318, 170.208)
Net VSS: has regular routing with opens at (156.722, 169.632) (157.558, 170.208)
Net VSS: has regular routing with opens at (105.962, 169.632) (106.798, 170.208)
Net VSS: has regular routing with opens at (55.202, 169.632) (56.038, 170.208)
Net VSS: has regular routing with opens at (4.442, 169.632) (5.638, 170.208)
Net VSS: has regular routing with opens at (207.482, 168.480) (208.318, 169.056)
Net VSS: has regular routing with opens at (156.722, 168.480) (157.558, 169.056)
Net VSS: has regular routing with opens at (105.962, 168.480) (106.798, 169.056)
Net VSS: has regular routing with opens at (55.202, 168.480) (56.038, 169.056)
Net VSS: has regular routing with opens at (4.442, 168.480) (5.638, 169.056)
Net VSS: has regular routing with opens at (207.482, 167.328) (208.318, 167.904)
Net VSS: has regular routing with opens at (156.722, 167.328) (157.558, 167.904)
Net VSS: has regular routing with opens at (105.962, 167.328) (106.798, 167.904)
Net VSS: has regular routing with opens at (55.202, 167.328) (56.038, 167.904)
Net VSS: has regular routing with opens at (4.442, 167.328) (5.638, 167.904)
Net VSS: has regular routing with opens at (207.482, 166.176) (208.318, 166.752)
Net VSS: has regular routing with opens at (156.722, 166.176) (157.558, 166.752)
Net VSS: has regular routing with opens at (105.962, 166.176) (106.798, 166.752)
Net VSS: has regular routing with opens at (55.202, 166.176) (56.038, 166.752)
Net VSS: has regular routing with opens at (4.442, 166.176) (5.638, 166.752)
Net VSS: has regular routing with opens at (207.482, 165.024) (208.318, 165.600)
Net VSS: has regular routing with opens at (156.722, 165.024) (157.558, 165.600)
Net VSS: has regular routing with opens at (105.962, 165.024) (106.798, 165.600)
Net VSS: has regular routing with opens at (55.202, 165.024) (56.038, 165.600)
Net VSS: has regular routing with opens at (4.442, 165.024) (5.638, 165.600)
Net VSS: has regular routing with opens at (207.482, 163.872) (208.318, 164.448)
Net VSS: has regular routing with opens at (156.722, 163.872) (157.558, 164.448)
Net VSS: has regular routing with opens at (105.962, 163.872) (106.798, 164.448)
Net VSS: has regular routing with opens at (55.202, 163.872) (56.038, 164.448)
Net VSS: has regular routing with opens at (4.442, 163.872) (5.638, 164.448)
Net VSS: has regular routing with opens at (207.482, 162.720) (208.318, 163.296)
Net VSS: has regular routing with opens at (156.722, 162.720) (157.558, 163.296)
Net VSS: has regular routing with opens at (105.962, 162.720) (106.798, 163.296)
Net VSS: has regular routing with opens at (55.202, 162.720) (56.038, 163.296)
Net VSS: has regular routing with opens at (4.442, 162.720) (5.638, 163.296)
Net VSS: has regular routing with opens at (207.482, 161.568) (208.318, 162.144)
Net VSS: has regular routing with opens at (156.722, 161.568) (157.558, 162.144)
Net VSS: has regular routing with opens at (105.962, 161.568) (106.798, 162.144)
Net VSS: has regular routing with opens at (55.202, 161.568) (56.038, 162.144)
Net VSS: has regular routing with opens at (4.442, 161.568) (5.638, 162.144)
Net VSS: has regular routing with opens at (207.482, 160.416) (208.318, 160.992)
Net VSS: has regular routing with opens at (156.722, 160.416) (157.558, 160.992)
Net VSS: has regular routing with opens at (105.962, 160.416) (106.798, 160.992)
Net VSS: has regular routing with opens at (55.202, 160.416) (56.038, 160.992)
Net VSS: has regular routing with opens at (4.442, 160.416) (5.638, 160.992)
Net VSS: has regular routing with opens at (207.482, 159.264) (208.318, 159.840)
Net VSS: has regular routing with opens at (156.722, 159.264) (157.558, 159.840)
Net VSS: has regular routing with opens at (105.962, 159.264) (106.798, 159.840)
Net VSS: has regular routing with opens at (55.202, 159.264) (56.038, 159.840)
Net VSS: has regular routing with opens at (4.442, 159.264) (5.638, 159.840)
Net VSS: has regular routing with opens at (207.482, 158.112) (208.318, 158.688)
Net VSS: has regular routing with opens at (156.722, 158.112) (157.558, 158.688)
Net VSS: has regular routing with opens at (105.962, 158.112) (106.798, 158.688)
Net VSS: has regular routing with opens at (55.202, 158.112) (56.038, 158.688)
Net VSS: has regular routing with opens at (4.442, 158.112) (5.638, 158.688)
Net VSS: has regular routing with opens at (207.482, 156.960) (208.318, 157.536)
Net VSS: has regular routing with opens at (156.722, 156.960) (157.558, 157.536)
Net VSS: has regular routing with opens at (105.962, 156.960) (106.798, 157.536)
Net VSS: has regular routing with opens at (55.202, 156.960) (56.038, 157.536)
Net VSS: has regular routing with opens at (4.442, 156.960) (5.638, 157.536)
Net VSS: has regular routing with opens at (207.482, 155.808) (208.318, 156.384)
Net VSS: has regular routing with opens at (156.722, 155.808) (157.558, 156.384)
Net VSS: has regular routing with opens at (105.962, 155.808) (106.798, 156.384)
Net VSS: has regular routing with opens at (55.202, 155.808) (56.038, 156.384)
Net VSS: has regular routing with opens at (4.442, 155.808) (5.638, 156.384)
Net VSS: has regular routing with opens at (207.482, 154.656) (208.318, 155.232)
Net VSS: has regular routing with opens at (156.722, 154.656) (157.558, 155.232)
Net VSS: has regular routing with opens at (105.962, 154.656) (106.798, 155.232)

Begin Summary
    3 Problem(s) (IMPVFC-96): Terminal(s) are not connected.
    2 Problem(s) (IMPVFC-200): Special Wires: Pieces of the net are not connected together.
    995 Problem(s) (IMPVFC-92): Pieces of the net are not connected together.
    1000 total info(s) created.
End Summary
