###############################################################
#  Generated by:      Cadence Innovus 23.30-p003_1
#  OS:                Linux x86_64(Host ID dell52)
#  Generated on:      Mon May  4 14:16:26 2026
#  Design:            top
#  Command:           verifyMetalDensity
###############################################################

Verify Density report created on Mon May  4 14:16:26 2026

###############################################################
# Layer       M1 - Window size      : 50.0um X 50.0um
# Layer       M1 - Window step      : 25.0um X 25.0um
# Layer       M1 - Min Density      : 25%
# Layer       M1 - Pref Density     : 35%
# Layer       M1 - Max Density      : 65%
# Layer       M1 - Ext Density      : 35%
# Layer       M2 - Window size      : 50.0um X 50.0um
# Layer       M2 - Window step      : 25.0um X 25.0um
# Layer       M2 - Min Density      : 25%
# Layer       M2 - Pref Density     : 35%
# Layer       M2 - Max Density      : 65%
# Layer       M2 - Ext Density      : 35%
# Layer       M3 - Window size      : 50.0um X 50.0um
# Layer       M3 - Window step      : 25.0um X 25.0um
# Layer       M3 - Min Density      : 25%
# Layer       M3 - Pref Density     : 35%
# Layer       M3 - Max Density      : 65%
# Layer       M3 - Ext Density      : 35%
# Layer       M4 - Window size      : 50.0um X 50.0um
# Layer       M4 - Window step      : 25.0um X 25.0um
# Layer       M4 - Min Density      : 25%
# Layer       M4 - Pref Density     : 35%
# Layer       M4 - Max Density      : 65%
# Layer       M4 - Ext Density      : 35%
# Layer       M5 - Window size      : 50.0um X 50.0um
# Layer       M5 - Window step      : 25.0um X 25.0um
# Layer       M5 - Min Density      : 25%
# Layer       M5 - Pref Density     : 35%
# Layer       M5 - Max Density      : 65%
# Layer       M5 - Ext Density      : 35%
# Layer       M6 - Window size      : 50.0um X 50.0um
# Layer       M6 - Window step      : 25.0um X 25.0um
# Layer       M6 - Min Density      : 25%
# Layer       M6 - Pref Density     : 35%
# Layer       M6 - Max Density      : 65%
# Layer       M6 - Ext Density      : 35%
# Layer       M7 - Window size      : 50.0um X 50.0um
# Layer       M7 - Window step      : 25.0um X 25.0um
# Layer       M7 - Min Density      : 25%
# Layer       M7 - Pref Density     : 35%
# Layer       M7 - Max Density      : 65%
# Layer       M7 - Ext Density      : 35%
# Layer       M8 - Window size      : 112.0um X 112.0um
# Layer       M8 - Window step      : 56.0um X 56.0um
# Layer       M8 - Min Density      : 10%
# Layer       M8 - Pref Density     : 35%
# Layer       M8 - Max Density      : 85%
# Layer       M8 - Ext Density      : 35%
# Layer       M9 - Window size      : 112.0um X 112.0um
# Layer       M9 - Window step      : 56.0um X 56.0um
# Layer       M9 - Min Density      : 10%
# Layer       M9 - Pref Density     : 35%
# Layer       M9 - Max Density      : 85%
# Layer       M9 - Ext Density      : 35%
# Layer      M10 - Window size      : 112.0um X 112.0um
# Layer      M10 - Window step      : 56.0um X 56.0um
# Layer      M10 - Min Density      : 20%
# Layer      M10 - Pref Density     : 35%
# Layer      M10 - Max Density      : 85%
# Layer      M10 - Ext Density      : 35%
# Layer      M11 - Window size      : 112.0um X 112.0um
# Layer      M11 - Window step      : 56.0um X 56.0um
# Layer      M11 - Min Density      : 20%
# Layer      M11 - Pref Density     : 35%
# Layer      M11 - Max Density      : 85%
# Layer      M11 - Ext Density      : 35%
# Layer       AP - Window size      : 100.0um X 100.0um
# Layer       AP - Window step      : 50.0um X 50.0um
# Layer       AP - Min Density      : 10%
# Layer       AP - Pref Density     : 35%
# Layer       AP - Max Density      : 75%
# Layer       AP - Ext Density      : 35%
###############################################################


    Layer    Density(%)          Window  
***************************************************

      AP        0.00    (0 0) (100 100)
      AP        0.00    (50 0) (150 100)
      AP        0.00    (100 0) (200 100)
      AP        0.00    (116 0) (216 100)
      AP        0.00    (0 50) (100 150)
      AP        0.00    (50 50) (150 150)
      AP        0.00    (100 50) (200 150)
      AP        0.00    (116 50) (216 150)
      AP        0.00    (0 82.016) (100 182.016)
      AP        0.00    (50 82.016) (150 182.016)
      AP        0.00    (100 82.016) (200 182.016)
      AP        0.00    (116 82.016) (216 182.016)

     M11        0.00    (0 0) (112 112)
     M11        0.00    (56 0) (168 112)
     M11        0.00    (104 0) (216 112)
     M11        0.00    (0 56) (112 168)
     M11        0.00    (56 56) (168 168)
     M11        0.00    (104 56) (216 168)
     M11        0.00    (0 70.016) (112 182.016)
     M11        0.00    (56 70.016) (168 182.016)
     M11        0.00    (104 70.016) (216 182.016)

      M8        5.42    (0 0) (112 112)
      M8        5.42    (56 0) (168 112)
      M8        5.42    (104 0) (216 112)
      M8        5.37    (0 56) (112 168)
      M8        5.37    (56 56) (168 168)
      M8        5.37    (104 56) (216 168)
      M8        5.37    (0 70.016) (112 182.016)
      M8        5.37    (56 70.016) (168 182.016)
      M8        5.37    (104 70.016) (216 182.016)

      M7        9.60    (0 0) (50 50)
      M7        9.60    (25 0) (75 50)
      M7        9.60    (50 0) (100 50)
      M7        9.60    (75 0) (125 50)
      M7        9.44    (100 0) (150 50)
      M7        9.36    (125 0) (175 50)
      M7        9.52    (150 0) (200 50)
      M7        9.60    (166 0) (216 50)
      M7        9.60    (0 25) (50 75)
      M7        9.60    (25 25) (75 75)
      M7        9.60    (50 25) (100 75)
      M7        9.60    (75 25) (125 75)
      M7        9.44    (100 25) (150 75)
      M7        9.36    (125 25) (175 75)
      M7        9.52    (150 25) (200 75)
      M7        9.60    (166 25) (216 75)
      M7        9.60    (0 50) (50 100)
      M7        9.60    (25 50) (75 100)
      M7        9.60    (50 50) (100 100)
      M7        9.60    (75 50) (125 100)
      M7        9.44    (100 50) (150 100)
      M7        9.36    (125 50) (175 100)
      M7        9.52    (150 50) (200 100)
      M7        9.60    (166 50) (216 100)
      M7        9.60    (0 75) (50 125)
      M7        9.60    (25 75) (75 125)
      M7        9.60    (50 75) (100 125)
      M7        9.60    (75 75) (125 125)
      M7        9.44    (100 75) (150 125)
      M7        9.36    (125 75) (175 125)
      M7        9.52    (150 75) (200 125)
      M7        9.60    (166 75) (216 125)
      M7        9.60    (0 100) (50 150)
      M7        9.60    (25 100) (75 150)
      M7        9.60    (50 100) (100 150)
      M7        9.60    (75 100) (125 150)
      M7        9.44    (100 100) (150 150)
      M7        9.36    (125 100) (175 150)
      M7        9.52    (150 100) (200 150)
      M7        9.60    (166 100) (216 150)
      M7        9.60    (0 125) (50 175)
      M7        9.60    (25 125) (75 175)
      M7        9.60    (50 125) (100 175)
      M7        9.60    (75 125) (125 175)
      M7        9.44    (100 125) (150 175)
      M7        9.36    (125 125) (175 175)
      M7        9.52    (150 125) (200 175)
      M7        9.60    (166 125) (216 175)
      M7        9.60    (0 132.016) (50 182.016)
      M7        9.60    (25 132.016) (75 182.016)
      M7        9.60    (50 132.016) (100 182.016)
      M7        9.60    (75 132.016) (125 182.016)
      M7        9.45    (100 132.016) (150 182.016)
      M7        9.38    (125 132.016) (175 182.016)
      M7        9.53    (150 132.016) (200 182.016)
      M7        9.60    (166 132.016) (216 182.016)

      M6        3.52    (0 0) (50 50)
      M6        3.52    (25 0) (75 50)
      M6        3.52    (50 0) (100 50)
      M6        3.52    (75 0) (125 50)
      M6        3.52    (100 0) (150 50)
      M6        3.52    (125 0) (175 50)
      M6        3.52    (150 0) (200 50)
      M6        3.52    (166 0) (216 50)
      M6        3.52    (0 25) (50 75)
      M6        3.52    (25 25) (75 75)
      M6        3.52    (50 25) (100 75)
      M6        3.52    (75 25) (125 75)
      M6        3.52    (100 25) (150 75)
      M6        3.52    (125 25) (175 75)
      M6        3.52    (150 25) (200 75)
      M6        3.52    (166 25) (216 75)
      M6        3.44    (0 50) (50 100)
      M6        3.44    (25 50) (75 100)
      M6        3.44    (50 50) (100 100)
      M6        3.44    (75 50) (125 100)
      M6        3.44    (100 50) (150 100)
      M6        3.44    (125 50) (175 100)
      M6        3.44    (150 50) (200 100)
      M6        3.44    (166 50) (216 100)
      M6        3.44    (0 75) (50 125)
      M6        3.44    (25 75) (75 125)
      M6        3.44    (50 75) (100 125)
      M6        3.44    (75 75) (125 125)
      M6        3.44    (100 75) (150 125)
      M6        3.44    (125 75) (175 125)
      M6        3.44    (150 75) (200 125)
      M6        3.44    (166 75) (216 125)
      M6        3.52    (0 100) (50 150)
      M6        3.52    (25 100) (75 150)
      M6        3.52    (50 100) (100 150)
      M6        3.52    (75 100) (125 150)
      M6        3.52    (100 100) (150 150)
      M6        3.52    (125 100) (175 150)
      M6        3.52    (150 100) (200 150)
      M6        3.52    (166 100) (216 150)
      M6        3.44    (0 125) (50 175)
      M6        3.44    (25 125) (75 175)
      M6        3.44    (50 125) (100 175)
      M6        3.44    (75 125) (125 175)
      M6        3.44    (100 125) (150 175)
      M6        3.44    (125 125) (175 175)
      M6        3.44    (150 125) (200 175)
      M6        3.44    (166 125) (216 175)
      M6        3.44    (0 132.016) (50 182.016)
      M6        3.44    (25 132.016) (75 182.016)
      M6        3.47    (50 132.016) (100 182.016)
      M6        3.51    (75 132.016) (125 182.016)
      M6        3.52    (100 132.016) (150 182.016)
      M6        3.50    (125 132.016) (175 182.016)
      M6        3.46    (150 132.016) (200 182.016)
      M6        3.44    (166 132.016) (216 182.016)

      M5        3.20    (0 0) (50 50)
      M5        3.20    (25 0) (75 50)
      M5        3.20    (50 0) (100 50)
      M5        3.20    (75 0) (125 50)
      M5        3.20    (100 0) (150 50)
      M5        3.12    (125 0) (175 50)
      M5        3.12    (150 0) (200 50)
      M5        3.20    (166 0) (216 50)
      M5        3.20    (0 25) (50 75)
      M5        3.20    (25 25) (75 75)
      M5        3.20    (50 25) (100 75)
      M5        3.20    (75 25) (125 75)
      M5        3.20    (100 25) (150 75)
      M5        3.12    (125 25) (175 75)
      M5        3.12    (150 25) (200 75)
      M5        3.20    (166 25) (216 75)
      M5        3.20    (0 50) (50 100)
      M5        3.20    (25 50) (75 100)
      M5        3.20    (50 50) (100 100)
      M5        3.20    (75 50) (125 100)
      M5        3.20    (100 50) (150 100)
      M5        3.12    (125 50) (175 100)
      M5        3.12    (150 50) (200 100)
      M5        3.20    (166 50) (216 100)
      M5        3.20    (0 75) (50 125)
      M5        3.20    (25 75) (75 125)
      M5        3.20    (50 75) (100 125)
      M5        3.20    (75 75) (125 125)
      M5        3.20    (100 75) (150 125)
      M5        3.12    (125 75) (175 125)
      M5        3.12    (150 75) (200 125)
      M5        3.20    (166 75) (216 125)
      M5        3.20    (0 100) (50 150)
      M5        3.20    (25 100) (75 150)
      M5        3.20    (50 100) (100 150)
      M5        3.20    (75 100) (125 150)
      M5        3.20    (100 100) (150 150)
      M5        3.12    (125 100) (175 150)
      M5        3.12    (150 100) (200 150)
      M5        3.20    (166 100) (216 150)
      M5        3.20    (0 125) (50 175)
      M5        3.20    (25 125) (75 175)
      M5        3.20    (50 125) (100 175)
      M5        3.20    (75 125) (125 175)
      M5        3.20    (100 125) (150 175)
      M5        3.12    (125 125) (175 175)
      M5        3.12    (150 125) (200 175)
      M5        3.20    (166 125) (216 175)
      M5        3.20    (0 132.016) (50 182.016)
      M5        3.20    (25 132.016) (75 182.016)
      M5        3.21    (50 132.016) (100 182.016)
      M5        3.20    (75 132.016) (125 182.016)
      M5        3.20    (100 132.016) (150 182.016)
      M5        3.12    (125 132.016) (175 182.016)
      M5        3.12    (150 132.016) (200 182.016)
      M5        3.20    (166 132.016) (216 182.016)

      M4        3.52    (0 0) (50 50)
      M4        3.52    (25 0) (75 50)
      M4        3.52    (50 0) (100 50)
      M4        3.52    (75 0) (125 50)
      M4        3.52    (100 0) (150 50)
      M4        3.52    (125 0) (175 50)
      M4        3.52    (150 0) (200 50)
      M4        3.52    (166 0) (216 50)
      M4        3.52    (0 25) (50 75)
      M4        3.52    (25 25) (75 75)
      M4        3.52    (50 25) (100 75)
      M4        3.52    (75 25) (125 75)
      M4        3.52    (100 25) (150 75)
      M4        3.52    (125 25) (175 75)
      M4        3.52    (150 25) (200 75)
      M4        3.52    (166 25) (216 75)
      M4        3.44    (0 50) (50 100)
      M4        3.44    (25 50) (75 100)
      M4        3.44    (50 50) (100 100)
      M4        3.44    (75 50) (125 100)
      M4        3.44    (100 50) (150 100)
      M4        3.44    (125 50) (175 100)
      M4        3.44    (150 50) (200 100)
      M4        3.44    (166 50) (216 100)
      M4        3.44    (0 75) (50 125)
      M4        3.44    (25 75) (75 125)
      M4        3.44    (50 75) (100 125)
      M4        3.44    (75 75) (125 125)
      M4        3.44    (100 75) (150 125)
      M4        3.44    (125 75) (175 125)
      M4        3.44    (150 75) (200 125)
      M4        3.44    (166 75) (216 125)
      M4        3.52    (0 100) (50 150)
      M4        3.52    (25 100) (75 150)
      M4        3.52    (50 100) (100 150)
      M4        3.52    (75 100) (125 150)
      M4        3.52    (100 100) (150 150)
      M4        3.52    (125 100) (175 150)
      M4        3.52    (150 100) (200 150)
      M4        3.52    (166 100) (216 150)
      M4        3.44    (0 125) (50 175)
      M4        3.44    (25 125) (75 175)
      M4        3.44    (50 125) (100 175)
      M4        3.44    (75 125) (125 175)
      M4        3.44    (100 125) (150 175)
      M4        3.44    (125 125) (175 175)
      M4        3.44    (150 125) (200 175)
      M4        3.44    (166 125) (216 175)
      M4        3.44    (0 132.016) (50 182.016)
      M4        3.54    (25 132.016) (75 182.016)
      M4        3.59    (50 132.016) (100 182.016)
      M4        3.53    (75 132.016) (125 182.016)
      M4        3.47    (100 132.016) (150 182.016)
      M4        3.44    (125 132.016) (175 182.016)
      M4        3.44    (150 132.016) (200 182.016)
      M4        3.44    (166 132.016) (216 182.016)

      M3        3.04    (0 0) (50 50)
      M3        3.04    (25 0) (75 50)
      M3        3.04    (50 0) (100 50)
      M3        3.06    (75 0) (125 50)
      M3        3.06    (100 0) (150 50)
      M3        2.99    (125 0) (175 50)
      M3        2.99    (150 0) (200 50)
      M3        3.05    (166 0) (216 50)
      M3        3.04    (0 25) (50 75)
      M3        3.04    (25 25) (75 75)
      M3        3.04    (50 25) (100 75)
      M3        3.07    (75 25) (125 75)
      M3        3.07    (100 25) (150 75)
      M3        2.99    (125 25) (175 75)
      M3        2.99    (150 25) (200 75)
      M3        3.05    (166 25) (216 75)
      M3        3.04    (0 50) (50 100)
      M3        3.04    (25 50) (75 100)
      M3        3.04    (50 50) (100 100)
      M3        3.07    (75 50) (125 100)
      M3        3.07    (100 50) (150 100)
      M3        2.99    (125 50) (175 100)
      M3        2.99    (150 50) (200 100)
      M3        3.05    (166 50) (216 100)
      M3        3.04    (0 75) (50 125)
      M3        3.04    (25 75) (75 125)
      M3        3.04    (50 75) (100 125)
      M3        3.07    (75 75) (125 125)
      M3        3.07    (100 75) (150 125)
      M3        2.99    (125 75) (175 125)
      M3        2.99    (150 75) (200 125)
      M3        3.05    (166 75) (216 125)
      M3        3.04    (0 100) (50 150)
      M3        3.04    (25 100) (75 150)
      M3        3.04    (50 100) (100 150)
      M3        3.07    (75 100) (125 150)
      M3        3.07    (100 100) (150 150)
      M3        2.99    (125 100) (175 150)
      M3        2.99    (150 100) (200 150)
      M3        3.05    (166 100) (216 150)
      M3        3.04    (0 125) (50 175)
      M3        3.04    (25 125) (75 175)
      M3        3.04    (50 125) (100 175)
      M3        3.07    (75 125) (125 175)
      M3        3.07    (100 125) (150 175)
      M3        2.99    (125 125) (175 175)
      M3        2.99    (150 125) (200 175)
      M3        3.05    (166 125) (216 175)
      M3        3.04    (0 132.016) (50 182.016)
      M3        3.06    (25 132.016) (75 182.016)
      M3        3.08    (50 132.016) (100 182.016)
      M3        3.08    (75 132.016) (125 182.016)
      M3        3.07    (100 132.016) (150 182.016)
      M3        2.99    (125 132.016) (175 182.016)
      M3        2.99    (150 132.016) (200 182.016)
      M3        3.05    (166 132.016) (216 182.016)

      M2        9.22    (0 0) (50 50)
      M2       10.13    (25 0) (75 50)
      M2       10.13    (50 0) (100 50)
      M2       10.13    (75 0) (125 50)
      M2       10.13    (100 0) (150 50)
      M2       10.13    (125 0) (175 50)
      M2       10.13    (150 0) (200 50)
      M2        9.23    (166 0) (216 50)
      M2       10.16    (0 25) (50 75)
      M2       11.16    (25 25) (75 75)
      M2       11.16    (50 25) (100 75)
      M2       11.16    (75 25) (125 75)
      M2       11.16    (100 25) (150 75)
      M2       11.16    (125 25) (175 75)
      M2       11.16    (150 25) (200 75)
      M2       10.17    (166 25) (216 75)
      M2       10.16    (0 50) (50 100)
      M2       11.16    (25 50) (75 100)
      M2       11.16    (50 50) (100 100)
      M2       11.16    (75 50) (125 100)
      M2       11.16    (100 50) (150 100)
      M2       11.16    (125 50) (175 100)
      M2       11.16    (150 50) (200 100)
      M2       10.16    (166 50) (216 100)
      M2       10.11    (0 75) (50 125)
      M2       11.11    (25 75) (75 125)
      M2       11.11    (50 75) (100 125)
      M2       11.11    (75 75) (125 125)
      M2       11.11    (100 75) (150 125)
      M2       11.11    (125 75) (175 125)
      M2       11.11    (150 75) (200 125)
      M2       10.12    (166 75) (216 125)
      M2       10.16    (0 100) (50 150)
      M2       11.16    (25 100) (75 150)
      M2       11.16    (50 100) (100 150)
      M2       11.16    (75 100) (125 150)
      M2       11.16    (100 100) (150 150)
      M2       11.16    (125 100) (175 150)
      M2       11.16    (150 100) (200 150)
      M2       10.17    (166 100) (216 150)
      M2       10.08    (0 125) (50 175)
      M2       11.08    (25 125) (75 175)
      M2       11.08    (50 125) (100 175)
      M2       11.08    (75 125) (125 175)
      M2       11.08    (100 125) (150 175)
      M2       11.08    (125 125) (175 175)
      M2       11.08    (150 125) (200 175)
      M2       10.09    (166 125) (216 175)
      M2        9.22    (0 132.016) (50 182.016)
      M2       10.16    (25 132.016) (75 182.016)
      M2       10.22    (50 132.016) (100 182.016)
      M2       10.20    (75 132.016) (125 182.016)
      M2       10.14    (100 132.016) (150 182.016)
      M2       10.13    (125 132.016) (175 182.016)
      M2       10.13    (150 132.016) (200 182.016)
      M2        9.23    (166 132.016) (216 182.016)

      M1       13.02    (0 0) (50 50)
      M1       14.28    (25 0) (75 50)
      M1       14.28    (50 0) (100 50)
      M1       14.28    (75 0) (125 50)
      M1       14.28    (100 0) (150 50)
      M1       14.28    (125 0) (175 50)
      M1       14.28    (150 0) (200 50)
      M1       13.02    (166 0) (216 50)
      M1       14.33    (0 25) (50 75)
      M1       15.73    (25 25) (75 75)
      M1       15.73    (50 25) (100 75)
      M1       15.73    (75 25) (125 75)
      M1       15.73    (100 25) (150 75)
      M1       15.73    (125 25) (175 75)
      M1       15.73    (150 25) (200 75)
      M1       14.33    (166 25) (216 75)
      M1       14.33    (0 50) (50 100)
      M1       15.73    (25 50) (75 100)
      M1       15.73    (50 50) (100 100)
      M1       15.73    (75 50) (125 100)
      M1       15.73    (100 50) (150 100)
      M1       15.73    (125 50) (175 100)
      M1       15.73    (150 50) (200 100)
      M1       14.33    (166 50) (216 100)
      M1       14.27    (0 75) (50 125)
      M1       15.65    (25 75) (75 125)
      M1       15.65    (50 75) (100 125)
      M1       15.65    (75 75) (125 125)
      M1       15.65    (100 75) (150 125)
      M1       15.65    (125 75) (175 125)
      M1       15.65    (150 75) (200 125)
      M1       14.27    (166 75) (216 125)
      M1       14.33    (0 100) (50 150)
      M1       15.73    (25 100) (75 150)
      M1       15.73    (50 100) (100 150)
      M1       15.73    (75 100) (125 150)
      M1       15.73    (100 100) (150 150)
      M1       15.73    (125 100) (175 150)
      M1       15.73    (150 100) (200 150)
      M1       14.33    (166 100) (216 150)
      M1       14.24    (0 125) (50 175)
      M1       15.62    (25 125) (75 175)
      M1       15.62    (50 125) (100 175)
      M1       15.62    (75 125) (125 175)
      M1       15.62    (100 125) (150 175)
      M1       15.62    (125 125) (175 175)
      M1       15.62    (150 125) (200 175)
      M1       14.24    (166 125) (216 175)
      M1       13.02    (0 132.016) (50 182.016)
      M1       14.33    (25 132.016) (75 182.016)
      M1       14.40    (50 132.016) (100 182.016)
      M1       14.35    (75 132.016) (125 182.016)
      M1       14.28    (100 132.016) (150 182.016)
      M1       14.28    (125 132.016) (175 182.016)
      M1       14.28    (150 132.016) (200 182.016)
      M1       13.02    (166 132.016) (216 182.016)


A total of 422 density violation(s).
Windows < Min. Density = 422
Windows > Max. Density = 0
Windows < Min. Union. Density = 0
Windows > Max. Union. Density = 0
